<?xml version="1.0" encoding="UTF-8"?>
<testsuite name="uk.gov.justice.digital.hmpps.makerecalldecisionapi.integration.controller.PersonDetailsControllerTest" tests="2" skipped="0" failures="0" errors="0" timestamp="2022-05-12T13:56:09" hostname="Loki-7281" time="0.365">
  <properties/>
  <testcase name="access denied when insufficient privileges used()" classname="uk.gov.justice.digital.hmpps.makerecalldecisionapi.integration.controller.PersonDetailsControllerTest" time="0.092"/>
  <testcase name="retrieves person details()" classname="uk.gov.justice.digital.hmpps.makerecalldecisionapi.integration.controller.PersonDetailsControllerTest" time="0.272"/>
  <system-out><![CDATA[2022-05-12 14:56:09.346  INFO 5981 --- [ver-EventLog328] org.mockserver.log.MockServerEventLog    : 8092 started on port: 8092 |  
2022-05-12 14:56:09.352  INFO 5981 --- [ver-EventLog331] org.mockserver.log.MockServerEventLog    : 8093 started on port: 8093 |  
2022-05-12 14:56:09.360  INFO 5981 --- [ver-EventLog334] org.mockserver.log.MockServerEventLog    : 8094 started on port: 8094 |  
2022-05-12 14:56:09.365  INFO 5981 --- [    Test worker] .b.t.c.SpringBootTestContextBootstrapper : Neither @ContextConfiguration nor @ContextHierarchy found for test class [uk.gov.justice.digital.hmpps.makerecalldecisionapi.integration.controller.PersonDetailsControllerTest], using SpringBootContextLoader |  
2022-05-12 14:56:09.365  INFO 5981 --- [ver-EventLog337] org.mockserver.log.MockServerEventLog    : 9090 started on port: 9090 |  
2022-05-12 14:56:09.366  INFO 5981 --- [    Test worker] o.s.t.c.support.AbstractContextLoader    : Could not detect default resource locations for test class [uk.gov.justice.digital.hmpps.makerecalldecisionapi.integration.controller.PersonDetailsControllerTest]: no resource found for suffixes {-context.xml, Context.groovy}. |  
2022-05-12 14:56:09.366  INFO 5981 --- [    Test worker] t.c.s.AnnotationConfigContextLoaderUtils : Could not detect default configuration classes for test class [uk.gov.justice.digital.hmpps.makerecalldecisionapi.integration.controller.PersonDetailsControllerTest]: PersonDetailsControllerTest does not declare any static, non-private, non-final, nested classes annotated with @Configuration. |  
2022-05-12 14:56:09.370  INFO 5981 --- [    Test worker] .b.t.c.SpringBootTestContextBootstrapper : Found @SpringBootConfiguration uk.gov.justice.digital.hmpps.makerecalldecisionapi.MakeRecallDecisionApi for test class uk.gov.justice.digital.hmpps.makerecalldecisionapi.integration.controller.PersonDetailsControllerTest |  
2022-05-12 14:56:09.373  INFO 5981 --- [    Test worker] .b.t.c.SpringBootTestContextBootstrapper : Loaded default TestExecutionListener class names from location [META-INF/spring.factories]: [org.springframework.boot.test.autoconfigure.restdocs.RestDocsTestExecutionListener, org.springframework.boot.test.autoconfigure.web.client.MockRestServiceServerResetTestExecutionListener, org.springframework.boot.test.autoconfigure.web.servlet.MockMvcPrintOnlyOnFailureTestExecutionListener, org.springframework.boot.test.autoconfigure.web.servlet.WebDriverTestExecutionListener, org.springframework.boot.test.autoconfigure.webservices.client.MockWebServiceServerTestExecutionListener, org.springframework.boot.test.mock.mockito.MockitoTestExecutionListener, org.springframework.boot.test.mock.mockito.ResetMocksTestExecutionListener, org.springframework.test.context.web.ServletTestExecutionListener, org.springframework.test.context.support.DirtiesContextBeforeModesTestExecutionListener, org.springframework.test.context.event.ApplicationEventsTestExecutionListener, org.springframework.test.context.support.DependencyInjectionTestExecutionListener, org.springframework.test.context.support.DirtiesContextTestExecutionListener, org.springframework.test.context.transaction.TransactionalTestExecutionListener, org.springframework.test.context.jdbc.SqlScriptsTestExecutionListener, org.springframework.test.context.event.EventPublishingTestExecutionListener] |  
2022-05-12 14:56:09.373  INFO 5981 --- [    Test worker] .b.t.c.SpringBootTestContextBootstrapper : Using TestExecutionListeners: [org.springframework.test.context.web.ServletTestExecutionListener@5345b68c, org.springframework.test.context.support.DirtiesContextBeforeModesTestExecutionListener@4998944b, org.springframework.test.context.event.ApplicationEventsTestExecutionListener@39ebf505, org.springframework.boot.test.mock.mockito.MockitoTestExecutionListener@217c7135, org.springframework.boot.test.autoconfigure.SpringBootDependencyInjectionTestExecutionListener@5f735240, org.springframework.test.context.support.DirtiesContextTestExecutionListener@52c4bf29, org.springframework.test.context.transaction.TransactionalTestExecutionListener@34612ba9, org.springframework.test.context.jdbc.SqlScriptsTestExecutionListener@765611c9, org.springframework.test.context.event.EventPublishingTestExecutionListener@33f2ac11, org.springframework.boot.test.autoconfigure.restdocs.RestDocsTestExecutionListener@44b860b1, org.springframework.boot.test.autoconfigure.web.client.MockRestServiceServerResetTestExecutionListener@793937ec, org.springframework.boot.test.autoconfigure.web.servlet.MockMvcPrintOnlyOnFailureTestExecutionListener@3f27a95b, org.springframework.boot.test.autoconfigure.web.servlet.WebDriverTestExecutionListener@1913188a, org.springframework.boot.test.autoconfigure.webservices.client.MockWebServiceServerTestExecutionListener@1e295ef1, org.springframework.boot.test.mock.mockito.ResetMocksTestExecutionListener@2e9f8c8f] |  
2022-05-12 14:56:09.385  INFO 5981 --- [ver-EventLog328] org.mockserver.log.MockServerEventLog    : 8092 resetting all expectations and request logs |  
2022-05-12 14:56:09.394  INFO 5981 --- [ver-EventLog331] org.mockserver.log.MockServerEventLog    : 8093 resetting all expectations and request logs |  
2022-05-12 14:56:09.401  INFO 5981 --- [ver-EventLog334] org.mockserver.log.MockServerEventLog    : 8094 resetting all expectations and request logs |  
2022-05-12 14:56:09.410  INFO 5981 --- [ver-EventLog337] org.mockserver.log.MockServerEventLog    : 9090 creating expectation:

  {
    "httpRequest" : {
      "path" : "/auth/oauth/token"
    },
    "httpResponse" : {
      "headers" : {
        "content-type" : [ "application/json" ]
      },
      "body" : "{\"access_token\":\"ABCDE\",\"token_type\":\"bearer\"}"
    },
    "id" : "9ccffe14-450c-432f-b0e1-547d33825562",
    "priority" : 0,
    "timeToLive" : {
      "unlimited" : true
    },
    "times" : {
      "unlimited" : true
    }
  }

 with id:

  9ccffe14-450c-432f-b0e1-547d33825562
 |  
2022-05-12 14:56:09.420  INFO 5981 --- [ver-EventLog337] org.mockserver.log.MockServerEventLog    : 9090 creating expectation:

  {
    "httpRequest" : {
      "path" : "/auth/health/ping"
    },
    "httpResponse" : {
      "headers" : {
        "content-type" : [ "application/json" ]
      },
      "body" : "{\"status\":\"OK\"}"
    },
    "id" : "9f468465-9820-4ce2-b1eb-5fe79e24176a",
    "priority" : 0,
    "timeToLive" : {
      "unlimited" : true
    },
    "times" : {
      "unlimited" : true
    }
  }

 with id:

  9f468465-9820-4ce2-b1eb-5fe79e24176a
 |  
2022-05-12 14:56:09.429  INFO 5981 --- [ver-EventLog328] org.mockserver.log.MockServerEventLog    : 8092 creating expectation:

  {
    "httpRequest" : {
      "path" : "/ping"
    },
    "httpResponse" : {
      "headers" : {
        "content-type" : [ "application/json" ]
      },
      "body" : "{\"status\":\"OK\"}"
    },
    "id" : "f117686c-a68f-467a-a46a-43854076d921",
    "priority" : 0,
    "timeToLive" : {
      "unlimited" : true
    },
    "times" : {
      "unlimited" : true
    }
  }

 with id:

  f117686c-a68f-467a-a46a-43854076d921
 |  
2022-05-12 14:56:09.437  INFO 5981 --- [ver-EventLog331] org.mockserver.log.MockServerEventLog    : 8093 creating expectation:

  {
    "httpRequest" : {
      "path" : "/health/ping"
    },
    "httpResponse" : {
      "headers" : {
        "content-type" : [ "application/json" ]
      },
      "body" : "{\"status\":\"OK\"}"
    },
    "id" : "80479527-faf6-4022-a430-d9b2d953d6a2",
    "priority" : 0,
    "timeToLive" : {
      "unlimited" : true
    },
    "times" : {
      "unlimited" : true
    }
  }

 with id:

  80479527-faf6-4022-a430-d9b2d953d6a2
 |  
2022-05-12 14:56:09.446  INFO 5981 --- [ver-EventLog334] org.mockserver.log.MockServerEventLog    : 8094 creating expectation:

  {
    "httpRequest" : {
      "path" : "/health"
    },
    "httpResponse" : {
      "headers" : {
        "content-type" : [ "application/json" ]
      },
      "body" : "{\"status\":\"up\"}"
    },
    "id" : "e428f92e-fed3-4b5d-a5e4-68c65cfae7ac",
    "priority" : 0,
    "timeToLive" : {
      "unlimited" : true
    },
    "times" : {
      "unlimited" : true
    }
  }

 with id:

  e428f92e-fed3-4b5d-a5e4-68c65cfae7ac
 |  
2022-05-12 14:56:09.457  INFO 5981 --- [ver-EventLog331] org.mockserver.log.MockServerEventLog    : 8093 creating expectation:

  {
    "httpRequest" : {
      "path" : "/phrase",
      "queryStringParameters" : {
        "paged" : [ "false" ]
      }
    },
    "httpResponse" : {
      "headers" : {
        "content-type" : [ "application/json" ]
      },
      "body" : "{\n  \"content\": [\n    {\n      \"firstName\": \"Pontius\",\n      \"surname\": \"Pilate\",\n      \"dateOfBirth\": \"2000-11-09\"\n    }\n  ]\n}"
    },
    "id" : "c604e73d-06de-4e9a-b123-b46f88ebf2a0",
    "priority" : 0,
    "timeToLive" : {
      "unlimited" : true
    },
    "times" : {
      "remainingTimes" : 1
    }
  }

 with id:

  c604e73d-06de-4e9a-b123-b46f88ebf2a0
 |  
2022-05-12 14:56:09.480  INFO 5981 --- [ver-EventLog328] org.mockserver.log.MockServerEventLog    : 8092 removed expectation:

  {
    "httpRequest" : {
      "path" : "/ping"
    },
    "httpResponse" : {
      "headers" : {
        "content-type" : [ "application/json" ]
      },
      "body" : "{\"status\":\"OK\"}"
    },
    "id" : "f117686c-a68f-467a-a46a-43854076d921",
    "priority" : 0,
    "timeToLive" : {
      "unlimited" : true
    },
    "times" : {
      "unlimited" : true
    }
  }

 with id:

  f117686c-a68f-467a-a46a-43854076d921
 |  
2022-05-12 14:56:09.481  INFO 5981 --- [ver-EventLog328] org.mockserver.log.MockServerEventLog    : 8092 resetting all expectations and request logs |  
2022-05-12 14:56:09.487  INFO 5981 --- [ver-EventLog331] org.mockserver.log.MockServerEventLog    : 8093 removed expectation:

  {
    "httpRequest" : {
      "path" : "/health/ping"
    },
    "httpResponse" : {
      "headers" : {
        "content-type" : [ "application/json" ]
      },
      "body" : "{\"status\":\"OK\"}"
    },
    "id" : "80479527-faf6-4022-a430-d9b2d953d6a2",
    "priority" : 0,
    "timeToLive" : {
      "unlimited" : true
    },
    "times" : {
      "unlimited" : true
    }
  }

 with id:

  80479527-faf6-4022-a430-d9b2d953d6a2
 |  
2022-05-12 14:56:09.487  INFO 5981 --- [ver-EventLog331] org.mockserver.log.MockServerEventLog    : 8093 removed expectation:

  {
    "httpRequest" : {
      "path" : "/phrase",
      "queryStringParameters" : {
        "paged" : [ "false" ]
      }
    },
    "httpResponse" : {
      "headers" : {
        "content-type" : [ "application/json" ]
      },
      "body" : "{\n  \"content\": [\n    {\n      \"firstName\": \"Pontius\",\n      \"surname\": \"Pilate\",\n      \"dateOfBirth\": \"2000-11-09\"\n    }\n  ]\n}"
    },
    "id" : "c604e73d-06de-4e9a-b123-b46f88ebf2a0",
    "priority" : 0,
    "timeToLive" : {
      "unlimited" : true
    },
    "times" : {
      "remainingTimes" : 1
    }
  }

 with id:

  c604e73d-06de-4e9a-b123-b46f88ebf2a0
 |  
2022-05-12 14:56:09.488  INFO 5981 --- [ver-EventLog331] org.mockserver.log.MockServerEventLog    : 8093 resetting all expectations and request logs |  
2022-05-12 14:56:09.494  INFO 5981 --- [ver-EventLog334] org.mockserver.log.MockServerEventLog    : 8094 removed expectation:

  {
    "httpRequest" : {
      "path" : "/health"
    },
    "httpResponse" : {
      "headers" : {
        "content-type" : [ "application/json" ]
      },
      "body" : "{\"status\":\"up\"}"
    },
    "id" : "e428f92e-fed3-4b5d-a5e4-68c65cfae7ac",
    "priority" : 0,
    "timeToLive" : {
      "unlimited" : true
    },
    "times" : {
      "unlimited" : true
    }
  }

 with id:

  e428f92e-fed3-4b5d-a5e4-68c65cfae7ac
 |  
2022-05-12 14:56:09.495  INFO 5981 --- [ver-EventLog334] org.mockserver.log.MockServerEventLog    : 8094 resetting all expectations and request logs |  
2022-05-12 14:56:09.516  INFO 5981 --- [ver-EventLog337] org.mockserver.log.MockServerEventLog    : 9090 creating expectation:

  {
    "httpRequest" : {
      "path" : "/auth/oauth/token"
    },
    "httpResponse" : {
      "headers" : {
        "content-type" : [ "application/json" ]
      },
      "body" : "{\"access_token\":\"ABCDE\",\"token_type\":\"bearer\"}"
    },
    "id" : "a94305c5-a130-4e6d-a42b-e6518821cf65",
    "priority" : 0,
    "timeToLive" : {
      "unlimited" : true
    },
    "times" : {
      "unlimited" : true
    }
  }

 with id:

  a94305c5-a130-4e6d-a42b-e6518821cf65
 |  
2022-05-12 14:56:09.523  INFO 5981 --- [ver-EventLog337] org.mockserver.log.MockServerEventLog    : 9090 creating expectation:

  {
    "httpRequest" : {
      "path" : "/auth/health/ping"
    },
    "httpResponse" : {
      "headers" : {
        "content-type" : [ "application/json" ]
      },
      "body" : "{\"status\":\"OK\"}"
    },
    "id" : "6f272090-e8dc-4d77-b000-e6b1ec16aaf4",
    "priority" : 0,
    "timeToLive" : {
      "unlimited" : true
    },
    "times" : {
      "unlimited" : true
    }
  }

 with id:

  6f272090-e8dc-4d77-b000-e6b1ec16aaf4
 |  
2022-05-12 14:56:09.532  INFO 5981 --- [ver-EventLog328] org.mockserver.log.MockServerEventLog    : 8092 creating expectation:

  {
    "httpRequest" : {
      "path" : "/ping"
    },
    "httpResponse" : {
      "headers" : {
        "content-type" : [ "application/json" ]
      },
      "body" : "{\"status\":\"OK\"}"
    },
    "id" : "449b2848-8bd7-4ba1-b4ab-29d0416a203f",
    "priority" : 0,
    "timeToLive" : {
      "unlimited" : true
    },
    "times" : {
      "unlimited" : true
    }
  }

 with id:

  449b2848-8bd7-4ba1-b4ab-29d0416a203f
 |  
2022-05-12 14:56:09.555  INFO 5981 --- [ver-EventLog331] org.mockserver.log.MockServerEventLog    : 8093 creating expectation:

  {
    "httpRequest" : {
      "path" : "/health/ping"
    },
    "httpResponse" : {
      "headers" : {
        "content-type" : [ "application/json" ]
      },
      "body" : "{\"status\":\"OK\"}"
    },
    "id" : "f7d9be1c-d947-4524-9c3b-2657a98eac7e",
    "priority" : 0,
    "timeToLive" : {
      "unlimited" : true
    },
    "times" : {
      "unlimited" : true
    }
  }

 with id:

  f7d9be1c-d947-4524-9c3b-2657a98eac7e
 |  
2022-05-12 14:56:09.563  INFO 5981 --- [ver-EventLog334] org.mockserver.log.MockServerEventLog    : 8094 creating expectation:

  {
    "httpRequest" : {
      "path" : "/health"
    },
    "httpResponse" : {
      "headers" : {
        "content-type" : [ "application/json" ]
      },
      "body" : "{\"status\":\"up\"}"
    },
    "id" : "1711e3e0-3120-4da7-925b-60d321676209",
    "priority" : 0,
    "timeToLive" : {
      "unlimited" : true
    },
    "times" : {
      "unlimited" : true
    }
  }

 with id:

  1711e3e0-3120-4da7-925b-60d321676209
 |  
2022-05-12 14:56:09.578  INFO 5981 --- [ver-EventLog328] org.mockserver.log.MockServerEventLog    : 8092 creating expectation:

  {
    "httpRequest" : {
      "path" : "/secure/offenders/crn/A12345/all"
    },
    "httpResponse" : {
      "headers" : {
        "content-type" : [ "application/json" ]
      },
      "body" : "{\n  \"activeProbationManagedSentence\": true,\n  \"contactDetails\": {\n    \"addresses\": [\n      {\n        \"addressNumber\": 32,\n        \"buildingName\": \"HMPPS Digital Studio\",\n        \"county\": \"South Yorkshire\",\n        \"createdDatetime\": \"2021-06-11T13:00:00\",\n        \"district\": \"Sheffield City Centre\",\n        \"from\": \"2021-06-10\",\n        \"lastUpdatedDatetime\": \"2021-06-11T14:00:00\",\n        \"latestAssessmentDate\": \"2021-06-11T12:00:00\",\n        \"noFixedAbode\": true,\n        \"notes\": \"Some address notes\",\n        \"postcode\": \"S3 7BS\",\n        \"status\": {\n          \"code\": \"ABC123\",\n          \"description\": \"Main\"\n        },\n        \"streetName\": \"Scotland Street\",\n        \"telephoneNumber\": \"0123456789\",\n        \"to\": \"2021-07-10\",\n        \"town\": \"Sheffield\",\n        \"type\": {\n          \"code\": \"ABC123\",\n          \"description\": \"Some description\"\n        },\n        \"typeVerified\": true\n      },\n      {\n        \"addressNumber\": 33,\n        \"buildingName\": \"HMPPS Digital Studio\",\n        \"county\": \"South Yorkshire\",\n        \"createdDatetime\": \"2021-06-11T13:00:00\",\n        \"district\": \"Sheffield City Centre\",\n        \"from\": \"2020-06-10\",\n        \"lastUpdatedDatetime\": \"2021-06-11T14:00:00\",\n        \"latestAssessmentDate\": \"2021-06-11T12:00:00\",\n        \"noFixedAbode\": true,\n        \"notes\": \"Some address notes\",\n        \"postcode\": \"S3 7BS\",\n        \"status\": {\n          \"code\": \"ABC123\",\n          \"description\": \"Not Main\"\n        },\n        \"streetName\": \"Scotland Street\",\n        \"telephoneNumber\": \"0123456789\",\n        \"to\": \"2020-07-10\",\n        \"town\": \"Sheffield\",\n        \"type\": {\n          \"code\": \"ABC123\",\n          \"description\": \"Some description\"\n        },\n        \"typeVerified\": true\n      }\n    ],\n    \"allowSMS\": true,\n    \"emailAddresses\": [\n      \"string\"\n    ],\n    \"phoneNumbers\": [\n      {\n        \"number\": \"string\",\n        \"type\": \"MOBILE\"\n      }\n    ]\n  },\n  \"currentDisposal\": 1,\n  \"currentExclusion\": true,\n  \"currentRestriction\": true,\n  \"currentTier\": \"D2\",\n  \"dateOfBirth\": \"1982-10-24\",\n  \"exclusionMessage\": \"string\",\n  \"firstName\": \"John\",\n  \"gender\": \"Male\",\n  \"middleNames\": [\n    \"string\"\n  ],\n  \"offenderAliases\": [\n    {\n      \"dateOfBirth\": \"2022-04-26\",\n      \"firstName\": \"string\",\n      \"gender\": \"string\",\n      \"id\": \"string\",\n      \"middleNames\": [\n        \"string\"\n      ],\n      \"surname\": \"string\"\n    }\n  ],\n  \"offenderId\": 0,\n  \"offenderManagers\": [\n    {\n      \"active\": true,\n      \"allocationReason\": {\n        \"code\": \"ABC123\",\n        \"description\": \"Some description\"\n      },\n      \"fromDate\": \"2022-04-26\",\n      \"partitionArea\": \"string\",\n      \"probationArea\": {\n        \"code\": \"N01\",\n        \"description\": \"NPS North West\",\n        \"institution\": {\n          \"code\": \"string\",\n          \"description\": \"string\",\n          \"establishmentType\": {\n            \"code\": \"ABC123\",\n            \"description\": \"Some description\"\n          },\n          \"institutionId\": 0,\n          \"institutionName\": \"string\",\n          \"isEstablishment\": true,\n          \"isPrivate\": true,\n          \"nomsPrisonInstitutionCode\": \"string\"\n        },\n        \"nps\": true,\n        \"organisation\": {\n          \"code\": \"ABC123\",\n          \"description\": \"Some description\"\n        },\n        \"probationAreaId\": 0,\n        \"teams\": [\n          {\n            \"borough\": {\n              \"code\": \"ABC123\",\n              \"description\": \"Some description\"\n            },\n            \"code\": \"string\",\n            \"description\": \"string\",\n            \"district\": {\n              \"code\": \"ABC123\",\n              \"description\": \"Some description\"\n            },\n            \"externalProvider\": {\n              \"code\": \"ABC123\",\n              \"description\": \"Some description\"\n            },\n            \"isPrivate\": true,\n            \"localDeliveryUnit\": {\n              \"code\": \"ABC123\",\n              \"description\": \"Some description\"\n            },\n            \"name\": \"string\",\n            \"providerTeamId\": 0,\n            \"scProvider\": {\n              \"code\": \"ABC123\",\n              \"description\": \"Some description\"\n            },\n            \"teamId\": 0\n          }\n        ]\n      },\n      \"providerEmployee\": {\n        \"forenames\": \"Sheila Linda\",\n        \"surname\": \"Hancock\"\n      },\n      \"softDeleted\": true,\n      \"staff\": {\n        \"code\": \"AN001A\",\n        \"forenames\": \"Sheila Linda\",\n        \"surname\": \"Hancock\",\n        \"unallocated\": true\n      },\n      \"team\": {\n        \"borough\": {\n          \"code\": \"ABC123\",\n          \"description\": \"Some description\"\n        },\n        \"code\": \"C01T04\",\n        \"description\": \"OMU A\",\n        \"district\": {\n          \"code\": \"ABC123\",\n          \"description\": \"Some description\"\n        },\n        \"emailAddress\": \"first.last@digital.justice.gov.uk\",\n        \"endDate\": \"2022-04-26\",\n        \"localDeliveryUnit\": {\n          \"code\": \"ABC123\",\n          \"description\": \"Some description\"\n        },\n        \"startDate\": \"2022-04-26\",\n        \"teamType\": {\n          \"code\": \"ABC123\",\n          \"description\": \"Some description\"\n        },\n        \"telephone\": \"09056714321\"\n      },\n      \"toDate\": \"2022-04-26\",\n      \"trustOfficer\": {\n        \"forenames\": \"Sheila Linda\",\n        \"surname\": \"Hancock\"\n      }\n    },\n    {\n      \"active\": false,\n      \"allocationReason\": {\n        \"code\": \"ABC123\",\n        \"description\": \"Some description\"\n      },\n      \"fromDate\": \"2022-04-26\",\n      \"partitionArea\": \"string\",\n      \"probationArea\": {\n        \"code\": \"N01\",\n        \"description\": \"NPS North West\",\n        \"institution\": {\n          \"code\": \"string\",\n          \"description\": \"string\",\n          \"establishmentType\": {\n            \"code\": \"ABC123\",\n            \"description\": \"Some description\"\n          },\n          \"institutionId\": 0,\n          \"institutionName\": \"string\",\n          \"isEstablishment\": true,\n          \"isPrivate\": true,\n          \"nomsPrisonInstitutionCode\": \"string\"\n        },\n        \"nps\": true,\n        \"organisation\": {\n          \"code\": \"ABC123\",\n          \"description\": \"Some description\"\n        },\n        \"probationAreaId\": 0,\n        \"teams\": [\n          {\n            \"borough\": {\n              \"code\": \"ABC123\",\n              \"description\": \"Some description\"\n            },\n            \"code\": \"string\",\n            \"description\": \"string\",\n            \"district\": {\n              \"code\": \"ABC123\",\n              \"description\": \"Some description\"\n            },\n            \"externalProvider\": {\n              \"code\": \"ABC123\",\n              \"description\": \"Some description\"\n            },\n            \"isPrivate\": true,\n            \"localDeliveryUnit\": {\n              \"code\": \"ABC123\",\n              \"description\": \"Some description\"\n            },\n            \"name\": \"string\",\n            \"providerTeamId\": 0,\n            \"scProvider\": {\n              \"code\": \"ABC123\",\n              \"description\": \"Some description\"\n            },\n            \"teamId\": 0\n          }\n        ]\n      },\n      \"providerEmployee\": {\n        \"forenames\": \"Sheila Linda\",\n        \"surname\": \"Hancock\"\n      },\n      \"softDeleted\": true,\n      \"staff\": {\n        \"code\": \"AN001A\",\n        \"forenames\": \"Sheila Linda\",\n        \"surname\": \"Hancock\",\n        \"unallocated\": true\n      },\n      \"team\": {\n        \"borough\": {\n          \"code\": \"ABC123\",\n          \"description\": \"Some description\"\n        },\n        \"code\": \"C01T04\",\n        \"description\": \"OMU A\",\n        \"district\": {\n          \"code\": \"ABC123\",\n          \"description\": \"Some description\"\n        },\n        \"emailAddress\": \"dua.lipa@digital.justice.gov.uk\",\n        \"endDate\": \"2022-04-26\",\n        \"localDeliveryUnit\": {\n          \"code\": \"ABC123\",\n          \"description\": \"Some description\"\n        },\n        \"startDate\": \"2022-04-26\",\n        \"teamType\": {\n          \"code\": \"ABC123\",\n          \"description\": \"Some description\"\n        },\n        \"telephone\": \"123\"\n      },\n      \"toDate\": \"2022-04-26\",\n      \"trustOfficer\": {\n        \"forenames\": \"Dua\",\n        \"surname\": \"Lipa\"\n      }\n    }\n  ],\n  \"offenderProfile\": {\n    \"disabilities\": [\n      {\n        \"disabilityId\": 0,\n        \"disabilityType\": {\n          \"code\": \"ABC123\",\n          \"description\": \"Some description\"\n        },\n        \"endDate\": \"2022-04-26\",\n        \"isActive\": true,\n        \"lastUpdatedDateTime\": \"2020-09-20T11:00:00+01:00\",\n        \"notes\": \"string\",\n        \"provisions\": [\n          {\n            \"finishDate\": \"2022-04-26\",\n            \"notes\": \"string\",\n            \"provisionId\": 0,\n            \"provisionType\": {\n              \"code\": \"ABC123\",\n              \"description\": \"Some description\"\n            },\n            \"startDate\": \"2022-04-26\"\n          }\n        ],\n        \"startDate\": \"2022-04-26\"\n      }\n    ],\n    \"ethnicity\": \"string\",\n    \"genderIdentity\": \"Prefer to self-describe\",\n    \"immigrationStatus\": \"string\",\n    \"nationality\": \"string\",\n    \"notes\": \"string\",\n    \"offenderDetails\": \"string\",\n    \"offenderLanguages\": {\n      \"languageConcerns\": \"string\",\n      \"otherLanguages\": [\n        \"string\"\n      ],\n      \"primaryLanguage\": \"string\",\n      \"requiresInterpreter\": true\n    },\n    \"previousConviction\": {\n      \"convictionDate\": \"2022-04-26\",\n      \"detail\": {\n        \"additionalProp1\": \"string\",\n        \"additionalProp2\": \"string\",\n        \"additionalProp3\": \"string\"\n      }\n    },\n    \"religion\": \"string\",\n    \"remandStatus\": \"string\",\n    \"riskColour\": \"string\",\n    \"secondaryNationality\": \"string\",\n    \"selfDescribedGender\": \"Jedi\",\n    \"sexualOrientation\": \"string\"\n  },\n  \"otherIds\": {\n    \"crn\": \"12345C\",\n    \"croNumber\": \"123456/04A\",\n    \"immigrationNumber\": \"A1234567\",\n    \"mostRecentPrisonerNumber\": \"G12345\",\n    \"niNumber\": \"AA112233B\",\n    \"nomsNumber\": \"A1234CR\",\n    \"pncNumber\": \"2004/0712343H\"\n  },\n  \"partitionArea\": \"National Data\",\n  \"preferredName\": \"Bob\",\n  \"previousSurname\": \"Davis\",\n  \"restrictionMessage\": \"string\",\n  \"softDeleted\": true,\n  \"surname\": \"Smith\",\n  \"title\": \"Mr\"\n}"
    },
    "id" : "8eac8ed7-25b1-491f-a315-995604d4e297",
    "priority" : 0,
    "timeToLive" : {
      "unlimited" : true
    },
    "times" : {
      "remainingTimes" : 1
    }
  }

 with id:

  8eac8ed7-25b1-491f-a315-995604d4e297
 |  
2022-05-12 14:56:09.588  INFO 5981 --- [ver-EventLog328] org.mockserver.log.MockServerEventLog    : 8092 creating expectation:

  {
    "httpRequest" : {
      "path" : "/secure/offenders/crn/A12345/registrations"
    },
    "httpResponse" : {
      "headers" : {
        "content-type" : [ "application/json" ]
      },
      "body" : "{\n  \"registrations\": [\n    {\n      \"active\": true,\n      \"deregisteringNotes\": \"string\",\n      \"deregisteringOfficer\": {\n        \"code\": \"AN001A\",\n        \"forenames\": \"Sheila Linda\",\n        \"surname\": \"Hancock\",\n        \"unallocated\": true\n      },\n      \"deregisteringProbationArea\": {\n        \"code\": \"ABC123\",\n        \"description\": \"Some description\"\n      },\n      \"deregisteringTeam\": {\n        \"code\": \"ABC123\",\n        \"description\": \"Some description\"\n      },\n      \"endDate\": \"2021-01-30\",\n      \"nextReviewDate\": \"2021-01-30\",\n      \"notes\": \"string\",\n      \"numberOfPreviousDeregistrations\": 0,\n      \"offenderId\": 2500343964,\n      \"register\": {\n        \"code\": \"ABC123\",\n        \"description\": \"Some description\"\n      },\n      \"registerCategory\": {\n        \"code\": \"ABC123\",\n        \"description\": \"Some description\"\n      },\n      \"registerLevel\": {\n        \"code\": \"ABC123\",\n        \"description\": \"Some description\"\n      },\n      \"registeringOfficer\": {\n        \"code\": \"AN001A\",\n        \"forenames\": \"Sheila Linda\",\n        \"surname\": \"Hancock\",\n        \"unallocated\": true\n      },\n      \"registeringProbationArea\": {\n        \"code\": \"ABC123\",\n        \"description\": \"Some description\"\n      },\n      \"registeringTeam\": {\n        \"code\": \"ABC123\",\n        \"description\": \"Some description\"\n      },\n      \"registrationId\": 2500064995,\n      \"registrationReviews\": [\n        {\n          \"completed\": true,\n          \"notes\": \"string\",\n          \"reviewDate\": \"2022-05-09\",\n          \"reviewDateDue\": \"2022-05-09\",\n          \"reviewingOfficer\": {\n            \"code\": \"AN001A\",\n            \"forenames\": \"Sheila Linda\",\n            \"surname\": \"Hancock\",\n            \"unallocated\": true\n          },\n          \"reviewingTeam\": {\n            \"code\": \"ABC123\",\n            \"description\": \"Some description\"\n          }\n        }\n      ],\n      \"reviewPeriodMonths\": 6,\n      \"riskColour\": \"Amber\",\n      \"startDate\": \"2021-01-30\",\n      \"type\": {\n        \"code\": \"ABC123\",\n        \"description\": \"Victim contact\"\n      },\n      \"warnUser\": true\n    },\n     {\n      \"active\": false,\n      \"deregisteringNotes\": \"string\",\n      \"deregisteringOfficer\": {\n        \"code\": \"AN001A\",\n        \"forenames\": \"Sheila Linda\",\n        \"surname\": \"Hancock\",\n        \"unallocated\": true\n      },\n      \"deregisteringProbationArea\": {\n        \"code\": \"ABC123\",\n        \"description\": \"Some description\"\n      },\n      \"deregisteringTeam\": {\n        \"code\": \"ABC123\",\n        \"description\": \"Some description\"\n      },\n      \"endDate\": \"2021-01-30\",\n      \"nextReviewDate\": \"2021-01-30\",\n      \"notes\": \"string\",\n      \"numberOfPreviousDeregistrations\": 0,\n      \"offenderId\": 2500343964,\n      \"register\": {\n        \"code\": \"ABC123\",\n        \"description\": \"Some description\"\n      },\n      \"registerCategory\": {\n        \"code\": \"ABC123\",\n        \"description\": \"Some description\"\n      },\n      \"registerLevel\": {\n        \"code\": \"ABC123\",\n        \"description\": \"Some description\"\n      },\n      \"registeringOfficer\": {\n        \"code\": \"AN001A\",\n        \"forenames\": \"Sheila Linda\",\n        \"surname\": \"Hancock\",\n        \"unallocated\": true\n      },\n      \"registeringProbationArea\": {\n        \"code\": \"ABC123\",\n        \"description\": \"Some description\"\n      },\n      \"registeringTeam\": {\n        \"code\": \"ABC123\",\n        \"description\": \"Some description\"\n      },\n      \"registrationId\": 2500064995,\n      \"registrationReviews\": [\n        {\n          \"completed\": true,\n          \"notes\": \"string\",\n          \"reviewDate\": \"2022-05-09\",\n          \"reviewDateDue\": \"2022-05-09\",\n          \"reviewingOfficer\": {\n            \"code\": \"AN001A\",\n            \"forenames\": \"Sheila Linda\",\n            \"surname\": \"Hancock\",\n            \"unallocated\": true\n          },\n          \"reviewingTeam\": {\n            \"code\": \"ABC123\",\n            \"description\": \"Some description\"\n          }\n        }\n      ],\n      \"reviewPeriodMonths\": 6,\n      \"riskColour\": \"Amber\",\n      \"startDate\": \"2021-01-30\",\n      \"type\": {\n        \"code\": \"ABC124\",\n        \"description\": \"Mental health issues\"\n      },\n      \"warnUser\": true\n    }\n  ]\n}"
    },
    "id" : "388380c2-3c17-4de7-b14c-4968a52204b6",
    "priority" : 0,
    "timeToLive" : {
      "unlimited" : true
    },
    "times" : {
      "remainingTimes" : 1
    }
  }

 with id:

  388380c2-3c17-4de7-b14c-4968a52204b6
 |  
2022-05-12 14:56:09.618  INFO 5981 --- [o-auto-1-exec-8] u.g.j.d.h.m.c.SentryContextAppender      : [preHandle] GET /cases/A12345/personal-details - operationId: 00000000000000000000000000000000 |  
2022-05-12 14:56:09.639  INFO 5981 --- [-8 @coroutine#9] .h.m.c.PersonDetailsController$Companion : Person details endpoint hit for CRN: A12345 |  
2022-05-12 14:56:09.646  INFO 5981 --- [ver-EventLog337] org.mockserver.log.MockServerEventLog    : 9090 received request:

  {
    "method" : "POST",
    "path" : "/auth/oauth/token",
    "headers" : {
      "content-length" : [ "29" ],
      "User-Agent" : [ "Java/17.0.2" ],
      "Host" : [ "localhost:9090" ],
      "Content-Type" : [ "application/x-www-form-urlencoded;charset=UTF-8" ],
      "Connection" : [ "keep-alive" ],
      "Authorization" : [ "Basic bWFrZS1yZWNhbGwtZGVjaXNpb24tYXBpOmNsaWVudHNlY3JldA==" ],
      "Accept" : [ "application/json;charset=UTF-8" ]
    },
    "keepAlive" : true,
    "secure" : false,
    "body" : "grant_type=client_credentials"
  }
 |  
2022-05-12 14:56:09.647  INFO 5981 --- [ver-EventLog337] org.mockserver.log.MockServerEventLog    : 9090 request:

  {
    "method" : "POST",
    "path" : "/auth/oauth/token",
    "headers" : {
      "content-length" : [ "29" ],
      "User-Agent" : [ "Java/17.0.2" ],
      "Host" : [ "localhost:9090" ],
      "Content-Type" : [ "application/x-www-form-urlencoded;charset=UTF-8" ],
      "Connection" : [ "keep-alive" ],
      "Authorization" : [ "Basic bWFrZS1yZWNhbGwtZGVjaXNpb24tYXBpOmNsaWVudHNlY3JldA==" ],
      "Accept" : [ "application/json;charset=UTF-8" ]
    },
    "keepAlive" : true,
    "secure" : false,
    "body" : "grant_type=client_credentials"
  }

 matched expectation:

  {
    "httpRequest" : {
      "path" : "/auth/oauth/token"
    },
    "httpResponse" : {
      "headers" : {
        "content-type" : [ "application/json" ]
      },
      "body" : "{\"access_token\":\"ABCDE\",\"token_type\":\"bearer\"}"
    },
    "id" : "9ccffe14-450c-432f-b0e1-547d33825562",
    "priority" : 0,
    "timeToLive" : {
      "unlimited" : true
    },
    "times" : {
      "unlimited" : true
    }
  }
 |  
2022-05-12 14:56:09.648  INFO 5981 --- [ver-EventLog337] org.mockserver.log.MockServerEventLog    : 9090 returning response:

  {
    "headers" : {
      "content-type" : [ "application/json" ]
    },
    "body" : "{\"access_token\":\"ABCDE\",\"token_type\":\"bearer\"}"
  }

 for request:

  {
    "method" : "POST",
    "path" : "/auth/oauth/token",
    "headers" : {
      "content-length" : [ "29" ],
      "User-Agent" : [ "Java/17.0.2" ],
      "Host" : [ "localhost:9090" ],
      "Content-Type" : [ "application/x-www-form-urlencoded;charset=UTF-8" ],
      "Connection" : [ "keep-alive" ],
      "Authorization" : [ "Basic bWFrZS1yZWNhbGwtZGVjaXNpb24tYXBpOmNsaWVudHNlY3JldA==" ],
      "Accept" : [ "application/json;charset=UTF-8" ]
    },
    "keepAlive" : true,
    "secure" : false,
    "body" : "grant_type=client_credentials"
  }

 for action:

  {
    "headers" : {
      "content-type" : [ "application/json" ]
    },
    "body" : "{\"access_token\":\"ABCDE\",\"token_type\":\"bearer\"}"
  }

 from expectation:

  9ccffe14-450c-432f-b0e1-547d33825562
 |  
2022-05-12 14:56:09.654  INFO 5981 --- [ver-EventLog328] org.mockserver.log.MockServerEventLog    : 8092 received request:

  {
    "method" : "GET",
    "path" : "/secure/offenders/crn/A12345/all",
    "headers" : {
      "user-agent" : [ "ReactorNetty/1.0.18" ],
      "host" : [ "localhost:8092" ],
      "content-length" : [ "0" ],
      "accept-encoding" : [ "gzip" ],
      "accept" : [ "*/*" ],
      "Authorization" : [ "Bearer ABCDE" ]
    },
    "keepAlive" : true,
    "secure" : false,
    "remoteAddress" : "127.0.0.1"
  }
 |  
2022-05-12 14:56:09.655  INFO 5981 --- [ver-EventLog328] org.mockserver.log.MockServerEventLog    : 8092 request:

  {
    "method" : "GET",
    "path" : "/secure/offenders/crn/A12345/all",
    "headers" : {
      "user-agent" : [ "ReactorNetty/1.0.18" ],
      "host" : [ "localhost:8092" ],
      "content-length" : [ "0" ],
      "accept-encoding" : [ "gzip" ],
      "accept" : [ "*/*" ],
      "Authorization" : [ "Bearer ABCDE" ]
    },
    "keepAlive" : true,
    "secure" : false,
    "remoteAddress" : "127.0.0.1"
  }

 didn't match expectation:

  {
    "httpRequest" : {
      "path" : "/ping"
    },
    "httpResponse" : {
      "headers" : {
        "content-type" : [ "application/json" ]
      },
      "body" : "{\"status\":\"OK\"}"
    },
    "id" : "449b2848-8bd7-4ba1-b4ab-29d0416a203f",
    "priority" : 0,
    "timeToLive" : {
      "unlimited" : true
    },
    "times" : {
      "unlimited" : true
    }
  }

 because:

  method matched
  path didn't match
 |  
2022-05-12 14:56:09.657  INFO 5981 --- [ver-EventLog328] org.mockserver.log.MockServerEventLog    : 8092 request:

  {
    "method" : "GET",
    "path" : "/secure/offenders/crn/A12345/all",
    "headers" : {
      "user-agent" : [ "ReactorNetty/1.0.18" ],
      "host" : [ "localhost:8092" ],
      "content-length" : [ "0" ],
      "accept-encoding" : [ "gzip" ],
      "accept" : [ "*/*" ],
      "Authorization" : [ "Bearer ABCDE" ]
    },
    "keepAlive" : true,
    "secure" : false,
    "remoteAddress" : "127.0.0.1"
  }

 matched expectation:

  {
    "httpRequest" : {
      "path" : "/secure/offenders/crn/A12345/all"
    },
    "httpResponse" : {
      "headers" : {
        "content-type" : [ "application/json" ]
      },
      "body" : "{\n  \"activeProbationManagedSentence\": true,\n  \"contactDetails\": {\n    \"addresses\": [\n      {\n        \"addressNumber\": 32,\n        \"buildingName\": \"HMPPS Digital Studio\",\n        \"county\": \"South Yorkshire\",\n        \"createdDatetime\": \"2021-06-11T13:00:00\",\n        \"district\": \"Sheffield City Centre\",\n        \"from\": \"2021-06-10\",\n        \"lastUpdatedDatetime\": \"2021-06-11T14:00:00\",\n        \"latestAssessmentDate\": \"2021-06-11T12:00:00\",\n        \"noFixedAbode\": true,\n        \"notes\": \"Some address notes\",\n        \"postcode\": \"S3 7BS\",\n        \"status\": {\n          \"code\": \"ABC123\",\n          \"description\": \"Main\"\n        },\n        \"streetName\": \"Scotland Street\",\n        \"telephoneNumber\": \"0123456789\",\n        \"to\": \"2021-07-10\",\n        \"town\": \"Sheffield\",\n        \"type\": {\n          \"code\": \"ABC123\",\n          \"description\": \"Some description\"\n        },\n        \"typeVerified\": true\n      },\n      {\n        \"addressNumber\": 33,\n        \"buildingName\": \"HMPPS Digital Studio\",\n        \"county\": \"South Yorkshire\",\n        \"createdDatetime\": \"2021-06-11T13:00:00\",\n        \"district\": \"Sheffield City Centre\",\n        \"from\": \"2020-06-10\",\n        \"lastUpdatedDatetime\": \"2021-06-11T14:00:00\",\n        \"latestAssessmentDate\": \"2021-06-11T12:00:00\",\n        \"noFixedAbode\": true,\n        \"notes\": \"Some address notes\",\n        \"postcode\": \"S3 7BS\",\n        \"status\": {\n          \"code\": \"ABC123\",\n          \"description\": \"Not Main\"\n        },\n        \"streetName\": \"Scotland Street\",\n        \"telephoneNumber\": \"0123456789\",\n        \"to\": \"2020-07-10\",\n        \"town\": \"Sheffield\",\n        \"type\": {\n          \"code\": \"ABC123\",\n          \"description\": \"Some description\"\n        },\n        \"typeVerified\": true\n      }\n    ],\n    \"allowSMS\": true,\n    \"emailAddresses\": [\n      \"string\"\n    ],\n    \"phoneNumbers\": [\n      {\n        \"number\": \"string\",\n        \"type\": \"MOBILE\"\n      }\n    ]\n  },\n  \"currentDisposal\": 1,\n  \"currentExclusion\": true,\n  \"currentRestriction\": true,\n  \"currentTier\": \"D2\",\n  \"dateOfBirth\": \"1982-10-24\",\n  \"exclusionMessage\": \"string\",\n  \"firstName\": \"John\",\n  \"gender\": \"Male\",\n  \"middleNames\": [\n    \"string\"\n  ],\n  \"offenderAliases\": [\n    {\n      \"dateOfBirth\": \"2022-04-26\",\n      \"firstName\": \"string\",\n      \"gender\": \"string\",\n      \"id\": \"string\",\n      \"middleNames\": [\n        \"string\"\n      ],\n      \"surname\": \"string\"\n    }\n  ],\n  \"offenderId\": 0,\n  \"offenderManagers\": [\n    {\n      \"active\": true,\n      \"allocationReason\": {\n        \"code\": \"ABC123\",\n        \"description\": \"Some description\"\n      },\n      \"fromDate\": \"2022-04-26\",\n      \"partitionArea\": \"string\",\n      \"probationArea\": {\n        \"code\": \"N01\",\n        \"description\": \"NPS North West\",\n        \"institution\": {\n          \"code\": \"string\",\n          \"description\": \"string\",\n          \"establishmentType\": {\n            \"code\": \"ABC123\",\n            \"description\": \"Some description\"\n          },\n          \"institutionId\": 0,\n          \"institutionName\": \"string\",\n          \"isEstablishment\": true,\n          \"isPrivate\": true,\n          \"nomsPrisonInstitutionCode\": \"string\"\n        },\n        \"nps\": true,\n        \"organisation\": {\n          \"code\": \"ABC123\",\n          \"description\": \"Some description\"\n        },\n        \"probationAreaId\": 0,\n        \"teams\": [\n          {\n            \"borough\": {\n              \"code\": \"ABC123\",\n              \"description\": \"Some description\"\n            },\n            \"code\": \"string\",\n            \"description\": \"string\",\n            \"district\": {\n              \"code\": \"ABC123\",\n              \"description\": \"Some description\"\n            },\n            \"externalProvider\": {\n              \"code\": \"ABC123\",\n              \"description\": \"Some description\"\n            },\n            \"isPrivate\": true,\n            \"localDeliveryUnit\": {\n              \"code\": \"ABC123\",\n              \"description\": \"Some description\"\n            },\n            \"name\": \"string\",\n            \"providerTeamId\": 0,\n            \"scProvider\": {\n              \"code\": \"ABC123\",\n              \"description\": \"Some description\"\n            },\n            \"teamId\": 0\n          }\n        ]\n      },\n      \"providerEmployee\": {\n        \"forenames\": \"Sheila Linda\",\n        \"surname\": \"Hancock\"\n      },\n      \"softDeleted\": true,\n      \"staff\": {\n        \"code\": \"AN001A\",\n        \"forenames\": \"Sheila Linda\",\n        \"surname\": \"Hancock\",\n        \"unallocated\": true\n      },\n      \"team\": {\n        \"borough\": {\n          \"code\": \"ABC123\",\n          \"description\": \"Some description\"\n        },\n        \"code\": \"C01T04\",\n        \"description\": \"OMU A\",\n        \"district\": {\n          \"code\": \"ABC123\",\n          \"description\": \"Some description\"\n        },\n        \"emailAddress\": \"first.last@digital.justice.gov.uk\",\n        \"endDate\": \"2022-04-26\",\n        \"localDeliveryUnit\": {\n          \"code\": \"ABC123\",\n          \"description\": \"Some description\"\n        },\n        \"startDate\": \"2022-04-26\",\n        \"teamType\": {\n          \"code\": \"ABC123\",\n          \"description\": \"Some description\"\n        },\n        \"telephone\": \"09056714321\"\n      },\n      \"toDate\": \"2022-04-26\",\n      \"trustOfficer\": {\n        \"forenames\": \"Sheila Linda\",\n        \"surname\": \"Hancock\"\n      }\n    },\n    {\n      \"active\": false,\n      \"allocationReason\": {\n        \"code\": \"ABC123\",\n        \"description\": \"Some description\"\n      },\n      \"fromDate\": \"2022-04-26\",\n      \"partitionArea\": \"string\",\n      \"probationArea\": {\n        \"code\": \"N01\",\n        \"description\": \"NPS North West\",\n        \"institution\": {\n          \"code\": \"string\",\n          \"description\": \"string\",\n          \"establishmentType\": {\n            \"code\": \"ABC123\",\n            \"description\": \"Some description\"\n          },\n          \"institutionId\": 0,\n          \"institutionName\": \"string\",\n          \"isEstablishment\": true,\n          \"isPrivate\": true,\n          \"nomsPrisonInstitutionCode\": \"string\"\n        },\n        \"nps\": true,\n        \"organisation\": {\n          \"code\": \"ABC123\",\n          \"description\": \"Some description\"\n        },\n        \"probationAreaId\": 0,\n        \"teams\": [\n          {\n            \"borough\": {\n              \"code\": \"ABC123\",\n              \"description\": \"Some description\"\n            },\n            \"code\": \"string\",\n            \"description\": \"string\",\n            \"district\": {\n              \"code\": \"ABC123\",\n              \"description\": \"Some description\"\n            },\n            \"externalProvider\": {\n              \"code\": \"ABC123\",\n              \"description\": \"Some description\"\n            },\n            \"isPrivate\": true,\n            \"localDeliveryUnit\": {\n              \"code\": \"ABC123\",\n              \"description\": \"Some description\"\n            },\n            \"name\": \"string\",\n            \"providerTeamId\": 0,\n            \"scProvider\": {\n              \"code\": \"ABC123\",\n              \"description\": \"Some description\"\n            },\n            \"teamId\": 0\n          }\n        ]\n      },\n      \"providerEmployee\": {\n        \"forenames\": \"Sheila Linda\",\n        \"surname\": \"Hancock\"\n      },\n      \"softDeleted\": true,\n      \"staff\": {\n        \"code\": \"AN001A\",\n        \"forenames\": \"Sheila Linda\",\n        \"surname\": \"Hancock\",\n        \"unallocated\": true\n      },\n      \"team\": {\n        \"borough\": {\n          \"code\": \"ABC123\",\n          \"description\": \"Some description\"\n        },\n        \"code\": \"C01T04\",\n        \"description\": \"OMU A\",\n        \"district\": {\n          \"code\": \"ABC123\",\n          \"description\": \"Some description\"\n        },\n        \"emailAddress\": \"dua.lipa@digital.justice.gov.uk\",\n        \"endDate\": \"2022-04-26\",\n        \"localDeliveryUnit\": {\n          \"code\": \"ABC123\",\n          \"description\": \"Some description\"\n        },\n        \"startDate\": \"2022-04-26\",\n        \"teamType\": {\n          \"code\": \"ABC123\",\n          \"description\": \"Some description\"\n        },\n        \"telephone\": \"123\"\n      },\n      \"toDate\": \"2022-04-26\",\n      \"trustOfficer\": {\n        \"forenames\": \"Dua\",\n        \"surname\": \"Lipa\"\n      }\n    }\n  ],\n  \"offenderProfile\": {\n    \"disabilities\": [\n      {\n        \"disabilityId\": 0,\n        \"disabilityType\": {\n          \"code\": \"ABC123\",\n          \"description\": \"Some description\"\n        },\n        \"endDate\": \"2022-04-26\",\n        \"isActive\": true,\n        \"lastUpdatedDateTime\": \"2020-09-20T11:00:00+01:00\",\n        \"notes\": \"string\",\n        \"provisions\": [\n          {\n            \"finishDate\": \"2022-04-26\",\n            \"notes\": \"string\",\n            \"provisionId\": 0,\n            \"provisionType\": {\n              \"code\": \"ABC123\",\n              \"description\": \"Some description\"\n            },\n            \"startDate\": \"2022-04-26\"\n          }\n        ],\n        \"startDate\": \"2022-04-26\"\n      }\n    ],\n    \"ethnicity\": \"string\",\n    \"genderIdentity\": \"Prefer to self-describe\",\n    \"immigrationStatus\": \"string\",\n    \"nationality\": \"string\",\n    \"notes\": \"string\",\n    \"offenderDetails\": \"string\",\n    \"offenderLanguages\": {\n      \"languageConcerns\": \"string\",\n      \"otherLanguages\": [\n        \"string\"\n      ],\n      \"primaryLanguage\": \"string\",\n      \"requiresInterpreter\": true\n    },\n    \"previousConviction\": {\n      \"convictionDate\": \"2022-04-26\",\n      \"detail\": {\n        \"additionalProp1\": \"string\",\n        \"additionalProp2\": \"string\",\n        \"additionalProp3\": \"string\"\n      }\n    },\n    \"religion\": \"string\",\n    \"remandStatus\": \"string\",\n    \"riskColour\": \"string\",\n    \"secondaryNationality\": \"string\",\n    \"selfDescribedGender\": \"Jedi\",\n    \"sexualOrientation\": \"string\"\n  },\n  \"otherIds\": {\n    \"crn\": \"12345C\",\n    \"croNumber\": \"123456/04A\",\n    \"immigrationNumber\": \"A1234567\",\n    \"mostRecentPrisonerNumber\": \"G12345\",\n    \"niNumber\": \"AA112233B\",\n    \"nomsNumber\": \"A1234CR\",\n    \"pncNumber\": \"2004/0712343H\"\n  },\n  \"partitionArea\": \"National Data\",\n  \"preferredName\": \"Bob\",\n  \"previousSurname\": \"Davis\",\n  \"restrictionMessage\": \"string\",\n  \"softDeleted\": true,\n  \"surname\": \"Smith\",\n  \"title\": \"Mr\"\n}"
    },
    "id" : "8eac8ed7-25b1-491f-a315-995604d4e297",
    "priority" : 0,
    "timeToLive" : {
      "unlimited" : true
    },
    "times" : {
      "remainingTimes" : 1
    }
  }
 |  
2022-05-12 14:56:09.664  INFO 5981 --- [ver-EventLog328] org.mockserver.log.MockServerEventLog    : 8092 returning response:

  {
    "headers" : {
      "content-type" : [ "application/json" ]
    },
    "body" : "{\n  \"activeProbationManagedSentence\": true,\n  \"contactDetails\": {\n    \"addresses\": [\n      {\n        \"addressNumber\": 32,\n        \"buildingName\": \"HMPPS Digital Studio\",\n        \"county\": \"South Yorkshire\",\n        \"createdDatetime\": \"2021-06-11T13:00:00\",\n        \"district\": \"Sheffield City Centre\",\n        \"from\": \"2021-06-10\",\n        \"lastUpdatedDatetime\": \"2021-06-11T14:00:00\",\n        \"latestAssessmentDate\": \"2021-06-11T12:00:00\",\n        \"noFixedAbode\": true,\n        \"notes\": \"Some address notes\",\n        \"postcode\": \"S3 7BS\",\n        \"status\": {\n          \"code\": \"ABC123\",\n          \"description\": \"Main\"\n        },\n        \"streetName\": \"Scotland Street\",\n        \"telephoneNumber\": \"0123456789\",\n        \"to\": \"2021-07-10\",\n        \"town\": \"Sheffield\",\n        \"type\": {\n          \"code\": \"ABC123\",\n          \"description\": \"Some description\"\n        },\n        \"typeVerified\": true\n      },\n      {\n        \"addressNumber\": 33,\n        \"buildingName\": \"HMPPS Digital Studio\",\n        \"county\": \"South Yorkshire\",\n        \"createdDatetime\": \"2021-06-11T13:00:00\",\n        \"district\": \"Sheffield City Centre\",\n        \"from\": \"2020-06-10\",\n        \"lastUpdatedDatetime\": \"2021-06-11T14:00:00\",\n        \"latestAssessmentDate\": \"2021-06-11T12:00:00\",\n        \"noFixedAbode\": true,\n        \"notes\": \"Some address notes\",\n        \"postcode\": \"S3 7BS\",\n        \"status\": {\n          \"code\": \"ABC123\",\n          \"description\": \"Not Main\"\n        },\n        \"streetName\": \"Scotland Street\",\n        \"telephoneNumber\": \"0123456789\",\n        \"to\": \"2020-07-10\",\n        \"town\": \"Sheffield\",\n        \"type\": {\n          \"code\": \"ABC123\",\n          \"description\": \"Some description\"\n        },\n        \"typeVerified\": true\n      }\n    ],\n    \"allowSMS\": true,\n    \"emailAddresses\": [\n      \"string\"\n    ],\n    \"phoneNumbers\": [\n      {\n        \"number\": \"string\",\n        \"type\": \"MOBILE\"\n      }\n    ]\n  },\n  \"currentDisposal\": 1,\n  \"currentExclusion\": true,\n  \"currentRestriction\": true,\n  \"currentTier\": \"D2\",\n  \"dateOfBirth\": \"1982-10-24\",\n  \"exclusionMessage\": \"string\",\n  \"firstName\": \"John\",\n  \"gender\": \"Male\",\n  \"middleNames\": [\n    \"string\"\n  ],\n  \"offenderAliases\": [\n    {\n      \"dateOfBirth\": \"2022-04-26\",\n      \"firstName\": \"string\",\n      \"gender\": \"string\",\n      \"id\": \"string\",\n      \"middleNames\": [\n        \"string\"\n      ],\n      \"surname\": \"string\"\n    }\n  ],\n  \"offenderId\": 0,\n  \"offenderManagers\": [\n    {\n      \"active\": true,\n      \"allocationReason\": {\n        \"code\": \"ABC123\",\n        \"description\": \"Some description\"\n      },\n      \"fromDate\": \"2022-04-26\",\n      \"partitionArea\": \"string\",\n      \"probationArea\": {\n        \"code\": \"N01\",\n        \"description\": \"NPS North West\",\n        \"institution\": {\n          \"code\": \"string\",\n          \"description\": \"string\",\n          \"establishmentType\": {\n            \"code\": \"ABC123\",\n            \"description\": \"Some description\"\n          },\n          \"institutionId\": 0,\n          \"institutionName\": \"string\",\n          \"isEstablishment\": true,\n          \"isPrivate\": true,\n          \"nomsPrisonInstitutionCode\": \"string\"\n        },\n        \"nps\": true,\n        \"organisation\": {\n          \"code\": \"ABC123\",\n          \"description\": \"Some description\"\n        },\n        \"probationAreaId\": 0,\n        \"teams\": [\n          {\n            \"borough\": {\n              \"code\": \"ABC123\",\n              \"description\": \"Some description\"\n            },\n            \"code\": \"string\",\n            \"description\": \"string\",\n            \"district\": {\n              \"code\": \"ABC123\",\n              \"description\": \"Some description\"\n            },\n            \"externalProvider\": {\n              \"code\": \"ABC123\",\n              \"description\": \"Some description\"\n            },\n            \"isPrivate\": true,\n            \"localDeliveryUnit\": {\n              \"code\": \"ABC123\",\n              \"description\": \"Some description\"\n            },\n            \"name\": \"string\",\n            \"providerTeamId\": 0,\n            \"scProvider\": {\n              \"code\": \"ABC123\",\n              \"description\": \"Some description\"\n            },\n            \"teamId\": 0\n          }\n        ]\n      },\n      \"providerEmployee\": {\n        \"forenames\": \"Sheila Linda\",\n        \"surname\": \"Hancock\"\n      },\n      \"softDeleted\": true,\n      \"staff\": {\n        \"code\": \"AN001A\",\n        \"forenames\": \"Sheila Linda\",\n        \"surname\": \"Hancock\",\n        \"unallocated\": true\n      },\n      \"team\": {\n        \"borough\": {\n          \"code\": \"ABC123\",\n          \"description\": \"Some description\"\n        },\n        \"code\": \"C01T04\",\n        \"description\": \"OMU A\",\n        \"district\": {\n          \"code\": \"ABC123\",\n          \"description\": \"Some description\"\n        },\n        \"emailAddress\": \"first.last@digital.justice.gov.uk\",\n        \"endDate\": \"2022-04-26\",\n        \"localDeliveryUnit\": {\n          \"code\": \"ABC123\",\n          \"description\": \"Some description\"\n        },\n        \"startDate\": \"2022-04-26\",\n        \"teamType\": {\n          \"code\": \"ABC123\",\n          \"description\": \"Some description\"\n        },\n        \"telephone\": \"09056714321\"\n      },\n      \"toDate\": \"2022-04-26\",\n      \"trustOfficer\": {\n        \"forenames\": \"Sheila Linda\",\n        \"surname\": \"Hancock\"\n      }\n    },\n    {\n      \"active\": false,\n      \"allocationReason\": {\n        \"code\": \"ABC123\",\n        \"description\": \"Some description\"\n      },\n      \"fromDate\": \"2022-04-26\",\n      \"partitionArea\": \"string\",\n      \"probationArea\": {\n        \"code\": \"N01\",\n        \"description\": \"NPS North West\",\n        \"institution\": {\n          \"code\": \"string\",\n          \"description\": \"string\",\n          \"establishmentType\": {\n            \"code\": \"ABC123\",\n            \"description\": \"Some description\"\n          },\n          \"institutionId\": 0,\n          \"institutionName\": \"string\",\n          \"isEstablishment\": true,\n          \"isPrivate\": true,\n          \"nomsPrisonInstitutionCode\": \"string\"\n        },\n        \"nps\": true,\n        \"organisation\": {\n          \"code\": \"ABC123\",\n          \"description\": \"Some description\"\n        },\n        \"probationAreaId\": 0,\n        \"teams\": [\n          {\n            \"borough\": {\n              \"code\": \"ABC123\",\n              \"description\": \"Some description\"\n            },\n            \"code\": \"string\",\n            \"description\": \"string\",\n            \"district\": {\n              \"code\": \"ABC123\",\n              \"description\": \"Some description\"\n            },\n            \"externalProvider\": {\n              \"code\": \"ABC123\",\n              \"description\": \"Some description\"\n            },\n            \"isPrivate\": true,\n            \"localDeliveryUnit\": {\n              \"code\": \"ABC123\",\n              \"description\": \"Some description\"\n            },\n            \"name\": \"string\",\n            \"providerTeamId\": 0,\n            \"scProvider\": {\n              \"code\": \"ABC123\",\n              \"description\": \"Some description\"\n            },\n            \"teamId\": 0\n          }\n        ]\n      },\n      \"providerEmployee\": {\n        \"forenames\": \"Sheila Linda\",\n        \"surname\": \"Hancock\"\n      },\n      \"softDeleted\": true,\n      \"staff\": {\n        \"code\": \"AN001A\",\n        \"forenames\": \"Sheila Linda\",\n        \"surname\": \"Hancock\",\n        \"unallocated\": true\n      },\n      \"team\": {\n        \"borough\": {\n          \"code\": \"ABC123\",\n          \"description\": \"Some description\"\n        },\n        \"code\": \"C01T04\",\n        \"description\": \"OMU A\",\n        \"district\": {\n          \"code\": \"ABC123\",\n          \"description\": \"Some description\"\n        },\n        \"emailAddress\": \"dua.lipa@digital.justice.gov.uk\",\n        \"endDate\": \"2022-04-26\",\n        \"localDeliveryUnit\": {\n          \"code\": \"ABC123\",\n          \"description\": \"Some description\"\n        },\n        \"startDate\": \"2022-04-26\",\n        \"teamType\": {\n          \"code\": \"ABC123\",\n          \"description\": \"Some description\"\n        },\n        \"telephone\": \"123\"\n      },\n      \"toDate\": \"2022-04-26\",\n      \"trustOfficer\": {\n        \"forenames\": \"Dua\",\n        \"surname\": \"Lipa\"\n      }\n    }\n  ],\n  \"offenderProfile\": {\n    \"disabilities\": [\n      {\n        \"disabilityId\": 0,\n        \"disabilityType\": {\n          \"code\": \"ABC123\",\n          \"description\": \"Some description\"\n        },\n        \"endDate\": \"2022-04-26\",\n        \"isActive\": true,\n        \"lastUpdatedDateTime\": \"2020-09-20T11:00:00+01:00\",\n        \"notes\": \"string\",\n        \"provisions\": [\n          {\n            \"finishDate\": \"2022-04-26\",\n            \"notes\": \"string\",\n            \"provisionId\": 0,\n            \"provisionType\": {\n              \"code\": \"ABC123\",\n              \"description\": \"Some description\"\n            },\n            \"startDate\": \"2022-04-26\"\n          }\n        ],\n        \"startDate\": \"2022-04-26\"\n      }\n    ],\n    \"ethnicity\": \"string\",\n    \"genderIdentity\": \"Prefer to self-describe\",\n    \"immigrationStatus\": \"string\",\n    \"nationality\": \"string\",\n    \"notes\": \"string\",\n    \"offenderDetails\": \"string\",\n    \"offenderLanguages\": {\n      \"languageConcerns\": \"string\",\n      \"otherLanguages\": [\n        \"string\"\n      ],\n      \"primaryLanguage\": \"string\",\n      \"requiresInterpreter\": true\n    },\n    \"previousConviction\": {\n      \"convictionDate\": \"2022-04-26\",\n      \"detail\": {\n        \"additionalProp1\": \"string\",\n        \"additionalProp2\": \"string\",\n        \"additionalProp3\": \"string\"\n      }\n    },\n    \"religion\": \"string\",\n    \"remandStatus\": \"string\",\n    \"riskColour\": \"string\",\n    \"secondaryNationality\": \"string\",\n    \"selfDescribedGender\": \"Jedi\",\n    \"sexualOrientation\": \"string\"\n  },\n  \"otherIds\": {\n    \"crn\": \"12345C\",\n    \"croNumber\": \"123456/04A\",\n    \"immigrationNumber\": \"A1234567\",\n    \"mostRecentPrisonerNumber\": \"G12345\",\n    \"niNumber\": \"AA112233B\",\n    \"nomsNumber\": \"A1234CR\",\n    \"pncNumber\": \"2004/0712343H\"\n  },\n  \"partitionArea\": \"National Data\",\n  \"preferredName\": \"Bob\",\n  \"previousSurname\": \"Davis\",\n  \"restrictionMessage\": \"string\",\n  \"softDeleted\": true,\n  \"surname\": \"Smith\",\n  \"title\": \"Mr\"\n}"
  }

 for request:

  {
    "method" : "GET",
    "path" : "/secure/offenders/crn/A12345/all",
    "headers" : {
      "user-agent" : [ "ReactorNetty/1.0.18" ],
      "host" : [ "localhost:8092" ],
      "content-length" : [ "0" ],
      "accept-encoding" : [ "gzip" ],
      "accept" : [ "*/*" ],
      "Authorization" : [ "Bearer ABCDE" ]
    },
    "keepAlive" : true,
    "secure" : false,
    "remoteAddress" : "127.0.0.1"
  }

 for action:

  {
    "headers" : {
      "content-type" : [ "application/json" ]
    },
    "body" : "{\n  \"activeProbationManagedSentence\": true,\n  \"contactDetails\": {\n    \"addresses\": [\n      {\n        \"addressNumber\": 32,\n        \"buildingName\": \"HMPPS Digital Studio\",\n        \"county\": \"South Yorkshire\",\n        \"createdDatetime\": \"2021-06-11T13:00:00\",\n        \"district\": \"Sheffield City Centre\",\n        \"from\": \"2021-06-10\",\n        \"lastUpdatedDatetime\": \"2021-06-11T14:00:00\",\n        \"latestAssessmentDate\": \"2021-06-11T12:00:00\",\n        \"noFixedAbode\": true,\n        \"notes\": \"Some address notes\",\n        \"postcode\": \"S3 7BS\",\n        \"status\": {\n          \"code\": \"ABC123\",\n          \"description\": \"Main\"\n        },\n        \"streetName\": \"Scotland Street\",\n        \"telephoneNumber\": \"0123456789\",\n        \"to\": \"2021-07-10\",\n        \"town\": \"Sheffield\",\n        \"type\": {\n          \"code\": \"ABC123\",\n          \"description\": \"Some description\"\n        },\n        \"typeVerified\": true\n      },\n      {\n        \"addressNumber\": 33,\n        \"buildingName\": \"HMPPS Digital Studio\",\n        \"county\": \"South Yorkshire\",\n        \"createdDatetime\": \"2021-06-11T13:00:00\",\n        \"district\": \"Sheffield City Centre\",\n        \"from\": \"2020-06-10\",\n        \"lastUpdatedDatetime\": \"2021-06-11T14:00:00\",\n        \"latestAssessmentDate\": \"2021-06-11T12:00:00\",\n        \"noFixedAbode\": true,\n        \"notes\": \"Some address notes\",\n        \"postcode\": \"S3 7BS\",\n        \"status\": {\n          \"code\": \"ABC123\",\n          \"description\": \"Not Main\"\n        },\n        \"streetName\": \"Scotland Street\",\n        \"telephoneNumber\": \"0123456789\",\n        \"to\": \"2020-07-10\",\n        \"town\": \"Sheffield\",\n        \"type\": {\n          \"code\": \"ABC123\",\n          \"description\": \"Some description\"\n        },\n        \"typeVerified\": true\n      }\n    ],\n    \"allowSMS\": true,\n    \"emailAddresses\": [\n      \"string\"\n    ],\n    \"phoneNumbers\": [\n      {\n        \"number\": \"string\",\n        \"type\": \"MOBILE\"\n      }\n    ]\n  },\n  \"currentDisposal\": 1,\n  \"currentExclusion\": true,\n  \"currentRestriction\": true,\n  \"currentTier\": \"D2\",\n  \"dateOfBirth\": \"1982-10-24\",\n  \"exclusionMessage\": \"string\",\n  \"firstName\": \"John\",\n  \"gender\": \"Male\",\n  \"middleNames\": [\n    \"string\"\n  ],\n  \"offenderAliases\": [\n    {\n      \"dateOfBirth\": \"2022-04-26\",\n      \"firstName\": \"string\",\n      \"gender\": \"string\",\n      \"id\": \"string\",\n      \"middleNames\": [\n        \"string\"\n      ],\n      \"surname\": \"string\"\n    }\n  ],\n  \"offenderId\": 0,\n  \"offenderManagers\": [\n    {\n      \"active\": true,\n      \"allocationReason\": {\n        \"code\": \"ABC123\",\n        \"description\": \"Some description\"\n      },\n      \"fromDate\": \"2022-04-26\",\n      \"partitionArea\": \"string\",\n      \"probationArea\": {\n        \"code\": \"N01\",\n        \"description\": \"NPS North West\",\n        \"institution\": {\n          \"code\": \"string\",\n          \"description\": \"string\",\n          \"establishmentType\": {\n            \"code\": \"ABC123\",\n            \"description\": \"Some description\"\n          },\n          \"institutionId\": 0,\n          \"institutionName\": \"string\",\n          \"isEstablishment\": true,\n          \"isPrivate\": true,\n          \"nomsPrisonInstitutionCode\": \"string\"\n        },\n        \"nps\": true,\n        \"organisation\": {\n          \"code\": \"ABC123\",\n          \"description\": \"Some description\"\n        },\n        \"probationAreaId\": 0,\n        \"teams\": [\n          {\n            \"borough\": {\n              \"code\": \"ABC123\",\n              \"description\": \"Some description\"\n            },\n            \"code\": \"string\",\n            \"description\": \"string\",\n            \"district\": {\n              \"code\": \"ABC123\",\n              \"description\": \"Some description\"\n            },\n            \"externalProvider\": {\n              \"code\": \"ABC123\",\n              \"description\": \"Some description\"\n            },\n            \"isPrivate\": true,\n            \"localDeliveryUnit\": {\n              \"code\": \"ABC123\",\n              \"description\": \"Some description\"\n            },\n            \"name\": \"string\",\n            \"providerTeamId\": 0,\n            \"scProvider\": {\n              \"code\": \"ABC123\",\n              \"description\": \"Some description\"\n            },\n            \"teamId\": 0\n          }\n        ]\n      },\n      \"providerEmployee\": {\n        \"forenames\": \"Sheila Linda\",\n        \"surname\": \"Hancock\"\n      },\n      \"softDeleted\": true,\n      \"staff\": {\n        \"code\": \"AN001A\",\n        \"forenames\": \"Sheila Linda\",\n        \"surname\": \"Hancock\",\n        \"unallocated\": true\n      },\n      \"team\": {\n        \"borough\": {\n          \"code\": \"ABC123\",\n          \"description\": \"Some description\"\n        },\n        \"code\": \"C01T04\",\n        \"description\": \"OMU A\",\n        \"district\": {\n          \"code\": \"ABC123\",\n          \"description\": \"Some description\"\n        },\n        \"emailAddress\": \"first.last@digital.justice.gov.uk\",\n        \"endDate\": \"2022-04-26\",\n        \"localDeliveryUnit\": {\n          \"code\": \"ABC123\",\n          \"description\": \"Some description\"\n        },\n        \"startDate\": \"2022-04-26\",\n        \"teamType\": {\n          \"code\": \"ABC123\",\n          \"description\": \"Some description\"\n        },\n        \"telephone\": \"09056714321\"\n      },\n      \"toDate\": \"2022-04-26\",\n      \"trustOfficer\": {\n        \"forenames\": \"Sheila Linda\",\n        \"surname\": \"Hancock\"\n      }\n    },\n    {\n      \"active\": false,\n      \"allocationReason\": {\n        \"code\": \"ABC123\",\n        \"description\": \"Some description\"\n      },\n      \"fromDate\": \"2022-04-26\",\n      \"partitionArea\": \"string\",\n      \"probationArea\": {\n        \"code\": \"N01\",\n        \"description\": \"NPS North West\",\n        \"institution\": {\n          \"code\": \"string\",\n          \"description\": \"string\",\n          \"establishmentType\": {\n            \"code\": \"ABC123\",\n            \"description\": \"Some description\"\n          },\n          \"institutionId\": 0,\n          \"institutionName\": \"string\",\n          \"isEstablishment\": true,\n          \"isPrivate\": true,\n          \"nomsPrisonInstitutionCode\": \"string\"\n        },\n        \"nps\": true,\n        \"organisation\": {\n          \"code\": \"ABC123\",\n          \"description\": \"Some description\"\n        },\n        \"probationAreaId\": 0,\n        \"teams\": [\n          {\n            \"borough\": {\n              \"code\": \"ABC123\",\n              \"description\": \"Some description\"\n            },\n            \"code\": \"string\",\n            \"description\": \"string\",\n            \"district\": {\n              \"code\": \"ABC123\",\n              \"description\": \"Some description\"\n            },\n            \"externalProvider\": {\n              \"code\": \"ABC123\",\n              \"description\": \"Some description\"\n            },\n            \"isPrivate\": true,\n            \"localDeliveryUnit\": {\n              \"code\": \"ABC123\",\n              \"description\": \"Some description\"\n            },\n            \"name\": \"string\",\n            \"providerTeamId\": 0,\n            \"scProvider\": {\n              \"code\": \"ABC123\",\n              \"description\": \"Some description\"\n            },\n            \"teamId\": 0\n          }\n        ]\n      },\n      \"providerEmployee\": {\n        \"forenames\": \"Sheila Linda\",\n        \"surname\": \"Hancock\"\n      },\n      \"softDeleted\": true,\n      \"staff\": {\n        \"code\": \"AN001A\",\n        \"forenames\": \"Sheila Linda\",\n        \"surname\": \"Hancock\",\n        \"unallocated\": true\n      },\n      \"team\": {\n        \"borough\": {\n          \"code\": \"ABC123\",\n          \"description\": \"Some description\"\n        },\n        \"code\": \"C01T04\",\n        \"description\": \"OMU A\",\n        \"district\": {\n          \"code\": \"ABC123\",\n          \"description\": \"Some description\"\n        },\n        \"emailAddress\": \"dua.lipa@digital.justice.gov.uk\",\n        \"endDate\": \"2022-04-26\",\n        \"localDeliveryUnit\": {\n          \"code\": \"ABC123\",\n          \"description\": \"Some description\"\n        },\n        \"startDate\": \"2022-04-26\",\n        \"teamType\": {\n          \"code\": \"ABC123\",\n          \"description\": \"Some description\"\n        },\n        \"telephone\": \"123\"\n      },\n      \"toDate\": \"2022-04-26\",\n      \"trustOfficer\": {\n        \"forenames\": \"Dua\",\n        \"surname\": \"Lipa\"\n      }\n    }\n  ],\n  \"offenderProfile\": {\n    \"disabilities\": [\n      {\n        \"disabilityId\": 0,\n        \"disabilityType\": {\n          \"code\": \"ABC123\",\n          \"description\": \"Some description\"\n        },\n        \"endDate\": \"2022-04-26\",\n        \"isActive\": true,\n        \"lastUpdatedDateTime\": \"2020-09-20T11:00:00+01:00\",\n        \"notes\": \"string\",\n        \"provisions\": [\n          {\n            \"finishDate\": \"2022-04-26\",\n            \"notes\": \"string\",\n            \"provisionId\": 0,\n            \"provisionType\": {\n              \"code\": \"ABC123\",\n              \"description\": \"Some description\"\n            },\n            \"startDate\": \"2022-04-26\"\n          }\n        ],\n        \"startDate\": \"2022-04-26\"\n      }\n    ],\n    \"ethnicity\": \"string\",\n    \"genderIdentity\": \"Prefer to self-describe\",\n    \"immigrationStatus\": \"string\",\n    \"nationality\": \"string\",\n    \"notes\": \"string\",\n    \"offenderDetails\": \"string\",\n    \"offenderLanguages\": {\n      \"languageConcerns\": \"string\",\n      \"otherLanguages\": [\n        \"string\"\n      ],\n      \"primaryLanguage\": \"string\",\n      \"requiresInterpreter\": true\n    },\n    \"previousConviction\": {\n      \"convictionDate\": \"2022-04-26\",\n      \"detail\": {\n        \"additionalProp1\": \"string\",\n        \"additionalProp2\": \"string\",\n        \"additionalProp3\": \"string\"\n      }\n    },\n    \"religion\": \"string\",\n    \"remandStatus\": \"string\",\n    \"riskColour\": \"string\",\n    \"secondaryNationality\": \"string\",\n    \"selfDescribedGender\": \"Jedi\",\n    \"sexualOrientation\": \"string\"\n  },\n  \"otherIds\": {\n    \"crn\": \"12345C\",\n    \"croNumber\": \"123456/04A\",\n    \"immigrationNumber\": \"A1234567\",\n    \"mostRecentPrisonerNumber\": \"G12345\",\n    \"niNumber\": \"AA112233B\",\n    \"nomsNumber\": \"A1234CR\",\n    \"pncNumber\": \"2004/0712343H\"\n  },\n  \"partitionArea\": \"National Data\",\n  \"preferredName\": \"Bob\",\n  \"previousSurname\": \"Davis\",\n  \"restrictionMessage\": \"string\",\n  \"softDeleted\": true,\n  \"surname\": \"Smith\",\n  \"title\": \"Mr\"\n}"
  }

 from expectation:

  8eac8ed7-25b1-491f-a315-995604d4e297
 |  
2022-05-12 14:56:09.666  INFO 5981 --- [ver-EventLog328] org.mockserver.log.MockServerEventLog    : 8092 removed expectation:

  {
    "httpRequest" : {
      "path" : "/secure/offenders/crn/A12345/all"
    },
    "httpResponse" : {
      "headers" : {
        "content-type" : [ "application/json" ]
      },
      "body" : "{\n  \"activeProbationManagedSentence\": true,\n  \"contactDetails\": {\n    \"addresses\": [\n      {\n        \"addressNumber\": 32,\n        \"buildingName\": \"HMPPS Digital Studio\",\n        \"county\": \"South Yorkshire\",\n        \"createdDatetime\": \"2021-06-11T13:00:00\",\n        \"district\": \"Sheffield City Centre\",\n        \"from\": \"2021-06-10\",\n        \"lastUpdatedDatetime\": \"2021-06-11T14:00:00\",\n        \"latestAssessmentDate\": \"2021-06-11T12:00:00\",\n        \"noFixedAbode\": true,\n        \"notes\": \"Some address notes\",\n        \"postcode\": \"S3 7BS\",\n        \"status\": {\n          \"code\": \"ABC123\",\n          \"description\": \"Main\"\n        },\n        \"streetName\": \"Scotland Street\",\n        \"telephoneNumber\": \"0123456789\",\n        \"to\": \"2021-07-10\",\n        \"town\": \"Sheffield\",\n        \"type\": {\n          \"code\": \"ABC123\",\n          \"description\": \"Some description\"\n        },\n        \"typeVerified\": true\n      },\n      {\n        \"addressNumber\": 33,\n        \"buildingName\": \"HMPPS Digital Studio\",\n        \"county\": \"South Yorkshire\",\n        \"createdDatetime\": \"2021-06-11T13:00:00\",\n        \"district\": \"Sheffield City Centre\",\n        \"from\": \"2020-06-10\",\n        \"lastUpdatedDatetime\": \"2021-06-11T14:00:00\",\n        \"latestAssessmentDate\": \"2021-06-11T12:00:00\",\n        \"noFixedAbode\": true,\n        \"notes\": \"Some address notes\",\n        \"postcode\": \"S3 7BS\",\n        \"status\": {\n          \"code\": \"ABC123\",\n          \"description\": \"Not Main\"\n        },\n        \"streetName\": \"Scotland Street\",\n        \"telephoneNumber\": \"0123456789\",\n        \"to\": \"2020-07-10\",\n        \"town\": \"Sheffield\",\n        \"type\": {\n          \"code\": \"ABC123\",\n          \"description\": \"Some description\"\n        },\n        \"typeVerified\": true\n      }\n    ],\n    \"allowSMS\": true,\n    \"emailAddresses\": [\n      \"string\"\n    ],\n    \"phoneNumbers\": [\n      {\n        \"number\": \"string\",\n        \"type\": \"MOBILE\"\n      }\n    ]\n  },\n  \"currentDisposal\": 1,\n  \"currentExclusion\": true,\n  \"currentRestriction\": true,\n  \"currentTier\": \"D2\",\n  \"dateOfBirth\": \"1982-10-24\",\n  \"exclusionMessage\": \"string\",\n  \"firstName\": \"John\",\n  \"gender\": \"Male\",\n  \"middleNames\": [\n    \"string\"\n  ],\n  \"offenderAliases\": [\n    {\n      \"dateOfBirth\": \"2022-04-26\",\n      \"firstName\": \"string\",\n      \"gender\": \"string\",\n      \"id\": \"string\",\n      \"middleNames\": [\n        \"string\"\n      ],\n      \"surname\": \"string\"\n    }\n  ],\n  \"offenderId\": 0,\n  \"offenderManagers\": [\n    {\n      \"active\": true,\n      \"allocationReason\": {\n        \"code\": \"ABC123\",\n        \"description\": \"Some description\"\n      },\n      \"fromDate\": \"2022-04-26\",\n      \"partitionArea\": \"string\",\n      \"probationArea\": {\n        \"code\": \"N01\",\n        \"description\": \"NPS North West\",\n        \"institution\": {\n          \"code\": \"string\",\n          \"description\": \"string\",\n          \"establishmentType\": {\n            \"code\": \"ABC123\",\n            \"description\": \"Some description\"\n          },\n          \"institutionId\": 0,\n          \"institutionName\": \"string\",\n          \"isEstablishment\": true,\n          \"isPrivate\": true,\n          \"nomsPrisonInstitutionCode\": \"string\"\n        },\n        \"nps\": true,\n        \"organisation\": {\n          \"code\": \"ABC123\",\n          \"description\": \"Some description\"\n        },\n        \"probationAreaId\": 0,\n        \"teams\": [\n          {\n            \"borough\": {\n              \"code\": \"ABC123\",\n              \"description\": \"Some description\"\n            },\n            \"code\": \"string\",\n            \"description\": \"string\",\n            \"district\": {\n              \"code\": \"ABC123\",\n              \"description\": \"Some description\"\n            },\n            \"externalProvider\": {\n              \"code\": \"ABC123\",\n              \"description\": \"Some description\"\n            },\n            \"isPrivate\": true,\n            \"localDeliveryUnit\": {\n              \"code\": \"ABC123\",\n              \"description\": \"Some description\"\n            },\n            \"name\": \"string\",\n            \"providerTeamId\": 0,\n            \"scProvider\": {\n              \"code\": \"ABC123\",\n              \"description\": \"Some description\"\n            },\n            \"teamId\": 0\n          }\n        ]\n      },\n      \"providerEmployee\": {\n        \"forenames\": \"Sheila Linda\",\n        \"surname\": \"Hancock\"\n      },\n      \"softDeleted\": true,\n      \"staff\": {\n        \"code\": \"AN001A\",\n        \"forenames\": \"Sheila Linda\",\n        \"surname\": \"Hancock\",\n        \"unallocated\": true\n      },\n      \"team\": {\n        \"borough\": {\n          \"code\": \"ABC123\",\n          \"description\": \"Some description\"\n        },\n        \"code\": \"C01T04\",\n        \"description\": \"OMU A\",\n        \"district\": {\n          \"code\": \"ABC123\",\n          \"description\": \"Some description\"\n        },\n        \"emailAddress\": \"first.last@digital.justice.gov.uk\",\n        \"endDate\": \"2022-04-26\",\n        \"localDeliveryUnit\": {\n          \"code\": \"ABC123\",\n          \"description\": \"Some description\"\n        },\n        \"startDate\": \"2022-04-26\",\n        \"teamType\": {\n          \"code\": \"ABC123\",\n          \"description\": \"Some description\"\n        },\n        \"telephone\": \"09056714321\"\n      },\n      \"toDate\": \"2022-04-26\",\n      \"trustOfficer\": {\n        \"forenames\": \"Sheila Linda\",\n        \"surname\": \"Hancock\"\n      }\n    },\n    {\n      \"active\": false,\n      \"allocationReason\": {\n        \"code\": \"ABC123\",\n        \"description\": \"Some description\"\n      },\n      \"fromDate\": \"2022-04-26\",\n      \"partitionArea\": \"string\",\n      \"probationArea\": {\n        \"code\": \"N01\",\n        \"description\": \"NPS North West\",\n        \"institution\": {\n          \"code\": \"string\",\n          \"description\": \"string\",\n          \"establishmentType\": {\n            \"code\": \"ABC123\",\n            \"description\": \"Some description\"\n          },\n          \"institutionId\": 0,\n          \"institutionName\": \"string\",\n          \"isEstablishment\": true,\n          \"isPrivate\": true,\n          \"nomsPrisonInstitutionCode\": \"string\"\n        },\n        \"nps\": true,\n        \"organisation\": {\n          \"code\": \"ABC123\",\n          \"d
[...]
on\"\n      },\n      \"registeringOfficer\": {\n        \"code\": \"AN001A\",\n        \"forenames\": \"Sheila Linda\",\n        \"surname\": \"Hancock\",\n        \"unallocated\": true\n      },\n      \"registeringProbationArea\": {\n        \"code\": \"ABC123\",\n        \"description\": \"Some description\"\n      },\n      \"registeringTeam\": {\n        \"code\": \"ABC123\",\n        \"description\": \"Some description\"\n      },\n      \"registrationId\": 2500064995,\n      \"registrationReviews\": [\n        {\n          \"completed\": true,\n          \"notes\": \"string\",\n          \"reviewDate\": \"2022-05-09\",\n          \"reviewDateDue\": \"2022-05-09\",\n          \"reviewingOfficer\": {\n            \"code\": \"AN001A\",\n            \"forenames\": \"Sheila Linda\",\n            \"surname\": \"Hancock\",\n            \"unallocated\": true\n          },\n          \"reviewingTeam\": {\n            \"code\": \"ABC123\",\n            \"description\": \"Some description\"\n          }\n        }\n      ],\n      \"reviewPeriodMonths\": 6,\n      \"riskColour\": \"Amber\",\n      \"startDate\": \"2021-01-30\",\n      \"type\": {\n        \"code\": \"ABC123\",\n        \"description\": \"Victim contact\"\n      },\n      \"warnUser\": true\n    },\n     {\n      \"active\": false,\n      \"deregisteringNotes\": \"string\",\n      \"deregisteringOfficer\": {\n        \"code\": \"AN001A\",\n        \"forenames\": \"Sheila Linda\",\n        \"surname\": \"Hancock\",\n        \"unallocated\": true\n      },\n      \"deregisteringProbationArea\": {\n        \"code\": \"ABC123\",\n        \"description\": \"Some description\"\n      },\n      \"deregisteringTeam\": {\n        \"code\": \"ABC123\",\n        \"description\": \"Some description\"\n      },\n      \"endDate\": \"2021-01-30\",\n      \"nextReviewDate\": \"2021-01-30\",\n      \"notes\": \"string\",\n      \"numberOfPreviousDeregistrations\": 0,\n      \"offenderId\": 2500343964,\n      \"register\": {\n        \"code\": \"ABC123\",\n        \"description\": \"Some description\"\n      },\n      \"registerCategory\": {\n        \"code\": \"ABC123\",\n        \"description\": \"Some description\"\n      },\n      \"registerLevel\": {\n        \"code\": \"ABC123\",\n        \"description\": \"Some description\"\n      },\n      \"registeringOfficer\": {\n        \"code\": \"AN001A\",\n        \"forenames\": \"Sheila Linda\",\n        \"surname\": \"Hancock\",\n        \"unallocated\": true\n      },\n      \"registeringProbationArea\": {\n        \"code\": \"ABC123\",\n        \"description\": \"Some description\"\n      },\n      \"registeringTeam\": {\n        \"code\": \"ABC123\",\n        \"description\": \"Some description\"\n      },\n      \"registrationId\": 2500064995,\n      \"registrationReviews\": [\n        {\n          \"completed\": true,\n          \"notes\": \"string\",\n          \"reviewDate\": \"2022-05-09\",\n          \"reviewDateDue\": \"2022-05-09\",\n          \"reviewingOfficer\": {\n            \"code\": \"AN001A\",\n            \"forenames\": \"Sheila Linda\",\n            \"surname\": \"Hancock\",\n            \"unallocated\": true\n          },\n          \"reviewingTeam\": {\n            \"code\": \"ABC123\",\n            \"description\": \"Some description\"\n          }\n        }\n      ],\n      \"reviewPeriodMonths\": 6,\n      \"riskColour\": \"Amber\",\n      \"startDate\": \"2021-01-30\",\n      \"type\": {\n        \"code\": \"ABC124\",\n        \"description\": \"Mental health issues\"\n      },\n      \"warnUser\": true\n    }\n  ]\n}"
    },
    "id" : "388380c2-3c17-4de7-b14c-4968a52204b6",
    "priority" : 0,
    "timeToLive" : {
      "unlimited" : true
    },
    "times" : {
      "remainingTimes" : 1
    }
  }
 |  
2022-05-12 14:56:09.686  INFO 5981 --- [ver-EventLog328] org.mockserver.log.MockServerEventLog    : 8092 returning response:

  {
    "headers" : {
      "content-type" : [ "application/json" ]
    },
    "body" : "{\n  \"registrations\": [\n    {\n      \"active\": true,\n      \"deregisteringNotes\": \"string\",\n      \"deregisteringOfficer\": {\n        \"code\": \"AN001A\",\n        \"forenames\": \"Sheila Linda\",\n        \"surname\": \"Hancock\",\n        \"unallocated\": true\n      },\n      \"deregisteringProbationArea\": {\n        \"code\": \"ABC123\",\n        \"description\": \"Some description\"\n      },\n      \"deregisteringTeam\": {\n        \"code\": \"ABC123\",\n        \"description\": \"Some description\"\n      },\n      \"endDate\": \"2021-01-30\",\n      \"nextReviewDate\": \"2021-01-30\",\n      \"notes\": \"string\",\n      \"numberOfPreviousDeregistrations\": 0,\n      \"offenderId\": 2500343964,\n      \"register\": {\n        \"code\": \"ABC123\",\n        \"description\": \"Some description\"\n      },\n      \"registerCategory\": {\n        \"code\": \"ABC123\",\n        \"description\": \"Some description\"\n      },\n      \"registerLevel\": {\n        \"code\": \"ABC123\",\n        \"description\": \"Some description\"\n      },\n      \"registeringOfficer\": {\n        \"code\": \"AN001A\",\n        \"forenames\": \"Sheila Linda\",\n        \"surname\": \"Hancock\",\n        \"unallocated\": true\n      },\n      \"registeringProbationArea\": {\n        \"code\": \"ABC123\",\n        \"description\": \"Some description\"\n      },\n      \"registeringTeam\": {\n        \"code\": \"ABC123\",\n        \"description\": \"Some description\"\n      },\n      \"registrationId\": 2500064995,\n      \"registrationReviews\": [\n        {\n          \"completed\": true,\n          \"notes\": \"string\",\n          \"reviewDate\": \"2022-05-09\",\n          \"reviewDateDue\": \"2022-05-09\",\n          \"reviewingOfficer\": {\n            \"code\": \"AN001A\",\n            \"forenames\": \"Sheila Linda\",\n            \"surname\": \"Hancock\",\n            \"unallocated\": true\n          },\n          \"reviewingTeam\": {\n            \"code\": \"ABC123\",\n            \"description\": \"Some description\"\n          }\n        }\n      ],\n      \"reviewPeriodMonths\": 6,\n      \"riskColour\": \"Amber\",\n      \"startDate\": \"2021-01-30\",\n      \"type\": {\n        \"code\": \"ABC123\",\n        \"description\": \"Victim contact\"\n      },\n      \"warnUser\": true\n    },\n     {\n      \"active\": false,\n      \"deregisteringNotes\": \"string\",\n      \"deregisteringOfficer\": {\n        \"code\": \"AN001A\",\n        \"forenames\": \"Sheila Linda\",\n        \"surname\": \"Hancock\",\n        \"unallocated\": true\n      },\n      \"deregisteringProbationArea\": {\n        \"code\": \"ABC123\",\n        \"description\": \"Some description\"\n      },\n      \"deregisteringTeam\": {\n        \"code\": \"ABC123\",\n        \"description\": \"Some description\"\n      },\n      \"endDate\": \"2021-01-30\",\n      \"nextReviewDate\": \"2021-01-30\",\n      \"notes\": \"string\",\n      \"numberOfPreviousDeregistrations\": 0,\n      \"offenderId\": 2500343964,\n      \"register\": {\n        \"code\": \"ABC123\",\n        \"description\": \"Some description\"\n      },\n      \"registerCategory\": {\n        \"code\": \"ABC123\",\n        \"description\": \"Some description\"\n      },\n      \"registerLevel\": {\n        \"code\": \"ABC123\",\n        \"description\": \"Some description\"\n      },\n      \"registeringOfficer\": {\n        \"code\": \"AN001A\",\n        \"forenames\": \"Sheila Linda\",\n        \"surname\": \"Hancock\",\n        \"unallocated\": true\n      },\n      \"registeringProbationArea\": {\n        \"code\": \"ABC123\",\n        \"description\": \"Some description\"\n      },\n      \"registeringTeam\": {\n        \"code\": \"ABC123\",\n        \"description\": \"Some description\"\n      },\n      \"registrationId\": 2500064995,\n      \"registrationReviews\": [\n        {\n          \"completed\": true,\n          \"notes\": \"string\",\n          \"reviewDate\": \"2022-05-09\",\n          \"reviewDateDue\": \"2022-05-09\",\n          \"reviewingOfficer\": {\n            \"code\": \"AN001A\",\n            \"forenames\": \"Sheila Linda\",\n            \"surname\": \"Hancock\",\n            \"unallocated\": true\n          },\n          \"reviewingTeam\": {\n            \"code\": \"ABC123\",\n            \"description\": \"Some description\"\n          }\n        }\n      ],\n      \"reviewPeriodMonths\": 6,\n      \"riskColour\": \"Amber\",\n      \"startDate\": \"2021-01-30\",\n      \"type\": {\n        \"code\": \"ABC124\",\n        \"description\": \"Mental health issues\"\n      },\n      \"warnUser\": true\n    }\n  ]\n}"
  }

 for request:

  {
    "method" : "GET",
    "path" : "/secure/offenders/crn/A12345/registrations",
    "headers" : {
      "user-agent" : [ "ReactorNetty/1.0.18" ],
      "host" : [ "localhost:8092" ],
      "content-length" : [ "0" ],
      "accept-encoding" : [ "gzip" ],
      "accept" : [ "*/*" ],
      "Authorization" : [ "Bearer ABCDE" ]
    },
    "keepAlive" : true,
    "secure" : false,
    "remoteAddress" : "127.0.0.1"
  }

 for action:

  {
    "headers" : {
      "content-type" : [ "application/json" ]
    },
    "body" : "{\n  \"registrations\": [\n    {\n      \"active\": true,\n      \"deregisteringNotes\": \"string\",\n      \"deregisteringOfficer\": {\n        \"code\": \"AN001A\",\n        \"forenames\": \"Sheila Linda\",\n        \"surname\": \"Hancock\",\n        \"unallocated\": true\n      },\n      \"deregisteringProbationArea\": {\n        \"code\": \"ABC123\",\n        \"description\": \"Some description\"\n      },\n      \"deregisteringTeam\": {\n        \"code\": \"ABC123\",\n        \"description\": \"Some description\"\n      },\n      \"endDate\": \"2021-01-30\",\n      \"nextReviewDate\": \"2021-01-30\",\n      \"notes\": \"string\",\n      \"numberOfPreviousDeregistrations\": 0,\n      \"offenderId\": 2500343964,\n      \"register\": {\n        \"code\": \"ABC123\",\n        \"description\": \"Some description\"\n      },\n      \"registerCategory\": {\n        \"code\": \"ABC123\",\n        \"description\": \"Some description\"\n      },\n      \"registerLevel\": {\n        \"code\": \"ABC123\",\n        \"description\": \"Some description\"\n      },\n      \"registeringOfficer\": {\n        \"code\": \"AN001A\",\n        \"forenames\": \"Sheila Linda\",\n        \"surname\": \"Hancock\",\n        \"unallocated\": true\n      },\n      \"registeringProbationArea\": {\n        \"code\": \"ABC123\",\n        \"description\": \"Some description\"\n      },\n      \"registeringTeam\": {\n        \"code\": \"ABC123\",\n        \"description\": \"Some description\"\n      },\n      \"registrationId\": 2500064995,\n      \"registrationReviews\": [\n        {\n          \"completed\": true,\n          \"notes\": \"string\",\n          \"reviewDate\": \"2022-05-09\",\n          \"reviewDateDue\": \"2022-05-09\",\n          \"reviewingOfficer\": {\n            \"code\": \"AN001A\",\n            \"forenames\": \"Sheila Linda\",\n            \"surname\": \"Hancock\",\n            \"unallocated\": true\n          },\n          \"reviewingTeam\": {\n            \"code\": \"ABC123\",\n            \"description\": \"Some description\"\n          }\n        }\n      ],\n      \"reviewPeriodMonths\": 6,\n      \"riskColour\": \"Amber\",\n      \"startDate\": \"2021-01-30\",\n      \"type\": {\n        \"code\": \"ABC123\",\n        \"description\": \"Victim contact\"\n      },\n      \"warnUser\": true\n    },\n     {\n      \"active\": false,\n      \"deregisteringNotes\": \"string\",\n      \"deregisteringOfficer\": {\n        \"code\": \"AN001A\",\n        \"forenames\": \"Sheila Linda\",\n        \"surname\": \"Hancock\",\n        \"unallocated\": true\n      },\n      \"deregisteringProbationArea\": {\n        \"code\": \"ABC123\",\n        \"description\": \"Some description\"\n      },\n      \"deregisteringTeam\": {\n        \"code\": \"ABC123\",\n        \"description\": \"Some description\"\n      },\n      \"endDate\": \"2021-01-30\",\n      \"nextReviewDate\": \"2021-01-30\",\n      \"notes\": \"string\",\n      \"numberOfPreviousDeregistrations\": 0,\n      \"offenderId\": 2500343964,\n      \"register\": {\n        \"code\": \"ABC123\",\n        \"description\": \"Some description\"\n      },\n      \"registerCategory\": {\n        \"code\": \"ABC123\",\n        \"description\": \"Some description\"\n      },\n      \"registerLevel\": {\n        \"code\": \"ABC123\",\n        \"description\": \"Some description\"\n      },\n      \"registeringOfficer\": {\n        \"code\": \"AN001A\",\n        \"forenames\": \"Sheila Linda\",\n        \"surname\": \"Hancock\",\n        \"unallocated\": true\n      },\n      \"registeringProbationArea\": {\n        \"code\": \"ABC123\",\n        \"description\": \"Some description\"\n      },\n      \"registeringTeam\": {\n        \"code\": \"ABC123\",\n        \"description\": \"Some description\"\n      },\n      \"registrationId\": 2500064995,\n      \"registrationReviews\": [\n        {\n          \"completed\": true,\n          \"notes\": \"string\",\n          \"reviewDate\": \"2022-05-09\",\n          \"reviewDateDue\": \"2022-05-09\",\n          \"reviewingOfficer\": {\n            \"code\": \"AN001A\",\n            \"forenames\": \"Sheila Linda\",\n            \"surname\": \"Hancock\",\n            \"unallocated\": true\n          },\n          \"reviewingTeam\": {\n            \"code\": \"ABC123\",\n            \"description\": \"Some description\"\n          }\n        }\n      ],\n      \"reviewPeriodMonths\": 6,\n      \"riskColour\": \"Amber\",\n      \"startDate\": \"2021-01-30\",\n      \"type\": {\n        \"code\": \"ABC124\",\n        \"description\": \"Mental health issues\"\n      },\n      \"warnUser\": true\n    }\n  ]\n}"
  }

 from expectation:

  388380c2-3c17-4de7-b14c-4968a52204b6
 |  
2022-05-12 14:56:09.689  INFO 5981 --- [o-auto-1-exec-9] u.g.j.d.h.m.c.SentryContextAppender      : [preHandle] GET /cases/A12345/personal-details - operationId: 00000000000000000000000000000000 |  
2022-05-12 14:56:09.689  INFO 5981 --- [ver-EventLog328] org.mockserver.log.MockServerEventLog    : 8092 removed expectation:

  {
    "httpRequest" : {
      "path" : "/secure/offenders/crn/A12345/registrations"
    },
    "httpResponse" : {
      "headers" : {
        "content-type" : [ "application/json" ]
      },
      "body" : "{\n  \"registrations\": [\n    {\n      \"active\": true,\n      \"deregisteringNotes\": \"string\",\n      \"deregisteringOfficer\": {\n        \"code\": \"AN001A\",\n        \"forenames\": \"Sheila Linda\",\n        \"surname\": \"Hancock\",\n        \"unallocated\": true\n      },\n      \"deregisteringProbationArea\": {\n        \"code\": \"ABC123\",\n        \"description\": \"Some description\"\n      },\n      \"deregisteringTeam\": {\n        \"code\": \"ABC123\",\n        \"description\": \"Some description\"\n      },\n      \"endDate\": \"2021-01-30\",\n      \"nextReviewDate\": \"2021-01-30\",\n      \"notes\": \"string\",\n      \"numberOfPreviousDeregistrations\": 0,\n      \"offenderId\": 2500343964,\n      \"register\": {\n        \"code\": \"ABC123\",\n        \"description\": \"Some description\"\n      },\n      \"registerCategory\": {\n        \"code\": \"ABC123\",\n        \"description\": \"Some description\"\n      },\n      \"registerLevel\": {\n        \"code\": \"ABC123\",\n        \"description\": \"Some description\"\n      },\n      \"registeringOfficer\": {\n        \"code\": \"AN001A\",\n        \"forenames\": \"Sheila Linda\",\n        \"surname\": \"Hancock\",\n        \"unallocated\": true\n      },\n      \"registeringProbationArea\": {\n        \"code\": \"ABC123\",\n        \"description\": \"Some description\"\n      },\n      \"registeringTeam\": {\n        \"code\": \"ABC123\",\n        \"description\": \"Some description\"\n      },\n      \"registrationId\": 2500064995,\n      \"registrationReviews\": [\n        {\n          \"completed\": true,\n          \"notes\": \"string\",\n          \"reviewDate\": \"2022-05-09\",\n          \"reviewDateDue\": \"2022-05-09\",\n          \"reviewingOfficer\": {\n            \"code\": \"AN001A\",\n            \"forenames\": \"Sheila Linda\",\n            \"surname\": \"Hancock\",\n            \"unallocated\": true\n          },\n          \"reviewingTeam\": {\n            \"code\": \"ABC123\",\n            \"description\": \"Some description\"\n          }\n        }\n      ],\n      \"reviewPeriodMonths\": 6,\n      \"riskColour\": \"Amber\",\n      \"startDate\": \"2021-01-30\",\n      \"type\": {\n        \"code\": \"ABC123\",\n        \"description\": \"Victim contact\"\n      },\n      \"warnUser\": true\n    },\n     {\n      \"active\": false,\n      \"deregisteringNotes\": \"string\",\n      \"deregisteringOfficer\": {\n        \"code\": \"AN001A\",\n        \"forenames\": \"Sheila Linda\",\n        \"surname\": \"Hancock\",\n        \"unallocated\": true\n      },\n      \"deregisteringProbationArea\": {\n        \"code\": \"ABC123\",\n        \"description\": \"Some description\"\n      },\n      \"deregisteringTeam\": {\n        \"code\": \"ABC123\",\n        \"description\": \"Some description\"\n      },\n      \"endDate\": \"2021-01-30\",\n      \"nextReviewDate\": \"2021-01-30\",\n      \"notes\": \"string\",\n      \"numberOfPreviousDeregistrations\": 0,\n      \"offenderId\": 2500343964,\n      \"register\": {\n        \"code\": \"ABC123\",\n        \"description\": \"Some description\"\n      },\n      \"registerCategory\": {\n        \"code\": \"ABC123\",\n        \"description\": \"Some description\"\n      },\n      \"registerLevel\": {\n        \"code\": \"ABC123\",\n        \"description\": \"Some description\"\n      },\n      \"registeringOfficer\": {\n        \"code\": \"AN001A\",\n        \"forenames\": \"Sheila Linda\",\n        \"surname\": \"Hancock\",\n        \"unallocated\": true\n      },\n      \"registeringProbationArea\": {\n        \"code\": \"ABC123\",\n        \"description\": \"Some description\"\n      },\n      \"registeringTeam\": {\n        \"code\": \"ABC123\",\n        \"description\": \"Some description\"\n      },\n      \"registrationId\": 2500064995,\n      \"registrationReviews\": [\n        {\n          \"completed\": true,\n          \"notes\": \"string\",\n          \"reviewDate\": \"2022-05-09\",\n          \"reviewDateDue\": \"2022-05-09\",\n          \"reviewingOfficer\": {\n            \"code\": \"AN001A\",\n            \"forenames\": \"Sheila Linda\",\n            \"surname\": \"Hancock\",\n            \"unallocated\": true\n          },\n          \"reviewingTeam\": {\n            \"code\": \"ABC123\",\n            \"description\": \"Some description\"\n          }\n        }\n      ],\n      \"reviewPeriodMonths\": 6,\n      \"riskColour\": \"Amber\",\n      \"startDate\": \"2021-01-30\",\n      \"type\": {\n        \"code\": \"ABC124\",\n        \"description\": \"Mental health issues\"\n      },\n      \"warnUser\": true\n    }\n  ]\n}"
    },
    "id" : "388380c2-3c17-4de7-b14c-4968a52204b6",
    "priority" : 0,
    "timeToLive" : {
      "unlimited" : true
    },
    "times" : {
      "remainingTimes" : 0
    }
  }

 with id:

  388380c2-3c17-4de7-b14c-4968a52204b6
 |  
2022-05-12 14:56:09.746  INFO 5981 --- [ver-EventLog328] org.mockserver.log.MockServerEventLog    : 9090 stopped for port: 8092 |  
2022-05-12 14:56:09.857  INFO 5981 --- [ver-EventLog331] org.mockserver.log.MockServerEventLog    : 9090 stopped for port: 8093 |  
2022-05-12 14:56:09.969  INFO 5981 --- [ver-EventLog334] org.mockserver.log.MockServerEventLog    : 9090 stopped for port: 8094 |  
2022-05-12 14:56:10.079  INFO 5981 --- [ver-EventLog337] org.mockserver.log.MockServerEventLog    : 9090 stopped for port: 9090 |  
]]></system-out>
  <system-err><![CDATA[]]></system-err>
</testsuite>
