<?xml version="1.0" encoding="UTF-8"?>
<testsuite name="uk.gov.justice.digital.hmpps.makerecalldecisionapi.integration.client.CommunityApiClientTest" tests="3" skipped="0" failures="0" errors="0" timestamp="2022-05-12T13:56:01" hostname="Loki-7281" time="3.354">
  <properties/>
  <testcase name="retrieves registrations()" classname="uk.gov.justice.digital.hmpps.makerecalldecisionapi.integration.client.CommunityApiClientTest" time="2.77"/>
  <testcase name="retrieves convictions()" classname="uk.gov.justice.digital.hmpps.makerecalldecisionapi.integration.client.CommunityApiClientTest" time="0.276"/>
  <testcase name="retrieves all offender details()" classname="uk.gov.justice.digital.hmpps.makerecalldecisionapi.integration.client.CommunityApiClientTest" time="0.295"/>
  <system-out><![CDATA[14:55:49.003 [Test worker] DEBUG io.netty.util.internal.logging.InternalLoggerFactory - Using SLF4J as the default logging framework
14:55:49.005 [Test worker] DEBUG io.netty.channel.MultithreadEventLoopGroup - -Dio.netty.eventLoopThreads: 12
14:55:49.030 [Test worker] DEBUG io.netty.util.internal.InternalThreadLocalMap - -Dio.netty.threadLocalMap.stringBuilder.initialSize: 1024
14:55:49.030 [Test worker] DEBUG io.netty.util.internal.InternalThreadLocalMap - -Dio.netty.threadLocalMap.stringBuilder.maxSize: 4096
14:55:49.052 [Test worker] DEBUG io.netty.util.internal.PlatformDependent0 - -Dio.netty.noUnsafe: false
14:55:49.053 [Test worker] DEBUG io.netty.util.internal.PlatformDependent0 - Java version: 17
14:55:49.054 [Test worker] DEBUG io.netty.util.internal.PlatformDependent0 - sun.misc.Unsafe.theUnsafe: available
14:55:49.055 [Test worker] DEBUG io.netty.util.internal.PlatformDependent0 - sun.misc.Unsafe.copyMemory: available
14:55:49.056 [Test worker] DEBUG io.netty.util.internal.PlatformDependent0 - java.nio.Buffer.address: available
14:55:49.056 [Test worker] DEBUG io.netty.util.internal.PlatformDependent0 - direct buffer constructor: unavailable: Reflective setAccessible(true) disabled
14:55:49.057 [Test worker] DEBUG io.netty.util.internal.PlatformDependent0 - java.nio.Bits.unaligned: available, true
14:55:49.058 [Test worker] DEBUG io.netty.util.internal.PlatformDependent0 - jdk.internal.misc.Unsafe.allocateUninitializedArray(int): unavailable: class io.netty.util.internal.PlatformDependent0$6 cannot access class jdk.internal.misc.Unsafe (in module java.base) because module java.base does not export jdk.internal.misc to unnamed module @10163d6
14:55:49.060 [Test worker] DEBUG io.netty.util.internal.PlatformDependent0 - java.nio.DirectByteBuffer.<init>(long, int): unavailable
14:55:49.060 [Test worker] DEBUG io.netty.util.internal.PlatformDependent - sun.misc.Unsafe: available
14:55:49.070 [Test worker] DEBUG io.netty.util.internal.PlatformDependent - maxDirectMemory: 536870912 bytes (maybe)
14:55:49.071 [Test worker] DEBUG io.netty.util.internal.PlatformDependent - -Dio.netty.tmpdir: /tmp (java.io.tmpdir)
14:55:49.071 [Test worker] DEBUG io.netty.util.internal.PlatformDependent - -Dio.netty.bitMode: 64 (sun.arch.data.model)
14:55:49.072 [Test worker] DEBUG io.netty.util.internal.PlatformDependent - -Dio.netty.maxDirectMemory: -1 bytes
14:55:49.073 [Test worker] DEBUG io.netty.util.internal.PlatformDependent - -Dio.netty.uninitializedArrayAllocationThreshold: -1
14:55:49.074 [Test worker] DEBUG io.netty.util.internal.CleanerJava9 - java.nio.ByteBuffer.cleaner(): available
14:55:49.074 [Test worker] DEBUG io.netty.util.internal.PlatformDependent - -Dio.netty.noPreferDirect: false
14:55:49.076 [Test worker] DEBUG io.netty.channel.nio.NioEventLoop - -Dio.netty.noKeySetOptimization: false
14:55:49.076 [Test worker] DEBUG io.netty.channel.nio.NioEventLoop - -Dio.netty.selectorAutoRebuildThreshold: 512
14:55:49.086 [Test worker] DEBUG io.netty.util.internal.PlatformDependent - org.jctools-core.MpscChunkedArrayQueue: available
14:55:49.590 [Test worker] DEBUG io.netty.util.ResourceLeakDetector - -Dio.netty.leakDetection.level: simple
14:55:49.590 [Test worker] DEBUG io.netty.util.ResourceLeakDetector - -Dio.netty.leakDetection.targetRecords: 4
14:55:49.592 [Test worker] DEBUG io.netty.buffer.PooledByteBufAllocator - -Dio.netty.allocator.numHeapArenas: 12
14:55:49.592 [Test worker] DEBUG io.netty.buffer.PooledByteBufAllocator - -Dio.netty.allocator.numDirectArenas: 12
14:55:49.593 [Test worker] DEBUG io.netty.buffer.PooledByteBufAllocator - -Dio.netty.allocator.pageSize: 8192
14:55:49.593 [Test worker] DEBUG io.netty.buffer.PooledByteBufAllocator - -Dio.netty.allocator.maxOrder: 9
14:55:49.593 [Test worker] DEBUG io.netty.buffer.PooledByteBufAllocator - -Dio.netty.allocator.chunkSize: 4194304
14:55:49.593 [Test worker] DEBUG io.netty.buffer.PooledByteBufAllocator - -Dio.netty.allocator.smallCacheSize: 256
14:55:49.593 [Test worker] DEBUG io.netty.buffer.PooledByteBufAllocator - -Dio.netty.allocator.normalCacheSize: 64
14:55:49.593 [Test worker] DEBUG io.netty.buffer.PooledByteBufAllocator - -Dio.netty.allocator.maxCachedBufferCapacity: 32768
14:55:49.593 [Test worker] DEBUG io.netty.buffer.PooledByteBufAllocator - -Dio.netty.allocator.cacheTrimInterval: 8192
14:55:49.594 [Test worker] DEBUG io.netty.buffer.PooledByteBufAllocator - -Dio.netty.allocator.cacheTrimIntervalMillis: 0
14:55:49.594 [Test worker] DEBUG io.netty.buffer.PooledByteBufAllocator - -Dio.netty.allocator.useCacheForAllThreads: false
14:55:49.594 [Test worker] DEBUG io.netty.buffer.PooledByteBufAllocator - -Dio.netty.allocator.maxCachedByteBuffersPerChunk: 1023
14:55:49.649 [MockServer-MockServer thread for port: 80921] DEBUG io.netty.channel.DefaultChannelId - -Dio.netty.processId: 5981 (auto-detected)
14:55:49.651 [MockServer-MockServer thread for port: 80921] DEBUG io.netty.util.NetUtil - -Djava.net.preferIPv4Stack: false
14:55:49.652 [MockServer-MockServer thread for port: 80921] DEBUG io.netty.util.NetUtil - -Djava.net.preferIPv6Addresses: false
14:55:49.655 [MockServer-MockServer thread for port: 80921] DEBUG io.netty.util.NetUtilInitializations - Loopback interface: lo (lo, 0:0:0:0:0:0:0:1%lo)
14:55:49.660 [MockServer-MockServer thread for port: 80921] DEBUG io.netty.util.NetUtil - /proc/sys/net/core/somaxconn: 4096
14:55:49.662 [MockServer-MockServer thread for port: 80921] DEBUG io.netty.channel.DefaultChannelId - -Dio.netty.machineId: 08:00:27:ff:fe:77:b4:0d (auto-detected)
14:55:49.689 [MockServer-MockServer thread for port: 80921] DEBUG io.netty.buffer.ByteBufUtil - -Dio.netty.allocator.type: pooled
14:55:49.690 [MockServer-MockServer thread for port: 80921] DEBUG io.netty.buffer.ByteBufUtil - -Dio.netty.threadLocalDirectBufferSize: 0
14:55:49.691 [MockServer-MockServer thread for port: 80921] DEBUG io.netty.buffer.ByteBufUtil - -Dio.netty.maxThreadLocalCharBufferSize: 16384
14:55:49.709 [MockServer-EventLog0] INFO org.mockserver.log.MockServerEventLog - 8092 started on port: 8092
14:55:49.721 [MockServer-EventLog3] INFO org.mockserver.log.MockServerEventLog - 8093 started on port: 8093
14:55:49.735 [MockServer-EventLog6] INFO org.mockserver.log.MockServerEventLog - 8094 started on port: 8094
14:55:49.753 [MockServer-EventLog9] INFO org.mockserver.log.MockServerEventLog - 9090 started on port: 9090
14:55:49.861 [Test worker] DEBUG org.springframework.test.context.BootstrapUtils - Instantiating CacheAwareContextLoaderDelegate from class [org.springframework.test.context.cache.DefaultCacheAwareContextLoaderDelegate]
14:55:49.874 [Test worker] DEBUG org.springframework.test.context.BootstrapUtils - Instantiating BootstrapContext using constructor [public org.springframework.test.context.support.DefaultBootstrapContext(java.lang.Class,org.springframework.test.context.CacheAwareContextLoaderDelegate)]
14:55:49.914 [Test worker] DEBUG org.springframework.test.context.BootstrapUtils - Instantiating TestContextBootstrapper for test class [uk.gov.justice.digital.hmpps.makerecalldecisionapi.integration.client.CommunityApiClientTest] from class [org.springframework.boot.test.context.SpringBootTestContextBootstrapper]
14:55:49.929 [Test worker] INFO org.springframework.boot.test.context.SpringBootTestContextBootstrapper - Neither @ContextConfiguration nor @ContextHierarchy found for test class [uk.gov.justice.digital.hmpps.makerecalldecisionapi.integration.client.CommunityApiClientTest], using SpringBootContextLoader
14:55:49.935 [Test worker] DEBUG org.springframework.test.context.support.AbstractContextLoader - Did not detect default resource location for test class [uk.gov.justice.digital.hmpps.makerecalldecisionapi.integration.client.CommunityApiClientTest]: class path resource [uk/gov/justice/digital/hmpps/makerecalldecisionapi/integration/client/CommunityApiClientTest-context.xml] does not exist
14:55:49.935 [Test worker] DEBUG org.springframework.test.context.support.AbstractContextLoader - Did not detect default resource location for test class [uk.gov.justice.digital.hmpps.makerecalldecisionapi.integration.client.CommunityApiClientTest]: class path resource [uk/gov/justice/digital/hmpps/makerecalldecisionapi/integration/client/CommunityApiClientTestContext.groovy] does not exist
14:55:49.936 [Test worker] INFO org.springframework.test.context.support.AbstractContextLoader - Could not detect default resource locations for test class [uk.gov.justice.digital.hmpps.makerecalldecisionapi.integration.client.CommunityApiClientTest]: no resource found for suffixes {-context.xml, Context.groovy}.
14:55:49.937 [Test worker] INFO org.springframework.test.context.support.AnnotationConfigContextLoaderUtils - Could not detect default configuration classes for test class [uk.gov.justice.digital.hmpps.makerecalldecisionapi.integration.client.CommunityApiClientTest]: CommunityApiClientTest does not declare any static, non-private, non-final, nested classes annotated with @Configuration.
14:55:50.088 [Test worker] DEBUG org.springframework.context.annotation.ClassPathScanningCandidateComponentProvider - Identified candidate component class: file [/home/charliejade/dev/apps/EE/make-recall-decision-api/build/classes/kotlin/main/uk/gov/justice/digital/hmpps/makerecalldecisionapi/MakeRecallDecisionApi.class]
14:55:50.089 [Test worker] INFO org.springframework.boot.test.context.SpringBootTestContextBootstrapper - Found @SpringBootConfiguration uk.gov.justice.digital.hmpps.makerecalldecisionapi.MakeRecallDecisionApi for test class uk.gov.justice.digital.hmpps.makerecalldecisionapi.integration.client.CommunityApiClientTest
14:55:50.236 [Test worker] DEBUG org.springframework.boot.test.context.SpringBootTestContextBootstrapper - @TestExecutionListeners is not present for class [uk.gov.justice.digital.hmpps.makerecalldecisionapi.integration.client.CommunityApiClientTest]: using defaults.
14:55:50.236 [Test worker] INFO org.springframework.boot.test.context.SpringBootTestContextBootstrapper - Loaded default TestExecutionListener class names from location [META-INF/spring.factories]: [org.springframework.boot.test.autoconfigure.restdocs.RestDocsTestExecutionListener, org.springframework.boot.test.autoconfigure.web.client.MockRestServiceServerResetTestExecutionListener, org.springframework.boot.test.autoconfigure.web.servlet.MockMvcPrintOnlyOnFailureTestExecutionListener, org.springframework.boot.test.autoconfigure.web.servlet.WebDriverTestExecutionListener, org.springframework.boot.test.autoconfigure.webservices.client.MockWebServiceServerTestExecutionListener, org.springframework.boot.test.mock.mockito.MockitoTestExecutionListener, org.springframework.boot.test.mock.mockito.ResetMocksTestExecutionListener, org.springframework.test.context.web.ServletTestExecutionListener, org.springframework.test.context.support.DirtiesContextBeforeModesTestExecutionListener, org.springframework.test.context.event.ApplicationEventsTestExecutionListener, org.springframework.test.context.support.DependencyInjectionTestExecutionListener, org.springframework.test.context.support.DirtiesContextTestExecutionListener, org.springframework.test.context.transaction.TransactionalTestExecutionListener, org.springframework.test.context.jdbc.SqlScriptsTestExecutionListener, org.springframework.test.context.event.EventPublishingTestExecutionListener]
14:55:50.253 [Test worker] INFO org.springframework.boot.test.context.SpringBootTestContextBootstrapper - Using TestExecutionListeners: [org.springframework.test.context.web.ServletTestExecutionListener@31ddb930, org.springframework.test.context.support.DirtiesContextBeforeModesTestExecutionListener@12eedfee, org.springframework.test.context.event.ApplicationEventsTestExecutionListener@3c3c4a71, org.springframework.boot.test.mock.mockito.MockitoTestExecutionListener@1352434e, org.springframework.boot.test.autoconfigure.SpringBootDependencyInjectionTestExecutionListener@4f9a6c2d, org.springframework.test.context.support.DirtiesContextTestExecutionListener@2b6fcb9f, org.springframework.test.context.transaction.TransactionalTestExecutionListener@75de6341, org.springframework.test.context.jdbc.SqlScriptsTestExecutionListener@74170687, org.springframework.test.context.event.EventPublishingTestExecutionListener@68f0f72c, org.springframework.boot.test.autoconfigure.restdocs.RestDocsTestExecutionListener@3d96fa9e, org.springframework.boot.test.autoconfigure.web.client.MockRestServiceServerResetTestExecutionListener@3b545206, org.springframework.boot.test.autoconfigure.web.servlet.MockMvcPrintOnlyOnFailureTestExecutionListener@77bb48d5, org.springframework.boot.test.autoconfigure.web.servlet.WebDriverTestExecutionListener@181d8899, org.springframework.boot.test.autoconfigure.webservices.client.MockWebServiceServerTestExecutionListener@12d5c30e, org.springframework.boot.test.mock.mockito.ResetMocksTestExecutionListener@b887730]
14:55:50.260 [Test worker] DEBUG org.springframework.test.context.support.DependencyInjectionTestExecutionListener - Performing dependency injection for test context [[DefaultTestContext@2a4f5433 testClass = CommunityApiClientTest, testInstance = uk.gov.justice.digital.hmpps.makerecalldecisionapi.integration.client.CommunityApiClientTest@6812fa3a, testMethod = [null], testException = [null], mergedContextConfiguration = [WebMergedContextConfiguration@29149030 testClass = CommunityApiClientTest, locations = '{}', classes = '{class uk.gov.justice.digital.hmpps.makerecalldecisionapi.MakeRecallDecisionApi}', contextInitializerClasses = '[]', activeProfiles = '{test}', propertySourceLocations = '{}', propertySourceProperties = '{org.springframework.boot.test.context.SpringBootTestContextBootstrapper=true, server.port=0}', contextCustomizers = set[org.springframework.boot.test.autoconfigure.actuate.metrics.MetricsExportContextCustomizerFactory$DisableMetricExportContextCustomizer@61dde151, org.springframework.boot.test.autoconfigure.properties.PropertyMappingContextCustomizer@0, org.springframework.boot.test.autoconfigure.web.servlet.WebDriverContextCustomizerFactory$Customizer@4eb45fec, org.springframework.boot.test.context.filter.ExcludeFilterContextCustomizer@588307f7, org.springframework.boot.test.json.DuplicateJsonObjectContextCustomizerFactory$DuplicateJsonObjectContextCustomizer@2acbc859, org.springframework.boot.test.mock.mockito.MockitoContextCustomizer@0, org.springframework.boot.test.web.client.TestRestTemplateContextCustomizer@41ffaeb8, org.springframework.boot.test.web.reactive.server.WebTestClientContextCustomizer@444cc791, org.springframework.boot.test.context.SpringBootTestArgs@1, org.springframework.boot.test.context.SpringBootTestWebEnvironment@2a265ea9], resourceBasePath = 'src/main/webapp', contextLoader = 'org.springframework.boot.test.context.SpringBootContextLoader', parent = [null]], attributes = map['org.springframework.test.context.web.ServletTestExecutionListener.activateListener' -> false, 'org.springframework.test.context.event.ApplicationEventsTestExecutionListener.recordApplicationEvents' -> false]]].


                 _                             _ _       _           _     _                               _
                | |                           | | |     | |         (_)   (_)                             (_)
 _ __ ___   __ _| | _____   _ __ ___  ___ __ _| | |   __| | ___  ___ _ ___ _  ___  _ __  ___    __ _ _ __  _
| '_ ` _ \ / _` | |/ / _ \ | '__/ _ \/ __/ _` | | |  / _` |/ _ \/ __| / __| |/ _ \| '_ \/ __|  / _` | '_ \| |
| | | | | | (_| |   <  __/ | | |  __/ (_| (_| | | | | (_| |  __/ (__| \__ \ | (_) | | | \__ \ | (_| | |_) | |
|_| |_| |_|\__,_|_|\_\___| |_|  \___|\___\__,_|_|_|  \__,_|\___|\___|_|___/_|\___/|_| |_|___/  \__,_| .__/|_|
                                                                                                    | |
                                                                                                    |_|

2022-05-12 14:55:50.872  INFO 5981 --- [    Test worker] u.g.j.d.h.m.i.c.CommunityApiClientTest   : Starting CommunityApiClientTest using Java 17.0.2 on Loki-7281 with PID 5981 (started by charliejade in /home/charliejade/dev/apps/EE/make-recall-decision-api) |  
2022-05-12 14:55:50.874 DEBUG 5981 --- [    Test worker] u.g.j.d.h.m.i.c.CommunityApiClientTest   : Running with Spring Boot v2.6.7, Spring v5.3.19 |  
2022-05-12 14:55:50.874  INFO 5981 --- [    Test worker] u.g.j.d.h.m.i.c.CommunityApiClientTest   : The following 2 profiles are active: "test", "stdout" |  
2022-05-12 14:55:54.200  INFO 5981 --- [    Test worker] o.s.b.w.embedded.tomcat.TomcatWebServer  : Tomcat initialized with port(s): 0 (http) |  
2022-05-12 14:55:54 5.13.2 INFO Initializing ProtocolHandler ["http-nio-auto-1"] 
2022-05-12 14:55:54 5.13.2 INFO Starting service [Tomcat] 
2022-05-12 14:55:54 5.13.2 INFO Starting Servlet engine: [Apache Tomcat/9.0.62] 
2022-05-12 14:55:54 5.13.2 INFO Initializing Spring embedded WebApplicationContext 
2022-05-12 14:55:54.582  INFO 5981 --- [    Test worker] w.s.c.ServletWebServerApplicationContext : Root WebApplicationContext: initialization completed in 3684 ms |  
2022-05-12 14:55:57.144  INFO 5981 --- [    Test worker] o.s.s.web.DefaultSecurityFilterChain     : Will secure any request with [org.springframework.security.web.context.request.async.WebAsyncManagerIntegrationFilter@20276412, org.springframework.security.web.context.SecurityContextPersistenceFilter@5e085259, org.springframework.security.web.header.HeaderWriterFilter@2ba4b32b, org.springframework.security.web.authentication.logout.LogoutFilter@da5b46f, org.springframework.security.oauth2.server.resource.web.BearerTokenAuthenticationFilter@30a1b2ad, org.springframework.security.web.savedrequest.RequestCacheAwareFilter@d7c00de, org.springframework.security.web.servletapi.SecurityContextHolderAwareRequestFilter@6046fba0, org.springframework.security.web.authentication.AnonymousAuthenticationFilter@1dae9e61, org.springframework.security.web.session.SessionManagementFilter@1c15a6aa, org.springframework.security.web.access.ExceptionTranslationFilter@13e6c544, org.springframework.security.web.access.intercept.FilterSecurityInterceptor@7ca8f5d7] |  
2022-05-12 14:55:59.400  WARN 5981 --- [    Test worker] o.s.b.a.m.MustacheAutoConfiguration      : Cannot find template location: classpath:/templates/ (please add some templates, check your Mustache configuration, or set spring.mustache.check-template-location=false) |  
2022-05-12 14:56:00 5.13.2 INFO Starting ProtocolHandler ["http-nio-auto-1"] 
2022-05-12 14:56:00.867  INFO 5981 --- [    Test worker] o.s.b.w.embedded.tomcat.TomcatWebServer  : Tomcat started on port(s): 43927 (http) with context path '' |  
2022-05-12 14:56:00.971  INFO 5981 --- [    Test worker] o.s.b.w.embedded.tomcat.TomcatWebServer  : Tomcat initialized with port(s): 0 (http) |  
2022-05-12 14:56:00 5.13.2 INFO Initializing ProtocolHandler ["http-nio-auto-2"] 
2022-05-12 14:56:00 5.13.2 INFO Starting service [Tomcat] 
2022-05-12 14:56:00 5.13.2 INFO Starting Servlet engine: [Apache Tomcat/9.0.62] 
2022-05-12 14:56:01 5.13.2 INFO Initializing Spring embedded WebApplicationContext 
2022-05-12 14:56:01.018  INFO 5981 --- [    Test worker] w.s.c.ServletWebServerApplicationContext : Root WebApplicationContext: initialization completed in 144 ms |  
2022-05-12 14:56:01.036  INFO 5981 --- [    Test worker] o.s.b.a.e.web.EndpointLinksResolver      : Exposing 2 endpoint(s) beneath base path '' |  
2022-05-12 14:56:01 5.13.2 INFO Starting ProtocolHandler ["http-nio-auto-2"] 
2022-05-12 14:56:01.623  INFO 5981 --- [    Test worker] o.s.b.w.embedded.tomcat.TomcatWebServer  : Tomcat started on port(s): 35529 (http) with context path '' |  
2022-05-12 14:56:01.671  INFO 5981 --- [    Test worker] u.g.j.d.h.m.i.c.CommunityApiClientTest   : Started CommunityApiClientTest in 11.387 seconds (JVM running for 15.648) |  
2022-05-12 14:56:01.739  INFO 5981 --- [    Test worker] u.g.j.d.h.m.h.VersionOutputter$Companion : Version 2022-05-12 started |  
2022-05-12 14:56:03.385  INFO 5981 --- [erver-EventLog0] org.mockserver.log.MockServerEventLog    : 8092 resetting all expectations and request logs |  
2022-05-12 14:56:03.407  INFO 5981 --- [erver-EventLog3] org.mockserver.log.MockServerEventLog    : 8093 resetting all expectations and request logs |  
2022-05-12 14:56:03.438  INFO 5981 --- [erver-EventLog6] org.mockserver.log.MockServerEventLog    : 8094 resetting all expectations and request logs |  
2022-05-12 14:56:03.809  INFO 5981 --- [erver-EventLog9] org.mockserver.log.MockServerEventLog    : 9090 creating expectation:

  {
    "httpRequest" : {
      "path" : "/auth/oauth/token"
    },
    "httpResponse" : {
      "headers" : {
        "content-type" : [ "application/json" ]
      },
      "body" : "{\"access_token\":\"ABCDE\",\"token_type\":\"bearer\"}"
    },
    "id" : "15a32e86-4b27-460a-970d-992e2fc1db69",
    "priority" : 0,
    "timeToLive" : {
      "unlimited" : true
    },
    "times" : {
      "unlimited" : true
    }
  }

 with id:

  15a32e86-4b27-460a-970d-992e2fc1db69
 |  
2022-05-12 14:56:03.875  INFO 5981 --- [erver-EventLog9] org.mockserver.log.MockServerEventLog    : 9090 creating expectation:

  {
    "httpRequest" : {
      "path" : "/auth/health/ping"
    },
    "httpResponse" : {
      "headers" : {
        "content-type" : [ "application/json" ]
      },
      "body" : "{\"status\":\"OK\"}"
    },
    "id" : "72be8273-9dbc-4df7-be4b-a19f47df70d3",
    "priority" : 0,
    "timeToLive" : {
      "unlimited" : true
    },
    "times" : {
      "unlimited" : true
    }
  }

 with id:

  72be8273-9dbc-4df7-be4b-a19f47df70d3
 |  
2022-05-12 14:56:03.972  INFO 5981 --- [erver-EventLog0] org.mockserver.log.MockServerEventLog    : 8092 creating expectation:

  {
    "httpRequest" : {
      "path" : "/ping"
    },
    "httpResponse" : {
      "headers" : {
        "content-type" : [ "application/json" ]
      },
      "body" : "{\"status\":\"OK\"}"
    },
    "id" : "eb4c1025-9f8b-4694-828c-dd7f2cbd4aee",
    "priority" : 0,
    "timeToLive" : {
      "unlimited" : true
    },
    "times" : {
      "unlimited" : true
    }
  }

 with id:

  eb4c1025-9f8b-4694-828c-dd7f2cbd4aee
 |  
2022-05-12 14:56:04.010  INFO 5981 --- [erver-EventLog3] org.mockserver.log.MockServerEventLog    : 8093 creating expectation:

  {
    "httpRequest" : {
      "path" : "/health/ping"
    },
    "httpResponse" : {
      "headers" : {
        "content-type" : [ "application/json" ]
      },
      "body" : "{\"status\":\"OK\"}"
    },
    "id" : "e08f1338-b68c-40ef-b3b1-6697c96b4eb6",
    "priority" : 0,
    "timeToLive" : {
      "unlimited" : true
    },
    "times" : {
      "unlimited" : true
    }
  }

 with id:

  e08f1338-b68c-40ef-b3b1-6697c96b4eb6
 |  
2022-05-12 14:56:04.065  INFO 5981 --- [erver-EventLog6] org.mockserver.log.MockServerEventLog    : 8094 creating expectation:

  {
    "httpRequest" : {
      "path" : "/health"
    },
    "httpResponse" : {
      "headers" : {
        "content-type" : [ "application/json" ]
      },
      "body" : "{\"status\":\"up\"}"
    },
    "id" : "dae57c90-785d-4da5-ad3a-5a30998e4b6b",
    "priority" : 0,
    "timeToLive" : {
      "unlimited" : true
    },
    "times" : {
      "unlimited" : true
    }
  }

 with id:

  dae57c90-785d-4da5-ad3a-5a30998e4b6b
 |  
2022-05-12 14:56:04.127  INFO 5981 --- [erver-EventLog0] org.mockserver.log.MockServerEventLog    : 8092 creating expectation:

  {
    "httpRequest" : {
      "path" : "/secure/offenders/crn/X123456/registrations"
    },
    "httpResponse" : {
      "headers" : {
        "content-type" : [ "application/json" ]
      },
      "body" : "{\n  \"registrations\": [\n    {\n      \"active\": true,\n      \"deregisteringNotes\": \"string\",\n      \"deregisteringOfficer\": {\n        \"code\": \"AN001A\",\n        \"forenames\": \"Sheila Linda\",\n        \"surname\": \"Hancock\",\n        \"unallocated\": true\n      },\n      \"deregisteringProbationArea\": {\n        \"code\": \"ABC123\",\n        \"description\": \"Some description\"\n      },\n      \"deregisteringTeam\": {\n        \"code\": \"ABC123\",\n        \"description\": \"Some description\"\n      },\n      \"endDate\": \"2021-01-30\",\n      \"nextReviewDate\": \"2021-01-30\",\n      \"notes\": \"string\",\n      \"numberOfPreviousDeregistrations\": 0,\n      \"offenderId\": 2500343964,\n      \"register\": {\n        \"code\": \"ABC123\",\n        \"description\": \"Some description\"\n      },\n      \"registerCategory\": {\n        \"code\": \"ABC123\",\n        \"description\": \"Some description\"\n      },\n      \"registerLevel\": {\n        \"code\": \"ABC123\",\n        \"description\": \"Some description\"\n      },\n      \"registeringOfficer\": {\n        \"code\": \"AN001A\",\n        \"forenames\": \"Sheila Linda\",\n        \"surname\": \"Hancock\",\n        \"unallocated\": true\n      },\n      \"registeringProbationArea\": {\n        \"code\": \"ABC123\",\n        \"description\": \"Some description\"\n      },\n      \"registeringTeam\": {\n        \"code\": \"ABC123\",\n        \"description\": \"Some description\"\n      },\n      \"registrationId\": 2500064995,\n      \"registrationReviews\": [\n        {\n          \"completed\": true,\n          \"notes\": \"string\",\n          \"reviewDate\": \"2022-05-09\",\n          \"reviewDateDue\": \"2022-05-09\",\n          \"reviewingOfficer\": {\n            \"code\": \"AN001A\",\n            \"forenames\": \"Sheila Linda\",\n            \"surname\": \"Hancock\",\n            \"unallocated\": true\n          },\n          \"reviewingTeam\": {\n            \"code\": \"ABC123\",\n            \"description\": \"Some description\"\n          }\n        }\n      ],\n      \"reviewPeriodMonths\": 6,\n      \"riskColour\": \"Amber\",\n      \"startDate\": \"2021-01-30\",\n      \"type\": {\n        \"code\": \"ABC123\",\n        \"description\": \"Victim contact\"\n      },\n      \"warnUser\": true\n    },\n     {\n      \"active\": false,\n      \"deregisteringNotes\": \"string\",\n      \"deregisteringOfficer\": {\n        \"code\": \"AN001A\",\n        \"forenames\": \"Sheila Linda\",\n        \"surname\": \"Hancock\",\n        \"unallocated\": true\n      },\n      \"deregisteringProbationArea\": {\n        \"code\": \"ABC123\",\n        \"description\": \"Some description\"\n      },\n      \"deregisteringTeam\": {\n        \"code\": \"ABC123\",\n        \"description\": \"Some description\"\n      },\n      \"endDate\": \"2021-01-30\",\n      \"nextReviewDate\": \"2021-01-30\",\n      \"notes\": \"string\",\n      \"numberOfPreviousDeregistrations\": 0,\n      \"offenderId\": 2500343964,\n      \"register\": {\n        \"code\": \"ABC123\",\n        \"description\": \"Some description\"\n      },\n      \"registerCategory\": {\n        \"code\": \"ABC123\",\n        \"description\": \"Some description\"\n      },\n      \"registerLevel\": {\n        \"code\": \"ABC123\",\n        \"description\": \"Some description\"\n      },\n      \"registeringOfficer\": {\n        \"code\": \"AN001A\",\n        \"forenames\": \"Sheila Linda\",\n        \"surname\": \"Hancock\",\n        \"unallocated\": true\n      },\n      \"registeringProbationArea\": {\n        \"code\": \"ABC123\",\n        \"description\": \"Some description\"\n      },\n      \"registeringTeam\": {\n        \"code\": \"ABC123\",\n        \"description\": \"Some description\"\n      },\n      \"registrationId\": 2500064995,\n      \"registrationReviews\": [\n        {\n          \"completed\": true,\n          \"notes\": \"string\",\n          \"reviewDate\": \"2022-05-09\",\n          \"reviewDateDue\": \"2022-05-09\",\n          \"reviewingOfficer\": {\n            \"code\": \"AN001A\",\n            \"forenames\": \"Sheila Linda\",\n            \"surname\": \"Hancock\",\n            \"unallocated\": true\n          },\n          \"reviewingTeam\": {\n            \"code\": \"ABC123\",\n            \"description\": \"Some description\"\n          }\n        }\n      ],\n      \"reviewPeriodMonths\": 6,\n      \"riskColour\": \"Amber\",\n      \"startDate\": \"2021-01-30\",\n      \"type\": {\n        \"code\": \"ABC124\",\n        \"description\": \"Mental health issues\"\n      },\n      \"warnUser\": true\n    }\n  ]\n}"
    },
    "id" : "26ff631c-4e41-4bc2-b8ef-14bc47e6eac8",
    "priority" : 0,
    "timeToLive" : {
      "unlimited" : true
    },
    "times" : {
      "remainingTimes" : 1
    }
  }

 with id:

  26ff631c-4e41-4bc2-b8ef-14bc47e6eac8
 |  
2022-05-12 14:56:04.246  INFO 5981 --- [erver-EventLog9] org.mockserver.log.MockServerEventLog    : 9090 received request:

  {
    "method" : "POST",
    "path" : "/auth/oauth/token",
    "headers" : {
      "content-length" : [ "29" ],
      "User-Agent" : [ "Java/17.0.2" ],
      "Host" : [ "localhost:9090" ],
      "Content-Type" : [ "application/x-www-form-urlencoded;charset=UTF-8" ],
      "Connection" : [ "keep-alive" ],
      "Authorization" : [ "Basic bWFrZS1yZWNhbGwtZGVjaXNpb24tYXBpOmNsaWVudHNlY3JldA==" ],
      "Accept" : [ "application/json;charset=UTF-8" ]
    },
    "keepAlive" : true,
    "secure" : false,
    "body" : "grant_type=client_credentials"
  }
 |  
2022-05-12 14:56:04.249  INFO 5981 --- [erver-EventLog9] org.mockserver.log.MockServerEventLog    : 9090 request:

  {
    "method" : "POST",
    "path" : "/auth/oauth/token",
    "headers" : {
      "content-length" : [ "29" ],
      "User-Agent" : [ "Java/17.0.2" ],
      "Host" : [ "localhost:9090" ],
      "Content-Type" : [ "application/x-www-form-urlencoded;charset=UTF-8" ],
      "Connection" : [ "keep-alive" ],
      "Authorization" : [ "Basic bWFrZS1yZWNhbGwtZGVjaXNpb24tYXBpOmNsaWVudHNlY3JldA==" ],
      "Accept" : [ "application/json;charset=UTF-8" ]
    },
    "keepAlive" : true,
    "secure" : false,
    "body" : "grant_type=client_credentials"
  }

 matched expectation:

  {
    "httpRequest" : {
      "path" : "/auth/oauth/token"
    },
    "httpResponse" : {
      "headers" : {
        "content-type" : [ "application/json" ]
      },
      "body" : "{\"access_token\":\"ABCDE\",\"token_type\":\"bearer\"}"
    },
    "id" : "15a32e86-4b27-460a-970d-992e2fc1db69",
    "priority" : 0,
    "timeToLive" : {
      "unlimited" : true
    },
    "times" : {
      "unlimited" : true
    }
  }
 |  
2022-05-12 14:56:04.257  INFO 5981 --- [erver-EventLog9] org.mockserver.log.MockServerEventLog    : 9090 returning response:

  {
    "headers" : {
      "content-type" : [ "application/json" ]
    },
    "body" : "{\"access_token\":\"ABCDE\",\"token_type\":\"bearer\"}"
  }

 for request:

  {
    "method" : "POST",
    "path" : "/auth/oauth/token",
    "headers" : {
      "content-length" : [ "29" ],
      "User-Agent" : [ "Java/17.0.2" ],
      "Host" : [ "localhost:9090" ],
      "Content-Type" : [ "application/x-www-form-urlencoded;charset=UTF-8" ],
      "Connection" : [ "keep-alive" ],
      "Authorization" : [ "Basic bWFrZS1yZWNhbGwtZGVjaXNpb24tYXBpOmNsaWVudHNlY3JldA==" ],
      "Accept" : [ "application/json;charset=UTF-8" ]
    },
    "keepAlive" : true,
    "secure" : false,
    "body" : "grant_type=client_credentials"
  }

 for action:

  {
    "headers" : {
      "content-type" : [ "application/json" ]
    },
    "body" : "{\"access_token\":\"ABCDE\",\"token_type\":\"bearer\"}"
  }

 from expectation:

  15a32e86-4b27-460a-970d-992e2fc1db69
 |  
2022-05-12 14:56:04.454  INFO 5981 --- [erver-EventLog0] org.mockserver.log.MockServerEventLog    : 8092 received request:

  {
    "method" : "GET",
    "path" : "/secure/offenders/crn/X123456/registrations",
    "headers" : {
      "user-agent" : [ "ReactorNetty/1.0.18" ],
      "host" : [ "localhost:8092" ],
      "content-length" : [ "0" ],
      "accept-encoding" : [ "gzip" ],
      "accept" : [ "*/*" ],
      "Authorization" : [ "Bearer ABCDE" ]
    },
    "keepAlive" : true,
    "secure" : false,
    "remoteAddress" : "127.0.0.1"
  }
 |  
2022-05-12 14:56:04.455  INFO 5981 --- [erver-EventLog0] org.mockserver.log.MockServerEventLog    : 8092 request:

  {
    "method" : "GET",
    "path" : "/secure/offenders/crn/X123456/registrations",
    "headers" : {
      "user-agent" : [ "ReactorNetty/1.0.18" ],
      "host" : [ "localhost:8092" ],
      "content-length" : [ "0" ],
      "accept-encoding" : [ "gzip" ],
      "accept" : [ "*/*" ],
      "Authorization" : [ "Bearer ABCDE" ]
    },
    "keepAlive" : true,
    "secure" : false,
    "remoteAddress" : "127.0.0.1"
  }

 didn't match expectation:

  {
    "httpRequest" : {
      "path" : "/ping"
    },
    "httpResponse" : {
      "headers" : {
        "content-type" : [ "application/json" ]
      },
      "body" : "{\"status\":\"OK\"}"
    },
    "id" : "eb4c1025-9f8b-4694-828c-dd7f2cbd4aee",
    "priority" : 0,
    "timeToLive" : {
      "unlimited" : true
    },
    "times" : {
      "unlimited" : true
    }
  }

 because:

  method matched
  path didn't match
 |  
2022-05-12 14:56:04.459  INFO 5981 --- [erver-EventLog0] org.mockserver.log.MockServerEventLog    : 8092 request:

  {
    "method" : "GET",
    "path" : "/secure/offenders/crn/X123456/registrations",
    "headers" : {
      "user-agent" : [ "ReactorNetty/1.0.18" ],
      "host" : [ "localhost:8092" ],
      "content-length" : [ "0" ],
      "accept-encoding" : [ "gzip" ],
      "accept" : [ "*/*" ],
      "Authorization" : [ "Bearer ABCDE" ]
    },
    "keepAlive" : true,
    "secure" : false,
    "remoteAddress" : "127.0.0.1"
  }

 matched expectation:

  {
    "httpRequest" : {
      "path" : "/secure/offenders/crn/X123456/registrations"
    },
    "httpResponse" : {
      "headers" : {
        "content-type" : [ "application/json" ]
      },
      "body" : "{\n  \"registrations\": [\n    {\n      \"active\": true,\n      \"deregisteringNotes\": \"string\",\n      \"deregisteringOfficer\": {\n        \"code\": \"AN001A\",\n        \"forenames\": \"Sheila Linda\",\n        \"surname\": \"Hancock\",\n        \"unallocated\": true\n      },\n      \"deregisteringProbationArea\": {\n        \"code\": \"ABC123\",\n        \"description\": \"Some description\"\n      },\n      \"deregisteringTeam\": {\n        \"code\": \"ABC123\",\n        \"description\": \"Some description\"\n      },\n      \"endDate\": \"2021-01-30\",\n      \"nextReviewDate\": \"2021-01-30\",\n      \"notes\": \"string\",\n      \"numberOfPreviousDeregistrations\": 0,\n      \"offenderId\": 2500343964,\n      \"register\": {\n        \"code\": \"ABC123\",\n        \"description\": \"Some description\"\n      },\n      \"registerCategory\": {\n        \"code\": \"ABC123\",\n        \"description\": \"Some description\"\n      },\n      \"registerLevel\": {\n        \"code\": \"ABC123\",\n        \"description\": \"Some description\"\n      },\n      \"registeringOfficer\": {\n        \"code\": \"AN001A\",\n        \"forenames\": \"Sheila Linda\",\n        \"surname\": \"Hancock\",\n        \"unallocated\": true\n      },\n      \"registeringProbationArea\": {\n        \"code\": \"ABC123\",\n        \"description\": \"Some description\"\n      },\n      \"registeringTeam\": {\n        \"code\": \"ABC123\",\n        \"description\": \"Some description\"\n      },\n      \"registrationId\": 2500064995,\n      \"registrationReviews\": [\n        {\n          \"completed\": true,\n          \"notes\": \"string\",\n          \"reviewDate\": \"2022-05-09\",\n          \"reviewDateDue\": \"2022-05-09\",\n          \"reviewingOfficer\": {\n            \"code\": \"AN001A\",\n            \"forenames\": \"Sheila Linda\",\n            \"surname\": \"Hancock\",\n            \"unallocated\": true\n          },\n          \"reviewingTeam\": {\n            \"code\": \"ABC123\",\n            \"description\": \"Some description\"\n          }\n        }\n      ],\n      \"reviewPeriodMonths\": 6,\n      \"riskColour\": \"Amber\",\n      \"startDate\": \"2021-01-30\",\n      \"type\": {\n        \"code\": \"ABC123\",\n        \"description\": \"Victim contact\"\n      },\n      \"warnUser\": true\n    },\n     {\n      \"active\": false,\n      \"deregisteringNotes\": \"string\",\n      \"deregisteringOfficer\": {\n        \"code\": \"AN001A\",\n        \"forenames\": \"Sheila Linda\",\n        \"surname\": \"Hancock\",\n        \"unallocated\": true\n      },\n      \"deregisteringProbationArea\": {\n        \"code\": \"ABC123\",\n        \"description\": \"Some description\"\n      },\n      \"deregisteringTeam\": {\n        \"code\": \"ABC123\",\n        \"description\": \"Some description\"\n      },\n      \"endDate\": \"2021-01-30\",\n      \"nextReviewDate\": \"2021-01-30\",\n      \"notes\": \"string\",\n      \"numberOfPreviousDeregistrations\": 0,\n      \"offenderId\": 2500343964,\n      \"register\": {\n        \"code\": \"ABC123\",\n        \"description\": \"Some description\"\n      },\n      \"registerCategory\": {\n        \"code\": \"ABC123\",\n        \"description\": \"Some description\"\n      },\n      \"registerLevel\": {\n        \"code\": \"ABC123\",\n        \"description\": \"Some description\"\n      },\n      \"registeringOfficer\": {\n        \"code\": \"AN001A\",\n        \"forenames\": \"Sheila Linda\",\n        \"surname\": \"Hancock\",\n        \"unallocated\": true\n      },\n      \"registeringProbationArea\": {\n        \"code\": \"ABC123\",\n        \"description\": \"Some description\"\n      },\n      \"registeringTeam\": {\n        \"code\": \"ABC123\",\n        \"description\": \"Some description\"\n      },\n      \"registrationId\": 2500064995,\n      \"registrationReviews\": [\n        {\n          \"completed\": true,\n          \"notes\": \"string\",\n          \"reviewDate\": \"2022-05-09\",\n          \"reviewDateDue\": \"2022-05-09\",\n          \"reviewingOfficer\": {\n            \"code\": \"AN001A\",\n            \"forenames\": \"Sheila Linda\",\n            \"surname\": \"Hancock\",\n            \"unallocated\": true\n          },\n          \"reviewingTeam\": {\n            \"code\": \"ABC123\",\n            \"description\": \"Some description\"\n          }\n        }\n      ],\n      \"reviewPeriodMonths\": 6,\n      \"riskColour\": \"Amber\",\n      \"startDate\": \"2021-01-30\",\n      \"type\": {\n        \"code\": \"ABC124\",\n        \"description\": \"Mental health issues\"\n      },\n      \"warnUser\": true\n    }\n  ]\n}"
    },
    "id" : "26ff631c-4e41-4bc2-b8ef-14bc47e6eac8",
    "priority" : 0,
    "timeToLive" : {
      "unlimited" : true
    },
    "times" : {
      "remainingTimes" : 1
    }
  }
 |  
2022-05-12 14:56:04.473  INFO 5981 --- [erver-EventLog0] org.mockserver.log.MockServerEventLog    : 8092 returning response:

  {
    "headers" : {
      "content-type" : [ "application/json" ]
    },
    "body" : "{\n  \"registrations\": [\n    {\n      \"active\": true,\n      \"deregisteringNotes\": \"string\",\n      \"deregisteringOfficer\": {\n        \"code\": \"AN001A\",\n        \"forenames\": \"Sheila Linda\",\n        \"surname\": \"Hancock\",\n        \"unallocated\": true\n      },\n      \"deregisteringProbationArea\": {\n        \"code\": \"ABC123\",\n        \"description\": \"Some description\"\n      },\n      \"deregisteringTeam\": {\n        \"code\": \"ABC123\",\n        \"description\": \"Some description\"\n      },\n      \"endDate\": \"2021-01-30\",\n      \"nextReviewDate\": \"2021-01-30\",\n      \"notes\": \"string\",\n      \"numberOfPreviousDeregistrations\": 0,\n      \"offenderId\": 2500343964,\n      \"register\": {\n        \"code\": \"ABC123\",\n        \"description\": \"Some description\"\n      },\n      \"registerCategory\": {\n        \"code\": \"ABC123\",\n        \"description\": \"Some description\"\n      },\n      \"registerLevel\": {\n        \"code\": \"ABC123\",\n        \"description\": \"Some description\"\n      },\n      \"registeringOfficer\": {\n        \"code\": \"AN001A\",\n        \"forenames\": \"Sheila Linda\",\n        \"surname\": \"Hancock\",\n        \"unallocated\": true\n      },\n      \"registeringProbationArea\": {\n        \"code\": \"ABC123\",\n        \"description\": \"Some description\"\n      },\n      \"registeringTeam\": {\n        \"code\": \"ABC123\",\n        \"description\": \"Some description\"\n      },\n      \"registrationId\": 2500064995,\n      \"registrationReviews\": [\n        {\n          \"completed\": true,\n          \"notes\": \"string\",\n          \"reviewDate\": \"2022-05-09\",\n          \"reviewDateDue\": \"2022-05-09\",\n          \"reviewingOfficer\": {\n            \"code\": \"AN001A\",\n            \"forenames\": \"Sheila Linda\",\n            \"surname\": \"Hancock\",\n            \"unallocated\": true\n          },\n          \"reviewingTeam\": {\n            \"code\": \"ABC123\",\n            \"description\": \"Some description\"\n          }\n        }\n      ],\n      \"reviewPeriodMonths\": 6,\n      \"riskColour\": \"Amber\",\n      \"startDate\": \"2021-01-30\",\n      \"type\": {\n        \"code\": \"ABC123\",\n        \"description\": \"Victim contact\"\n      },\n      \"warnUser\": true\n    },\n     {\n      \"active\": false,\n      \"deregisteringNotes\": \"string\",\n      \"deregisteringOfficer\": {\n        \"code\": \"AN001A\",\n        \"forenames\": \"Sheila Linda\",\n        \"surname\": \"Hancock\",\n        \"unallocated\": true\n      },\n      \"deregisteringProbationArea\": {\n        \"code\": \"ABC123\",\n        \"description\": \"Some description\"\n      },\n      \"deregisteringTeam\": {\n        \"code\": \"ABC123\",\n        \"description\": \"Some description\"\n      },\n      \"endDate\": \"2021-01-30\",\n      \"nextReviewDate\": \"2021-01-30\",\n      \"notes\": \"string\",\n      \"numberOfPreviousDeregistrations\": 0,\n      \"offenderId\": 2500343964,\n      \"register\": {\n        \"code\": \"ABC123\",\n        \"description\": \"Some description\"\n      },\n      \"registerCategory\": {\n        \"code\": \"ABC123\",\n        \"description\": \"Some description\"\n      },\n      \"registerLevel\": {\n        \"code\": \"ABC123\",\n        \"description\": \"Some description\"\n      },\n      \"registeringOfficer\": {\n        \"code\": \"AN001A\",\n        \"forenames\": \"Sheila Linda\",\n        \"surname\": \"Hancock\",\n        \"unallocated\": true\n      },\n      \"registeringProbationArea\": {\n        \"code\": \"ABC123\",\n        \"description\": \"Some description\"\n      },\n      \"registeringTeam\": {\n        \"code\": \"ABC123\",\n        \"description\": \"Some description\"\n      },\n      \"registrationId\": 2500064995,\n      \"registrationReviews\": [\n        {\n          \"completed\": true,\n          \"notes\": \"string\",\n          \"reviewDate\": \"2022-05-09\",\n          \"reviewDateDue\": \"2022-05-09\",\n          \"reviewingOfficer\": {\n            \"code\": \"AN001A\",\n            \"forenames\": \"Sheila Linda\",\n            \"surname\": \"Hancock\",\n            \"unallocated\": true\n          },\n          \"reviewingTeam\": {\n            \"code\": \"ABC123\",\n            \"description\": \"Some description\"\n          }\n        }\n      ],\n      \"reviewPeriodMonths\": 6,\n      \"riskColour\": \"Amber\",\n      \"startDate\": \"2021-01-30\",\n      \"type\": {\n        \"code\": \"ABC124\",\n        \"description\": \"Mental health issues\"\n      },\n      \"warnUser\": true\n    }\n  ]\n}"
  }

 for request:

  {
    "method" : "GET",
    "path" : "/secure/offenders/crn/X123456/registrations",
    "headers" : {
      "user-agent" : [ "ReactorNetty/1.0.18" ],
      "host" : [ "localhost:8092" ],
      "content-length" : [ "0" ],
      "accept-encoding" : [ "gzip" ],
      "accept" : [ "*/*" ],
      "Authorization" : [ "Bearer ABCDE" ]
    },
    "keepAlive" : true,
    "secure" : false,
    "remoteAddress" : "127.0.0.1"
  }

 for action:

  {
    "headers" : {
      "content-type" : [ "application/json" ]
    },
    "body" : "{\n  \"registrations\": [\n    {\n      \"active\": true,\n      \"deregisteringNotes\": \"string\",\n      \"deregisteringOfficer\": {\n        \"code\": \"AN001A\",\n        \"forenames\": \"Sheila Linda\",\n        \"surname\": \"Hancock\",\n        \"unallocated\": true\n      },\n      \"deregisteringProbationArea\": {\n        \"code\": \"ABC123\",\n        \"description\": \"Some description\"\n      },\n      \"deregisteringTeam\": {\n        \"code\": \"ABC123\",\n        \"description\": \"Some description\"\n      },\n      \"endDate\": \"2021-01-30\",\n      \"nextReviewDate\": \"2021-01-30\",\n      \"notes\": \"string\",\n      \"numberOfPreviousDeregistrations\": 0,\n      \"offenderId\": 2500343964,\n      \"register\": {\n        \"code\": \"ABC123\",\n        \"description\": \"Some description\"\n      },\n      \"registerCategory\": {\n        \"code\": \"ABC123\",\n        \"description\": \"Some description\"\n      },\n      \"registerLevel\": {\n        \"code\": \"ABC123\",\n        \"description\": \"Some description\"\n      },\n      \"registeringOfficer\": {\n        \"code\": \"AN001A\",\n        \"forenames\": \"Sheila Linda\",\n        \"surname\": \"Hancock\",\n        \"unallocated\": true\n      },\n      \"registeringProbationArea\": {\n        \"code\": \"ABC123\",\n        \"description\": \"Some description\"\n      },\n      \"registeringTeam\": {\n        \"code\": \"ABC123\",\n        \"description\": \"Some description\"\n      },\n      \"registrationId\": 2500064995,\n      \"registrationReviews\": [\n        {\n          \"completed\": true,\n          \"notes\": \"string\",\n          \"reviewDate\": \"2022-05-09\",\n          \"reviewDateDue\": \"2022-05-09\",\n          \"reviewingOfficer\": {\n            \"code\": \"AN001A\",\n            \"forenames\": \"Sheila Linda\",\n            \"surname\": \"Hancock\",\n            \"unallocated\": true\n          },\n          \"reviewingTeam\": {\n            \"code\": \"ABC123\",\n            \"description\": \"Some description\"\n          }\n        }\n      ],\n      \"reviewPeriodMonths\": 6,\n      \"riskColour\": \"Amber\",\n      \"startDate\": \"2021-01-30\",\n      \"type\": {\n        \"code\": \"ABC123\",\n        \"description\": \"Victim contact\"\n      },\n      \"warnUser\": true\n    },\n     {\n      \"active\": false,\n      \"deregisteringNotes\": \"string\",\n      \"deregisteringOfficer\": {\n        \"code\": \"AN001A\",\n        \"forenames\": \"Sheila Linda\",\n        \"surname\": \"Hancock\",\n        \"unallocated\": true\n      },\n      \"deregisteringProbationArea\": {\n        \"code\": \"ABC123\",\n        \"description\": \"Some description\"\n      },\n      \"deregisteringTeam\": {\n        \"code\": \"ABC123\",\n        \"description\": \"Some description\"\n      },\n      \"endDate\": \"2021-01-30\",\n      \"nextReviewDate\": \"2021-01-30\",\n      \"notes\": \"string\",\n      \"numberOfPreviousDeregistrations\": 0,\n      \"offenderId\": 2500343964,\n      \"register\": {\n        \"code\": \"ABC123\",\n        \"description\": \"Some description\"\n      },\n      \"registerCategory\": {\n        \"code\": \"ABC123\",\n        \"description\": \"Some description\"\n      },\n      \"registerLevel\": {\n        \"code\": \"ABC123\",\n        \"description\": \"Some description\"\n      },\n      \"registeringOfficer\": {\n        \"code\": \"AN001A\",\n        \"forenames\": \"Sheila Linda\",\n        \"surname\": \"Hancock\",\n        \"unallocated\": true\n      },\n      \"registeringProbationArea\": {\n        \"code\": \"ABC123\",\n        \"description\": \"Some description\"\n      },\n      \"registeringTeam\": {\n        \"code\": \"ABC123\",\n        \"description\": \"Some description\"\n      },\n      \"registrationId\": 2500064995,\n      \"registrationReviews\": [\n        {\n          \"completed\": true,\n          \"notes\": \"string\",\n          \"reviewDate\": \"2022-05-09\",\n          \"reviewDateDue\": \"2022-05-09\",\n          \"reviewingOfficer\": {\n            \"code\": \"AN001A\",\n            \"forenames\": \"Sheila Linda\",\n            \"surname\": \"Hancock\",\n            \"unallocated\": true\n          },\n          \"reviewingTeam\": {\n            \"code\": \"ABC123\",\n            \"description\": \"Some description\"\n          }\n        }\n      ],\n      \"reviewPeriodMonths\": 6,\n      \"riskColour\": \"Amber\",\n      \"startDate\": \"2021-01-30\",\n      \"type\": {\n        \"code\": \"ABC124\",\n        \"description\": \"Mental health issues\"\n      },\n      \"warnUser\": true\n    }\n  ]\n}"
  }

 from expectation:

  26ff631c-4e41-4bc2-b8ef-14bc47e6eac8
 |  
2022-05-12 14:56:04.478  INFO 5981 --- [erver-EventLog0] org.mockserver.log.MockServerEventLog    : 8092 removed expectation:

  {
    "httpRequest" : {
      "path" : "/secure/offenders/crn/X123456/registrations"
    },
    "httpResponse" : {
      "headers" : {
        "content-type" : [ "application/json" ]
      },
      "body" : "{\n  \"registrations\": [\n    {\n      \"active\": true,\n      \"deregisteringNotes\": \"string\",\n      \"deregisteringOfficer\": {\n        \"code\": \"AN001A\",\n        \"forenames\": \"Sheila Linda\",\n        \"surname\": \"Hancock\",\n        \"unallocated\": true\n      },\n      \"deregisteringProbationArea\": {\n        \"code\": \"ABC123\",\n        \"description\": \"Some description\"\n      },\n      \"deregisteringTeam\": {\n        \"code\": \"ABC123\",\n        \"description\": \"Some description\"\n      },\n      \"endDate\": \"2021-01-30\",\n      \"nextReviewDate\": \"2021-01-30\",\n      \"notes\": \"string\",\n      \"numberOfPreviousDeregistrations\": 0,\n      \"offenderId\": 2500343964,\n      \"register\": {\n        \"code\": \"ABC123\",\n        \"description\": \"Some description\"\n      },\n      \"registerCategory\": {\n        \"code\": \"ABC123\",\n        \"description\": \"Some description\"\n      },\n      \"registerLevel\": {\n        \"code\": \"ABC123\",\n        \"description\": \"Some description\"\n      },\n      \"registeringOfficer\": {\n        \"code\": \"AN001A\",\n        \"forenames\": \"Sheila Linda\",\n        \"surname\": \"Hancock\",\n        \"unallocated\": true\n      },\n      \"registeringProbationArea\": {\n        \"code\": \"ABC123\",\n        \"description\": \"Some description\"\n      },\n      \"registeringTeam\": {\n        \"code\": \"ABC123\",\n        \"description\": \"Some description\"\n      },\n      \"registrationId\": 2500064995,\n      \"registrationReviews\": [\n        {\n          \"completed\": true,\n          \"notes\": \"string\",\n          \"reviewDate\": \"2022-05-09\",\n          \"reviewDateDue\": \"2022-05-09\",\n          \"reviewingOfficer\": {\n            \"code\": \"AN001A\",\n            \"forenames\": \"Sheila Linda\",\n            \"surname\": \"Hancock\",\n            \"unallocated\": true\n          },\n          \"reviewingTeam\": {\n            \"code\": \"ABC123\",\n            \"description\": \"Some description\"\n          }\n        }\n      ],\n      \"reviewPeriodMonths\": 6,\n      \"riskColour\": \"Amber\",\n      \"startDate\": \"2021-01-30\",\n      \"type\": {\n        \"code\": \"ABC123\",\n        \"description\": \"Victim contact\"\n      },\n      \"warnUser\": true\n    },\n     {\n      \"active\": false,\n      \"deregisteringNotes\": \"string\",\n      \"deregisteringOfficer\": {\n        \"code\": \"AN001A\",\n        \"forenames\": \"Sheila Linda\",\n        \"surname\": \"Hancock\",\n        \"unallocated\": true\n      },\n      \"deregisteringProbationArea\": {\n        \"code\": \"ABC123\",\n        \"description\": \"Some description\"\n      },\n      \"deregisteringTeam\": {\n        \"code\": \"ABC123\",\n        \"description\": \"Some description\"\n      },\n      \"endDate\": \"2021-01-30\",\n      \"nextReviewDate\": \"2021-01-30\",\n      \"notes\": \"string\",\n      \"numberOfPreviousDeregistrations\": 0,\n      \"offenderId\": 2500343964,\n      \"register\": {\n        \"code\": \"ABC123\",\n        \"description\": \"Some description\"\n      },\n      \"registerCategory\": {\n        \"code\": \"ABC123\",\n        \"description\": \"Some description\"\n      },\n      \"registerLevel\": {\n        \"code\": \"ABC123\",\n        \"description\": \"Some description\"\n      },\n      \"registeringOfficer\": {\n        \"code\": \"AN001A\",\n        \"forenames\": \"Sheila Linda\",\n        \"surname\": \"Hancock\",\n        \"unallocated\": true\n      },\n      \"registeringProbationArea\": {\n        \"code\": \"ABC123\",\n        \"description\": \"Some description\"\n      },\n      \"registeringTeam\": {\n        \"code\": \"ABC123\",\n        \"description\": \"Some description\"\n      },\n      \"registrationId\": 2500064995,\n      \"registrationReviews\": [\n        {\n          \"completed\": true,\n          \"notes\": \"string\",\n          \"reviewDate\": \"2022-05-09\",\n          \"reviewDateDue\": \"2022-05-09\",\n          \"reviewingOfficer\": {\n            \"code\": \"AN001A\",\n            \"forenames\": \"Sheila Linda\",\n            \"surname\": \"Hancock\",\n            \"unallocated\": true\n          },\n          \"reviewingTeam\": {\n            \"code\": \"ABC123\",\n            \"description\": \"Some description\"\n          }\n        }\n      ],\n      \"reviewPeriodMonths\": 6,\n      \"riskColour\": \"Amber\",\n      \"startDate\": \"2021-01-30\",\n      \"type\": {\n        \"code\": \"ABC124\",\n        \"description\": \"Mental health issues\"\n      },\n      \"warnUser\": true\n    }\n  ]\n}"
    },
    "id" : "26ff631c-4e41-4bc2-b8ef-14bc47e6eac8",
    "priority" : 0,
    "timeToLive" : {
      "unlimited" : true
    },
    "times" : {
      "remainingTimes" : 0
    }
  }

 with id:

  26ff631c-4e41-4bc2-b8ef-14bc47e6eac8
 |  
2022-05-12 14:56:04.576  INFO 5981 --- [erver-EventLog0] org.mockserver.log.MockServerEventLog    : 8092 removed expectation:

  {
    "httpRequest" : {
      "path" : "/ping"
    },
    "httpResponse" : {
      "headers" : {
        "content-type" : [ "application/json" ]
      },
      "body" : "{\"status\":\"OK\"}"
    },
    "id" : "eb4c1025-9f8b-4694-828c-dd7f2cbd4aee",
    "priority" : 0,
    "timeToLive" : {
      "unlimited" : true
    },
    "times" : {
      "unlimited" : true
    }
  }

 with id:

  eb4c1025-9f8b-4694-828c-dd7f2cbd4aee
 |  
2022-05-12 14:56:04.578  INFO 5981 --- [erver-EventLog0] org.mockserver.log.MockServerEventLog    : 8092 resetting all expectations and request logs |  
2022-05-12 14:56:04.589  INFO 5981 --- [erver-EventLog3] org.mockserver.log.MockServerEventLog    : 8093 removed expectation:

  {
    "httpRequest" : {
      "path" : "/health/ping"
    },
    "httpResponse" : {
      "headers" : {
        "content-type" : [ "application/json" ]
      },
      "body" : "{\"status\":\"OK\"}"
    },
    "id" : "e08f1338-b68c-40ef-b3b1-6697c96b4eb6",
    "priority" : 0,
    "timeToLive" : {
      "unlimited" : true
    },
    "times" : {
      "unlimited" : true
    }
  }

 with id:

  e08f1338-b68c-40ef-b3b1-6697c96b4eb6
 |  
2022-05-12 14:56:04.591  INFO 5981 --- [erver-EventLog3] org.mockserver.log.MockServerEventLog    : 8093 resetting all expectations and request logs |  
2022-05-12 14:56:04.600  INFO 5981 --- [erver-EventLog6] org.mockserver.log.MockServerEventLog    : 8094 removed expectation:

  {
    "httpRequest" : {
      "path" : "/health"
    },
    "httpResponse" : {
      "headers" : {
        "content-type" : [ "application/json" ]
      },
      "body" : "{\"status\":\"up\"}"
    },
    "id" : "dae57c90-785d-4da5-ad3a-5a30998e4b6b",
    "priority" : 0,
    "timeToLive" : {
      "unlimited" : true
    },
    "times" : {
      "unlimited" : true
    }
  }

 with id:

  dae57c90-785d-4da5-ad3a-5a30998e4b6b
 |  
2022-05-12 14:56:04.601  INFO 5981 --- [erver-EventLog6] org.mockserver.log.MockServerEventLog    : 8094 resetting all expectations and request logs |  
2022-05-12 14:56:04.614  INFO 5981 --- [erver-EventLog9] org.mockserver.log.MockServerEventLog    : 9090 creating expectation:

  {
    "httpRequest" : {
      "path" : "/auth/oauth/token"
    },
    "httpResponse" : {
      "headers" : {
        "content-type" : [ "application/json" ]
      },
      "body" : "{\"access_token\":\"ABCDE\",\"token_type\":\"bearer\"}"
    },
    "id" : "ff17317b-50ed-4cf6-bfcc-6eb72229d6e9",
    "priority" : 0,
    "timeToLive" : {
      "unlimited" : true
    },
    "times" : {
      "unlimited" : true
    }
  }

 with id:

  ff17317b-50ed-4cf6-bfcc-6eb72229d6e9
 |  
2022-05-12 14:56:04.632  INFO 5981 --- [erver-EventLog9] org.mockserver.log.MockServerEventLog    : 9090 creating expectation:

  {
    "httpRequest" : {
      "path" : "/auth/health/ping"
    },
    "httpResponse" : {
      "headers" : {
        "content-type" : [ "application/json" ]
      },
      "body" : "{\"status\":\"OK\"}"
    },
    "id" : "fc719ac9-70c6-4fab-98a3-5d32ff45c2b4",
    "priority" : 0,
    "timeToLive" : {
      "unlimited" : true
    },
    "times" : {
      "unlimited" : true
    }
  }

 with id:

  fc719ac9-70c6-4fab-98a3-5d32ff45c2b4
 |  
2022-05-12 14:56:04.658  INFO 5981 --- [erver-EventLog0] org.mockserver.log.MockServerEventLog    : 8092 creating expectation:

  {
    "httpRequest" : {
      "path" : "/ping"
    },
    "httpResponse" : {
      "headers" : {
        "content-type" : [ "application/json" ]
      },
      "body" : "{\"status\":\"OK\"}"
    },
    "id" : "14715931-82a3-4f85-a227-22f487904aef",
    "priority" : 0,
    "timeToLive" : {
      "unlimited" : true
    },
    "times" : {
      "unlimited" : true
    }
  }

 with id:

  14715931-82a3-4f85-a227-22f487904aef
 |  
2022-05-12 14:56:04.665  INFO 5981 --- [erver-EventLog3] org.mockserver.log.MockServerEventLog    : 8093 creating expectation:

  {
    "httpRequest" : {
      "path" : "/health/ping"
    },
    "httpResponse" : {
      "headers" : {
        "content-type" : [ "application/json" ]
      },
      "body" : "{\"status\":\"OK\"}"
    },
    "id" : "71d487c6-14b9-46b0-9ab7-e9205475d37c",
    "priority" : 0,
    "timeToLive" : {
      "unlimited" : true
    },
    "times" : {
      "unlimited" : true
    }
  }

 with id:

  71d487c6-14b9-46b0-9ab7-e9205475d37c
 |  
2022-05-12 14:56:04.676  INFO 5981 --- [erver-EventLog6] org.mockserver.log.MockServerEventLog    : 8094 creating expectation:

  {
    "httpRequest" : {
      "path" : "/health"
    },
    "httpResponse" : {
      "headers" : {
        "content-type" : [ "application/json" ]
      },
      "body" : "{\"status\":\"up\"}"
    },
    "id" : "9bc1ac07-1000-4457-a44a-0d044281856f",
    "priority" : 0,
    "timeToLive" : {
      "unlimited" : true
    },
    "times" : {
      "unlimited" : true
    }
  }

 with id:

  9bc1ac07-1000-4457-a44a-0d044281856f
 |  
2022-05-12 14:56:04.747  INFO 5981 --- [erver-EventLog0] org.mockserver.log.MockServerEventLog    : 8092 creating expectation:

  {
    "httpRequest" : {
      "path" : "/secure/offenders/crn/X123456/convictions"
    },
    "httpResponse" : {
      "headers" : {
        "content-type" : [ "application/json" ]
      },
      "body" : "[\n  {\n    \"active\": true,\n    \"awaitingPsr\": true,\n    \"breachEnd\": \"2021-05-13\",\n    \"convictionDate\": \"2021-06-10\",\n    \"convictionId\": 2500000001,\n    \"courtAppearance\": {\n      \"appearanceDate\": \"2019-09-04T00:00:00\",\n      \"appearanceType\": {\n        \"code\": \"ABC123\",\n        \"description\": \"Some description\"\n      },\n      \"courtAppearanceId\": 2500000001,\n      \"courtCode\": \"SHEFMC\",\n      \"courtName\": \"Sheffield Magistrates Court\",\n      \"crn\": \"X123456\"\n    },\n    \"custody\": {\n      \"bookingNumber\": \"V74111\",\n      \"institution\": {\n        \"code\": \"string\",\n        \"description\": \"string\",\n        \"establishmentType\": {\n          \"code\": \"ABC123\",\n          \"description\": \"Some description\"\n        },\n        \"institutionId\": 0,\n        \"institutionName\": \"string\",\n        \"isEstablishment\": true,\n        \"isPrivate\": true,\n        \"nomsPrisonInstitutionCode\": \"string\"\n      },\n      \"keyDates\": {\n        \"conditionalReleaseDate\": \"2020-06-23\",\n        \"expectedPrisonOffenderManagerHandoverDate\": \"2020-06-23\",\n        \"expectedPrisonOffenderManagerHandoverStartDate\": \"2020-06-23\",\n        \"expectedReleaseDate\": \"2020-06-23\",\n        \"hdcEligibilityDate\": \"2020-06-23\",\n        \"licenceExpiryDate\": \"2020-06-23\",\n        \"paroleEligibilityDate\": \"2020-06-23\",\n        \"postSentenceSupervisionEndDate\": \"2020-06-23\",\n        \"sentenceExpiryDate\": \"2020-06-23\"\n      },\n      \"sentenceStartDate\": \"2022-04-26\",\n      \"status\": {\n        \"code\": \"ABC123\",\n        \"description\": \"Some description\"\n      }\n    },\n    \"failureToComplyCount\": 3,\n    \"inBreach\": true,\n    \"index\": 1,\n    \"latestCourtAppearanceOutcome\": {\n      \"code\": \"ABC123\",\n      \"description\": \"Some description\"\n    },\n    \"offences\": [\n      {\n        \"createdDatetime\": \"2022-04-26T20:39:47.778Z\",\n        \"detail\": {\n          \"abbreviation\": \"string\",\n          \"cjitCode\": \"string\",\n          \"code\": \"string\",\n          \"description\": \"Robbery (other than armed robbery)\",\n          \"form20Code\": \"string\",\n          \"mainCategoryAbbreviation\": \"string\",\n          \"mainCategoryCode\": \"string\",\n          \"mainCategoryDescription\": \"string\",\n          \"ogrsOffenceCategory\": \"string\",\n          \"subCategoryAbbreviation\": \"string\",\n          \"subCategoryCode\": \"string\",\n          \"subCategoryDescription\": \"string\"\n        },\n        \"lastUpdatedDatetime\": \"2022-04-26T20:39:47.778Z\",\n        \"mainOffence\": true,\n        \"offenceCount\": 0,\n        \"offenceDate\": \"2022-04-26T20:39:47.778Z\",\n        \"offenceId\": \"string\",\n        \"offenderId\": 0,\n        \"tics\": 0,\n        \"verdict\": \"string\"\n      }\n    ],\n    \"orderManagers\": [\n      {\n        \"dateEndOfAllocation\": \"2022-04-26T20:39:47.778Z\",\n        \"dateStartOfAllocation\": \"2022-04-26T20:39:47.778Z\",\n        \"gradeCode\": \"string\",\n        \"name\": \"string\",\n        \"officerId\": 0,\n        \"probationAreaId\": 0,\n        \"staffCode\": \"STFFCDEU\",\n        \"teamId\": 0\n      }\n    ],\n    \"referralDate\": \"2021-06-10\",\n    \"responsibleCourt\": {\n      \"buildingName\": \"Sheffield Magistrates Court\",\n      \"code\": \"SHEFMC\",\n      \"country\": \"England\",\n      \"county\": \"South Yorkshire\",\n      \"courtId\": 2500000001,\n      \"courtName\": \"Sheffield Magistrates Court\",\n      \"courtType\": {\n        \"code\": \"ABC123\",\n        \"description\": \"Some description\"\n      },\n      \"courtTypeId\": 310,\n      \"createdDatetime\": \"2014-05-29T21:50:16\",\n      \"fax\": \"0114 2756 373\",\n      \"lastUpdatedDatetime\": \"2014-05-29T21:50:16\",\n      \"locality\": \"Sheffield City Centre\",\n      \"postcode\": \"S3 8LU\",\n      \"probationArea\": {\n        \"code\": \"ABC123\",\n        \"description\": \"Some description\"\n      },\n      \"probationAreaId\": 1500001001,\n      \"secureEmailAddress\": \"example@example.com\",\n      \"selectable\": true,\n      \"street\": \"Castle Street\",\n      \"telephoneNumber\": \"0300 047 0777\",\n      \"town\": \"Sheffield\"\n    },\n    \"sentence\": {\n      \"additionalSentences\": [\n        {\n          \"additionalSentenceId\": 2500000001,\n          \"amount\": 100,\n          \"length\": 14,\n          \"notes\": \"Some additional sentence notes\",\n          \"type\": {\n            \"code\": \"ABC123\",\n            \"description\": \"Some description\"\n          }\n        }\n      ],\n      \"cja2003Order\": true,\n      \"defaultLength\": 0,\n      \"description\": \"string\",\n      \"effectiveLength\": 0,\n      \"expectedSentenceEndDate\": \"2022-04-26\",\n      \"failureToComplyLimit\": 0,\n      \"legacyOrder\": true,\n      \"lengthInDays\": 0,\n      \"originalLength\": 0,\n      \"originalLengthUnits\": \"string\",\n      \"secondLength\": 0,\n      \"secondLengthUnits\": \"string\",\n      \"sentenceId\": 0,\n      \"sentenceType\": {\n        \"code\": \"ABC123\",\n        \"description\": \"Some description\"\n      },\n      \"startDate\": \"2022-04-26\",\n      \"terminationDate\": \"2022-04-26\",\n      \"terminationReason\": \"string\",\n      \"unpaidWork\": {\n        \"appointments\": {\n          \"acceptableAbsences\": 0,\n          \"attended\": 0,\n          \"noOutcomeRecorded\": 0,\n          \"total\": 0,\n          \"unacceptableAbsences\": 0\n        },\n        \"minutesCompleted\": 0,\n        \"minutesOrdered\": 0,\n        \"status\": \"string\"\n      }\n    }\n  },\n   {\n    \"active\": false,\n    \"awaitingPsr\": true,\n    \"breachEnd\": \"2019-05-13\",\n    \"convictionDate\": \"2020-06-10\",\n    \"convictionId\": 2500000002,\n    \"courtAppearance\": {\n      \"appearanceDate\": \"2017-09-04T00:00:00\",\n      \"appearanceType\": {\n        \"code\": \"ABC124\",\n        \"description\": \"Some description\"\n      },\n      \"courtAppearanceId\": 2500000009,\n      \"courtCode\": \"SHEFMC\",\n      \"courtName\": \"Sheffield Magistrates Court\",\n      \"crn\": \"X123456\"\n    },\n    \"custody\": {\n      \"bookingNumber\": \"V74113\",\n      \"institution\": {\n        \"code\": \"string\",\n        \"description\": \"string\",\n        \"establishmentType\": {\n          \"code\": \"ABC125\",\n          \"description\": \"Some description\"\n        },\n        \"institutionId\": 0,\n        \"institutionName\": \"string\",\n        \"isEstablishment\": true,\n        \"isPrivate\": true,\n        \"nomsPrisonInstitutionCode\": \"string\"\n      },\n      \"keyDates\": {\n        \"conditionalReleaseDate\": \"2019-06-23\",\n        \"expectedPrisonOffenderManagerHandoverDate\": \"2019-06-23\",\n        \"expectedPrisonOffenderManagerHandoverStartDate\": \"2019-06-23\",\n        \"expectedReleaseDate\": \"2019-06-23\",\n        \"hdcEligibilityDate\": \"2019-06-23\",\n        \"licenceExpiryDate\": \"2019-06-23\",\n        \"paroleEligibilityDate\": \"2019-06-23\",\n        \"postSentenceSupervisionEndDate\": \"2019-06-23\",\n        \"sentenceExpiryDate\": \"2019-06-23\"\n      },\n      \"sentenceStartDate\": \"2020-04-26\",\n      \"status\": {\n        \"code\": \"ABC124\",\n        \"description\": \"Some description\"\n      }\n    },\n    \"failureToComplyCount\": 99,\n    \"inBreach\": true,\n    \"index\": 1,\n    \"latestCourtAppearanceOutcome\": {\n      \"code\": \"ABC124\",\n      \"description\": \"Some description\"\n    },\n    \"offences\": [\n      {\n        \"createdDatetime\": \"2020-04-26T20:39:47.778Z\",\n        \"detail\": {\n          \"abbreviation\": \"string\",\n          \"cjitCode\": \"string\",\n          \"code\": \"string\",\n          \"description\": \"string\",\n          \"form20Code\": \"string\",\n          \"mainCategoryAbbreviation\": \"string\",\n          \"mainCategoryCode\": \"string\",\n          \"mainCategoryDescription\": \"string\",\n          \"ogrsOffenceCategory\": \"string\",\n          \"subCategoryAbbreviation\": \"string\",\n          \"subCategoryCode\": \"string\",\n          \"subCategoryDescription\": \"string\"\n        },\n        \"lastUpdatedDatetime\": \"2020-04-26T20:39:47.778Z\",\n        \"mainOffence\": true,\n        \"offenceCount\": 0,\n        \"offenceDate\": \"2020-04-26T20:39:47.778Z\",\n        \"offenceId\": \"string\",\n        \"offenderId\": 0,\n        \"tics\": 0,\n        \"verdict\": \"string\"\n      }\n    ],\n    \"orderManagers\": [\n      {\n        \"dateEndOfAllocation\": \"2020-04-26T20:39:47.778Z\",\n        \"dateStartOfAllocation\": \"2020-04-26T20:39:47.778Z\",\n        \"gradeCode\": \"string\",\n        \"name\": \"string\",\n        \"officerId\": 0,\n        \"probationAreaId\": 0,\n        \"staffCode\": \"STFFCDEU\",\n        \"teamId\": 0\n      }\n    ],\n    \"referralDate\": \"2019-06-10\",\n    \"responsibleCourt\": {\n      \"buildingName\": \"Sheffield Magistrates Court\",\n      \"code\": \"SHEFMC\",\n      \"country\": \"England\",\n      \"county\": \"South Yorkshire\",\n      \"courtId\": 2500000001,\n      \"courtName\": \"Sheffield Magistrates Court\",\n      \"courtType\": {\n        \"code\": \"ABC126\",\n        \"description\": \"Some description\"\n      },\n      \"courtTypeId\": 310,\n      \"createdDatetime\": \"2014-05-29T21:50:16\",\n      \"fax\": \"0114 2756 373\",\n      \"lastUpdatedDatetime\": \"2014-05-29T21:50:16\",\n      \"locality\": \"Sheffield City Centre\",\n      \"postcode\": \"S3 8LU\",\n      \"probationArea\": {\n        \"code\": \"ABC123\",\n        \"description\": \"Some description\"\n      },\n      \"probationAreaId\": 1500001001,\n      \"secureEmailAddress\": \"example@example.com\",\n      \"selectable\": true,\n      \"street\": \"Castle Street\",\n      \"telephoneNumber\": \"0300 047 0777\",\n      \"town\": \"Sheffield\"\n    },\n    \"sentence\": {\n      \"additionalSentences\": [\n        {\n          \"additionalSentenceId\": 2500000001,\n          \"amount\": 100,\n          \"length\": 14,\n          \"notes\": \"Some additional sentence notes\",\n          \"type\": {\n            \"code\": \"ABC123\",\n            \"description\": \"Some description\"\n          }\n        }\n      ],\n      \"cja2003Order\": true,\n      \"defaultLength\": 0,\n      \"description\": \"string\",\n      \"effectiveLength\": 0,\n      \"expectedSentenceEndDate\": \"2022-04-26\",\n      \"failureToComplyLimit\": 0,\n      \"legacyOrder\": true,\n      \"lengthInDays\": 0,\n      \"originalLength\": 0,\n      \"originalLengthUnits\": \"string\",\n      \"secondLength\": 0,\n      \"secondLengthUnits\": \"string\",\n      \"sentenceId\": 0,\n      \"sentenceType\": {\n        \"code\": \"ABC123\",\n        \"description\": \"Some description\"\n      },\n      \"startDate\": \"2022-04-26\",\n      \"terminationDate\": \"2022-04-26\",\n      \"terminationReason\": \"string\",\n      \"unpaidWork\": {\n        \"appointments\": {\n          \"acceptableAbsences\": 0,\n          \"attended\": 0,\n          \"noOutcomeRecorded\": 0,\n          \"total\": 0,\n          \"unacceptableAbsences\": 0\n        },\n        \"minutesCompleted\": 0,\n        \"minutesOrdered\": 0,\n        \"status\": \"string\"\n      }\n    }\n  }\n]"
    },
    "id" : "57481fb7-8b00-4081-a2b3-7cccf0204c49",
    "priority" : 0,
    "timeToLive" : {
      "unlimited" : true
    },
    "times" : {
      "remainingTimes" : 1
    }
  }

 with id:

  57481fb7-8b00-4081-a2b3-7cccf0204c49
 |  
2022-05-12 14:56:04.764  INFO 5981 --- [erver-EventLog9] org.mockserver.log.MockServerEventLog    : 9090 received request:

  {
    "method" : "POST",
    "path" : "/auth/oauth/token",
    "headers" : {
      "content-length" : [ "29" ],
      "User-Agent" : [ "Java/17.0.2" ],
      "Host" : [ "localhost:9090" ],
      "Content-Type" : [ "application/x-www-form-urlencoded;charset=UTF-8" ],
      "Connection" : [ "keep-alive" ],
      "Authorization" : [ "Basic bWFrZS1yZWNhbGwtZGVjaXNpb24tYXBpOmNsaWVudHNlY3JldA==" ],
      "Accept" : [ "application/json;charset=UTF-8" ]
    },
    "keepAlive" : true,
    "secure" : false,
    "body" : "grant_type=client_credentials"
  }
 |  
2022-05-12 14:56:04.765  INFO 5981 --- [erver-EventLog9] org.mockserver.log.MockServerEventLog    : 9090 request:

  {
    "method" : "POST",
    "path" : "/auth/oauth/token",
    "headers" : {
      "content-length" : [ "29" ],
      "User-Agent" : [ "Java/17.0.2" ],
      "Host" : [ "localhost:9090" ],
      "Content-Type" : [ "application/x-www-form-urlencoded;charset=UTF-8" ],
      "Connection" : [ "keep-alive" ],
      "Authorization" : [ "Basic bWFrZS1yZWNhbGwtZGVjaXNpb24tYXBpOmNsaWVudHNlY3JldA==" ],
      "Accept" : [ "application/json;charset=UTF-8" ]
    },
    "keepAlive" : true,
    "secure" : false,
    "body" : "grant_type=client_credentials"
  }

 matched expectation:

  {
    "httpRequest" : {
      "path" : "/auth/oauth/token"
    },
    "httpResponse" : {
      "headers" : {
        "content-type" : [ "application/json" ]
      },
      "body" : "{\"access_token\":\"ABCDE\",\"token_type\":\"bearer\"}"
    },
    "id" : "15a32e86-4b27-460a-970d-992e2fc1db69",
    "priority" : 0,
    "timeToLive" : {
      "unlimited" : true
    },
    "times" : {
      "unlimited" : true
    }
  }
 |  
2022-05-12 14:56:04.766  INFO 5981 --- [erver-EventLog9] org.mockserver.log.MockServerEventLog    : 9090 returning response:

  {
    "headers" : {
      "content-type" : [ "application/json" ]
    },
    "body" : "{\"access_token\":\"ABCDE\",\"token_type\":\"bearer\"}"
  }

 for request:

  {
    "method" : "POST",
    "path" : "/auth/oauth/token",
    "headers" : {
      "content-length" : [ "29" ],
      "User-Agent" : [ "Java/17.0.2" ],
      "Host" : [ "localhost:9090" ],
      "Content-Type" : [ "application/x-www-form-urlencoded;charset=UTF-8" ],
      "Connection" : [ "keep-alive" ],
      "Authorization" : [ "Basic bWFrZS1yZWNhbGwtZGVjaXNpb24tYXBpOmNsaWVudHNlY3JldA==" ],
      "Accept" : [ "application/json;charset=UTF-8" ]
    },
    "keepAlive" : true,
    "secure" : false,
    "body" : "grant_type=client_credentials"
  }

 for action:

  {
    "headers" : {
      "content-type" : [ "application/json" ]
    },
    "body" : "{\"access_token\":\"ABCDE\",\"token_type\":\"bearer\"}"
  }

 from expectation:

  15a32e86-4b27-460a-970d-992e2fc1db69
 |  
2022-05-12 14:56:04.771  INFO 5981 --- [erver-EventLog0] org.mockserver.log.MockServerEventLog    : 8092 received request:

  {
    "method" : "GET",
    "path" : "/secure/offenders/crn/X123456/convictions",
    "headers" : {
      "user-agent" : [ "ReactorNetty/1.0.18" ],
      "host" : [ "localhost:8092" ],
      "content-length" : [ "0" ],
      "accept-encoding" : [ "gzip" ],
      "accept" : [ "*/*" ],
      "Authorization" : [ "Bearer ABCDE" ]
    },
    "keepAlive" : true,
    "secure" : false,
    "remoteAddress" : "127.0.0.1"
  }
 |  
2022-05-12 14:56:04.773  INFO 5981 --- [erver-EventLog0] org.mockserver.log.MockServerEventLog    : 8092 request:

  {
    "method" : "GET",
    "path" : "/secure/offenders/crn/X123456/convictions",
    "headers" : {
      "user-agent" : [ "ReactorNetty/1.0.18" ],
      "host" : [ "localhost:8092" ],
      "content-length" : [ "0" ],
      "accept-encoding" : [ "gzip" ],
      "accept" : [ "*/*" ],
      "Authorization" : [ "Bearer ABCDE" ]
    },
    "keepAlive" : true,
    "secure" : false,
    "remoteAddress" : "127.0.0.1"
  }

 didn't match expectation:

  {
    "httpRequest" : {
      "path" : "/ping"
    },
    "httpResponse" : {
      "headers" : {
        "content-type" : [ "application/json" ]
      },
      "body" : "{\"status\":\"OK\"}"
    },
    "id" : "14715931-82a3-4f85-a227-22f487904aef",
    "priority" : 0,
    "timeToLive" : {
      "unlimited" : true
    },
    "times" : {
      "unlimited" : true
    }
  }

 because:

  method matched
  path didn't match
 |  
2022-05-12 14:56:04.775  INFO 5981 --- [erver-EventLog0] org.mockserver.log.MockServerEventLog    : 8092 request:

  {
    "method" : "GET",
    "path" : "/secure/offenders/crn/X123456/convictions",
    "headers" : {
      "user-agent" : [ "ReactorNetty/1.0.18" ],
      "host" : [ "localhost:8092" ],
      "content-length" : [ "0" ],
      "accept-encoding" : [ "gzip" ],
      "accept" : [ "*/*" ],
      "Authorization" : [ "Bearer ABCDE" ]
    },
    "keepAlive" : true,
    "secure" : false,
    "remoteAddress" : "127.0.0.1"
  }

 matched expectation:

  {
    "httpRequest" : {
      "path" : "/secure/offenders/crn/X123456/convictions"
    },
    "httpResponse" : {
      "headers" : {
        "content-type" : [ "application/json" ]
      },
      "body" : "[\n  {\n    \"active\": true,\n    \"awaitingPsr\": true,\n    \"breachEnd\": \"2021-05-13\",\n    \"convictionDate\": \"2021-06-10\",\n    \"convictionId\": 2500000001,\n    \"courtAppearance\": {\n      \"appearanceDate\": \"2019-09-04T00:00:00\",\n      \"appearanceType\": {\n        \"code\": \"ABC123\",\n        \"description\": \"Some description\"\n      },\n      \"courtAppearanceId\": 2500000001,\n      \"courtCode\": \"SHEFMC\",\n      \"courtName\": \"Sheffield Magistrates Court\",\n      \"crn\": \"X123456\"\n    },\n    \"custody\": {\n      \"bookingNumber\": \"V74111\",\n      \"institution\": {\n        \"code\": \"string\",\n        \"description\": \"string\",\n        \"establishmentType\": {\n          \"code\": \"ABC123\",\n          \"description\": \"Some description\"\n        },\n        \"institutionId\": 0,\n        \"institutionName\": \"string\",\n        \"isEstablishment\": true,\n        \"isPrivate\": true,\n        \"nomsPrisonInstitutionCode\": \"string\"\n      },\n      \"keyDates\": {\n        \"conditionalReleaseDate\": \"2020-06-23\",\n        \"expectedPrisonOffenderManagerHandoverDate\": \"2020-06-23\",\n        \"expectedPrisonOffenderManagerHandoverStartDate\": \"2020-06-23\",\n        \"expectedReleaseDate\": \"2020-06-23\",\n        \"hdcEligibilityDate\": \"2020-06-23\",\n        \"licenceExpiryDate\": \"2020-06-23\",\n        \"paroleEligibilityDate\": \"2020-06-23\",\n        \"postSentenceSupervisionEndDate\": \"2020-06-23\",\n        \"sentenceExpiryDate\": \"2020-06-23\"\n      },\n      \"sentenceStartDate\": \"2022-04-26\",\n      \"status\": {\n        \"code\": \"ABC123\",\n        \"description\": \"Some description\"\n      }\n    },\n    \"failureToComplyCount\": 3,\n    \"inBreach\": true,\n    \"index\": 1,\n    \"latestCourtAppearanceOutcome\": {\n      \"code\": \"ABC123\",\n      \"description\": \"Some description\"\n    },\n    \"offences\": [\n      {\n        \"createdDatetime\": \"2022-04-26T20:39:47.778Z\",\n        \"detail\": {\n          \"abbreviation\": \"string\",\n          \"cjitCode\": \"string\",\n          \"code\": \"string\",\n          \"description\": \"Robbery (other than armed robbery)\",\n          \"form20Code\": \"string\",\n          \"mainCategoryAbbreviation\": \"string\",\n          \"mainCategoryCode\": \"string\",\n          \"mainCategoryDescription\": \"string\",\n          \"ogrsOffenceCategory\": \"string\",\n          \"subCategoryAbbreviation\": \"string\",\n          \"subCategoryCode\": \"string\",\n          \"subCategoryDescription\": \"string\"\n        },\n        \"lastUpdatedDatetime\": \"2022-04-26T20:39:47.778Z\",\n        \"mainOffence\": true,\n        \"offenceCount\": 0,\n        \"offenceDate\": \"2022-04-26T20:39:47.778Z\",\n        \"offenceId\": \"string\",\n        \"offenderId\": 0,\n        \"tics\": 0,\n  
[...]
\"code\": \"ABC123\",\n              \"description\": \"Some description\"\n            },\n            \"code\": \"string\",\n            \"description\": \"string\",\n            \"district\": {\n              \"code\": \"ABC123\",\n              \"description\": \"Some description\"\n            },\n            \"externalProvider\": {\n              \"code\": \"ABC123\",\n              \"description\": \"Some description\"\n            },\n            \"isPrivate\": true,\n            \"localDeliveryUnit\": {\n              \"code\": \"ABC123\",\n              \"description\": \"Some description\"\n            },\n            \"name\": \"string\",\n            \"providerTeamId\": 0,\n            \"scProvider\": {\n              \"code\": \"ABC123\",\n              \"description\": \"Some description\"\n            },\n            \"teamId\": 0\n          }\n        ]\n      },\n      \"providerEmployee\": {\n        \"forenames\": \"Sheila Linda\",\n        \"surname\": \"Hancock\"\n      },\n      \"softDeleted\": true,\n      \"staff\": {\n        \"code\": \"AN001A\",\n        \"forenames\": \"Sheila Linda\",\n        \"surname\": \"Hancock\",\n        \"unallocated\": true\n      },\n      \"team\": {\n        \"borough\": {\n          \"code\": \"ABC123\",\n          \"description\": \"Some description\"\n        },\n        \"code\": \"C01T04\",\n        \"description\": \"OMU A\",\n        \"district\": {\n          \"code\": \"ABC123\",\n          \"description\": \"Some description\"\n        },\n        \"emailAddress\": \"first.last@digital.justice.gov.uk\",\n        \"endDate\": \"2022-04-26\",\n        \"localDeliveryUnit\": {\n          \"code\": \"ABC123\",\n          \"description\": \"Some description\"\n        },\n        \"startDate\": \"2022-04-26\",\n        \"teamType\": {\n          \"code\": \"ABC123\",\n          \"description\": \"Some description\"\n        },\n        \"telephone\": \"09056714321\"\n      },\n      \"toDate\": \"2022-04-26\",\n      \"trustOfficer\": {\n        \"forenames\": \"Sheila Linda\",\n        \"surname\": \"Hancock\"\n      }\n    },\n    {\n      \"active\": false,\n      \"allocationReason\": {\n        \"code\": \"ABC123\",\n        \"description\": \"Some description\"\n      },\n      \"fromDate\": \"2022-04-26\",\n      \"partitionArea\": \"string\",\n      \"probationArea\": {\n        \"code\": \"N01\",\n        \"description\": \"NPS North West\",\n        \"institution\": {\n          \"code\": \"string\",\n          \"description\": \"string\",\n          \"establishmentType\": {\n            \"code\": \"ABC123\",\n            \"description\": \"Some description\"\n          },\n          \"institutionId\": 0,\n          \"institutionName\": \"string\",\n          \"isEstablishment\": true,\n          \"isPrivate\": true,\n          \"nomsPrisonInstitutionCode\": \"string\"\n        },\n        \"nps\": true,\n        \"organisation\": {\n          \"code\": \"ABC123\",\n          \"description\": \"Some description\"\n        },\n        \"probationAreaId\": 0,\n        \"teams\": [\n          {\n            \"borough\": {\n              \"code\": \"ABC123\",\n              \"description\": \"Some description\"\n            },\n            \"code\": \"string\",\n            \"description\": \"string\",\n            \"district\": {\n              \"code\": \"ABC123\",\n              \"description\": \"Some description\"\n            },\n            \"externalProvider\": {\n              \"code\": \"ABC123\",\n              \"description\": \"Some description\"\n            },\n            \"isPrivate\": true,\n            \"localDeliveryUnit\": {\n              \"code\": \"ABC123\",\n              \"description\": \"Some description\"\n            },\n            \"name\": \"string\",\n            \"providerTeamId\": 0,\n            \"scProvider\": {\n              \"code\": \"ABC123\",\n              \"description\": \"Some description\"\n            },\n            \"teamId\": 0\n          }\n        ]\n      },\n      \"providerEmployee\": {\n        \"forenames\": \"Sheila Linda\",\n        \"surname\": \"Hancock\"\n      },\n      \"softDeleted\": true,\n      \"staff\": {\n        \"code\": \"AN001A\",\n        \"forenames\": \"Sheila Linda\",\n        \"surname\": \"Hancock\",\n        \"unallocated\": true\n      },\n      \"team\": {\n        \"borough\": {\n          \"code\": \"ABC123\",\n          \"description\": \"Some description\"\n        },\n        \"code\": \"C01T04\",\n        \"description\": \"OMU A\",\n        \"district\": {\n          \"code\": \"ABC123\",\n          \"description\": \"Some description\"\n        },\n        \"emailAddress\": \"dua.lipa@digital.justice.gov.uk\",\n        \"endDate\": \"2022-04-26\",\n        \"localDeliveryUnit\": {\n          \"code\": \"ABC123\",\n          \"description\": \"Some description\"\n        },\n        \"startDate\": \"2022-04-26\",\n        \"teamType\": {\n          \"code\": \"ABC123\",\n          \"description\": \"Some description\"\n        },\n        \"telephone\": \"123\"\n      },\n      \"toDate\": \"2022-04-26\",\n      \"trustOfficer\": {\n        \"forenames\": \"Dua\",\n        \"surname\": \"Lipa\"\n      }\n    }\n  ],\n  \"offenderProfile\": {\n    \"disabilities\": [\n      {\n        \"disabilityId\": 0,\n        \"disabilityType\": {\n          \"code\": \"ABC123\",\n          \"description\": \"Some description\"\n        },\n        \"endDate\": \"2022-04-26\",\n        \"isActive\": true,\n        \"lastUpdatedDateTime\": \"2020-09-20T11:00:00+01:00\",\n        \"notes\": \"string\",\n        \"provisions\": [\n          {\n            \"finishDate\": \"2022-04-26\",\n            \"notes\": \"string\",\n            \"provisionId\": 0,\n            \"provisionType\": {\n              \"code\": \"ABC123\",\n              \"description\": \"Some description\"\n            },\n            \"startDate\": \"2022-04-26\"\n          }\n        ],\n        \"startDate\": \"2022-04-26\"\n      }\n    ],\n    \"ethnicity\": \"string\",\n    \"genderIdentity\": \"Prefer to self-describe\",\n    \"immigrationStatus\": \"string\",\n    \"nationality\": \"string\",\n    \"notes\": \"string\",\n    \"offenderDetails\": \"string\",\n    \"offenderLanguages\": {\n      \"languageConcerns\": \"string\",\n      \"otherLanguages\": [\n        \"string\"\n      ],\n      \"primaryLanguage\": \"string\",\n      \"requiresInterpreter\": true\n    },\n    \"previousConviction\": {\n      \"convictionDate\": \"2022-04-26\",\n      \"detail\": {\n        \"additionalProp1\": \"string\",\n        \"additionalProp2\": \"string\",\n        \"additionalProp3\": \"string\"\n      }\n    },\n    \"religion\": \"string\",\n    \"remandStatus\": \"string\",\n    \"riskColour\": \"string\",\n    \"secondaryNationality\": \"string\",\n    \"selfDescribedGender\": \"Jedi\",\n    \"sexualOrientation\": \"string\"\n  },\n  \"otherIds\": {\n    \"crn\": \"12345C\",\n    \"croNumber\": \"123456/04A\",\n    \"immigrationNumber\": \"A1234567\",\n    \"mostRecentPrisonerNumber\": \"G12345\",\n    \"niNumber\": \"AA112233B\",\n    \"nomsNumber\": \"A1234CR\",\n    \"pncNumber\": \"2004/0712343H\"\n  },\n  \"partitionArea\": \"National Data\",\n  \"preferredName\": \"Bob\",\n  \"previousSurname\": \"Davis\",\n  \"restrictionMessage\": \"string\",\n  \"softDeleted\": true,\n  \"surname\": \"Smith\",\n  \"title\": \"Mr\"\n}"
  }

 from expectation:

  b1ef87cc-5e5a-4e24-b944-67f19e939c1e
 |  
2022-05-12 14:56:05.068  INFO 5981 --- [erver-EventLog0] org.mockserver.log.MockServerEventLog    : 8092 removed expectation:

  {
    "httpRequest" : {
      "path" : "/secure/offenders/crn/X123456/all"
    },
    "httpResponse" : {
      "headers" : {
        "content-type" : [ "application/json" ]
      },
      "body" : "{\n  \"activeProbationManagedSentence\": true,\n  \"contactDetails\": {\n    \"addresses\": [\n      {\n        \"addressNumber\": 32,\n        \"buildingName\": \"HMPPS Digital Studio\",\n        \"county\": \"South Yorkshire\",\n        \"createdDatetime\": \"2021-06-11T13:00:00\",\n        \"district\": \"Sheffield City Centre\",\n        \"from\": \"2021-06-10\",\n        \"lastUpdatedDatetime\": \"2021-06-11T14:00:00\",\n        \"latestAssessmentDate\": \"2021-06-11T12:00:00\",\n        \"noFixedAbode\": true,\n        \"notes\": \"Some address notes\",\n        \"postcode\": \"S3 7BS\",\n        \"status\": {\n          \"code\": \"ABC123\",\n          \"description\": \"Main\"\n        },\n        \"streetName\": \"Scotland Street\",\n        \"telephoneNumber\": \"0123456789\",\n        \"to\": \"2021-07-10\",\n        \"town\": \"Sheffield\",\n        \"type\": {\n          \"code\": \"ABC123\",\n          \"description\": \"Some description\"\n        },\n        \"typeVerified\": true\n      },\n      {\n        \"addressNumber\": 33,\n        \"buildingName\": \"HMPPS Digital Studio\",\n        \"county\": \"South Yorkshire\",\n        \"createdDatetime\": \"2021-06-11T13:00:00\",\n        \"district\": \"Sheffield City Centre\",\n        \"from\": \"2020-06-10\",\n        \"lastUpdatedDatetime\": \"2021-06-11T14:00:00\",\n        \"latestAssessmentDate\": \"2021-06-11T12:00:00\",\n        \"noFixedAbode\": true,\n        \"notes\": \"Some address notes\",\n        \"postcode\": \"S3 7BS\",\n        \"status\": {\n          \"code\": \"ABC123\",\n          \"description\": \"Not Main\"\n        },\n        \"streetName\": \"Scotland Street\",\n        \"telephoneNumber\": \"0123456789\",\n        \"to\": \"2020-07-10\",\n        \"town\": \"Sheffield\",\n        \"type\": {\n          \"code\": \"ABC123\",\n          \"description\": \"Some description\"\n        },\n        \"typeVerified\": true\n      }\n    ],\n    \"allowSMS\": true,\n    \"emailAddresses\": [\n      \"string\"\n    ],\n    \"phoneNumbers\": [\n      {\n        \"number\": \"string\",\n        \"type\": \"MOBILE\"\n      }\n    ]\n  },\n  \"currentDisposal\": 1,\n  \"currentExclusion\": true,\n  \"currentRestriction\": true,\n  \"currentTier\": \"D2\",\n  \"dateOfBirth\": \"1982-10-24\",\n  \"exclusionMessage\": \"string\",\n  \"firstName\": \"John\",\n  \"gender\": \"Male\",\n  \"middleNames\": [\n    \"string\"\n  ],\n  \"offenderAliases\": [\n    {\n      \"dateOfBirth\": \"2022-04-26\",\n      \"firstName\": \"string\",\n      \"gender\": \"string\",\n      \"id\": \"string\",\n      \"middleNames\": [\n        \"string\"\n      ],\n      \"surname\": \"string\"\n    }\n  ],\n  \"offenderId\": 0,\n  \"offenderManagers\": [\n    {\n      \"active\": true,\n      \"allocationReason\": {\n        \"code\": \"ABC123\",\n        \"description\": \"Some description\"\n      },\n      \"fromDate\": \"2022-04-26\",\n      \"partitionArea\": \"string\",\n      \"probationArea\": {\n        \"code\": \"N01\",\n        \"description\": \"NPS North West\",\n        \"institution\": {\n          \"code\": \"string\",\n          \"description\": \"string\",\n          \"establishmentType\": {\n            \"code\": \"ABC123\",\n            \"description\": \"Some description\"\n          },\n          \"institutionId\": 0,\n          \"institutionName\": \"string\",\n          \"isEstablishment\": true,\n          \"isPrivate\": true,\n          \"nomsPrisonInstitutionCode\": \"string\"\n        },\n        \"nps\": true,\n        \"organisation\": {\n          \"code\": \"ABC123\",\n          \"description\": \"Some description\"\n        },\n        \"probationAreaId\": 0,\n        \"teams\": [\n          {\n            \"borough\": {\n              \"code\": \"ABC123\",\n              \"description\": \"Some description\"\n            },\n            \"code\": \"string\",\n            \"description\": \"string\",\n            \"district\": {\n              \"code\": \"ABC123\",\n              \"description\": \"Some description\"\n            },\n            \"externalProvider\": {\n              \"code\": \"ABC123\",\n              \"description\": \"Some description\"\n            },\n            \"isPrivate\": true,\n            \"localDeliveryUnit\": {\n              \"code\": \"ABC123\",\n              \"description\": \"Some description\"\n            },\n            \"name\": \"string\",\n            \"providerTeamId\": 0,\n            \"scProvider\": {\n              \"code\": \"ABC123\",\n              \"description\": \"Some description\"\n            },\n            \"teamId\": 0\n          }\n        ]\n      },\n      \"providerEmployee\": {\n        \"forenames\": \"Sheila Linda\",\n        \"surname\": \"Hancock\"\n      },\n      \"softDeleted\": true,\n      \"staff\": {\n        \"code\": \"AN001A\",\n        \"forenames\": \"Sheila Linda\",\n        \"surname\": \"Hancock\",\n        \"unallocated\": true\n      },\n      \"team\": {\n        \"borough\": {\n          \"code\": \"ABC123\",\n          \"description\": \"Some description\"\n        },\n        \"code\": \"C01T04\",\n        \"description\": \"OMU A\",\n        \"district\": {\n          \"code\": \"ABC123\",\n          \"description\": \"Some description\"\n        },\n        \"emailAddress\": \"first.last@digital.justice.gov.uk\",\n        \"endDate\": \"2022-04-26\",\n        \"localDeliveryUnit\": {\n          \"code\": \"ABC123\",\n          \"description\": \"Some description\"\n        },\n        \"startDate\": \"2022-04-26\",\n        \"teamType\": {\n          \"code\": \"ABC123\",\n          \"description\": \"Some description\"\n        },\n        \"telephone\": \"09056714321\"\n      },\n      \"toDate\": \"2022-04-26\",\n      \"trustOfficer\": {\n        \"forenames\": \"Sheila Linda\",\n        \"surname\": \"Hancock\"\n      }\n    },\n    {\n      \"active\": false,\n      \"allocationReason\": {\n        \"code\": \"ABC123\",\n        \"description\": \"Some description\"\n      },\n      \"fromDate\": \"2022-04-26\",\n      \"partitionArea\": \"string\",\n      \"probationArea\": {\n        \"code\": \"N01\",\n        \"description\": \"NPS North West\",\n        \"institution\": {\n          \"code\": \"string\",\n          \"description\": \"string\",\n          \"establishmentType\": {\n            \"code\": \"ABC123\",\n            \"description\": \"Some description\"\n          },\n          \"institutionId\": 0,\n          \"institutionName\": \"string\",\n          \"isEstablishment\": true,\n          \"isPrivate\": true,\n          \"nomsPrisonInstitutionCode\": \"string\"\n        },\n        \"nps\": true,\n        \"organisation\": {\n          \"code\": \"ABC123\",\n          \"description\": \"Some description\"\n        },\n        \"probationAreaId\": 0,\n        \"teams\": [\n          {\n            \"borough\": {\n              \"code\": \"ABC123\",\n              \"description\": \"Some description\"\n            },\n            \"code\": \"string\",\n            \"description\": \"string\",\n            \"district\": {\n              \"code\": \"ABC123\",\n              \"description\": \"Some description\"\n            },\n            \"externalProvider\": {\n              \"code\": \"ABC123\",\n              \"description\": \"Some description\"\n            },\n            \"isPrivate\": true,\n            \"localDeliveryUnit\": {\n              \"code\": \"ABC123\",\n              \"description\": \"Some description\"\n            },\n            \"name\": \"string\",\n            \"providerTeamId\": 0,\n            \"scProvider\": {\n              \"code\": \"ABC123\",\n              \"description\": \"Some description\"\n            },\n            \"teamId\": 0\n          }\n        ]\n      },\n      \"providerEmployee\": {\n        \"forenames\": \"Sheila Linda\",\n        \"surname\": \"Hancock\"\n      },\n      \"softDeleted\": true,\n      \"staff\": {\n        \"code\": \"AN001A\",\n        \"forenames\": \"Sheila Linda\",\n        \"surname\": \"Hancock\",\n        \"unallocated\": true\n      },\n      \"team\": {\n        \"borough\": {\n          \"code\": \"ABC123\",\n          \"description\": \"Some description\"\n        },\n        \"code\": \"C01T04\",\n        \"description\": \"OMU A\",\n        \"district\": {\n          \"code\": \"ABC123\",\n          \"description\": \"Some description\"\n        },\n        \"emailAddress\": \"dua.lipa@digital.justice.gov.uk\",\n        \"endDate\": \"2022-04-26\",\n        \"localDeliveryUnit\": {\n          \"code\": \"ABC123\",\n          \"description\": \"Some description\"\n        },\n        \"startDate\": \"2022-04-26\",\n        \"teamType\": {\n          \"code\": \"ABC123\",\n          \"description\": \"Some description\"\n        },\n        \"telephone\": \"123\"\n      },\n      \"toDate\": \"2022-04-26\",\n      \"trustOfficer\": {\n        \"forenames\": \"Dua\",\n        \"surname\": \"Lipa\"\n      }\n    }\n  ],\n  \"offenderProfile\": {\n    \"disabilities\": [\n      {\n        \"disabilityId\": 0,\n        \"disabilityType\": {\n          \"code\": \"ABC123\",\n          \"description\": \"Some description\"\n        },\n        \"endDate\": \"2022-04-26\",\n        \"isActive\": true,\n        \"lastUpdatedDateTime\": \"2020-09-20T11:00:00+01:00\",\n        \"notes\": \"string\",\n        \"provisions\": [\n          {\n            \"finishDate\": \"2022-04-26\",\n            \"notes\": \"string\",\n            \"provisionId\": 0,\n            \"provisionType\": {\n              \"code\": \"ABC123\",\n              \"description\": \"Some description\"\n            },\n            \"startDate\": \"2022-04-26\"\n          }\n        ],\n        \"startDate\": \"2022-04-26\"\n      }\n    ],\n    \"ethnicity\": \"string\",\n    \"genderIdentity\": \"Prefer to self-describe\",\n    \"immigrationStatus\": \"string\",\n    \"nationality\": \"string\",\n    \"notes\": \"string\",\n    \"offenderDetails\": \"string\",\n    \"offenderLanguages\": {\n      \"languageConcerns\": \"string\",\n      \"otherLanguages\": [\n        \"string\"\n      ],\n      \"primaryLanguage\": \"string\",\n      \"requiresInterpreter\": true\n    },\n    \"previousConviction\": {\n      \"convictionDate\": \"2022-04-26\",\n      \"detail\": {\n        \"additionalProp1\": \"string\",\n        \"additionalProp2\": \"string\",\n        \"additionalProp3\": \"string\"\n      }\n    },\n    \"religion\": \"string\",\n    \"remandStatus\": \"string\",\n    \"riskColour\": \"string\",\n    \"secondaryNationality\": \"string\",\n    \"selfDescribedGender\": \"Jedi\",\n    \"sexualOrientation\": \"string\"\n  },\n  \"otherIds\": {\n    \"crn\": \"12345C\",\n    \"croNumber\": \"123456/04A\",\n    \"immigrationNumber\": \"A1234567\",\n    \"mostRecentPrisonerNumber\": \"G12345\",\n    \"niNumber\": \"AA112233B\",\n    \"nomsNumber\": \"A1234CR\",\n    \"pncNumber\": \"2004/0712343H\"\n  },\n  \"partitionArea\": \"National Data\",\n  \"preferredName\": \"Bob\",\n  \"previousSurname\": \"Davis\",\n  \"restrictionMessage\": \"string\",\n  \"softDeleted\": true,\n  \"surname\": \"Smith\",\n  \"title\": \"Mr\"\n}"
    },
    "id" : "b1ef87cc-5e5a-4e24-b944-67f19e939c1e",
    "priority" : 0,
    "timeToLive" : {
      "unlimited" : true
    },
    "times" : {
      "remainingTimes" : 0
    }
  }

 with id:

  b1ef87cc-5e5a-4e24-b944-67f19e939c1e
 |  
2022-05-12 14:56:05.137  INFO 5981 --- [erver-EventLog0] org.mockserver.log.MockServerEventLog    : 9090 stopped for port: 8092 |  
2022-05-12 14:56:05.267  INFO 5981 --- [erver-EventLog3] org.mockserver.log.MockServerEventLog    : 9090 stopped for port: 8093 |  
2022-05-12 14:56:05.382  INFO 5981 --- [erver-EventLog6] org.mockserver.log.MockServerEventLog    : 9090 stopped for port: 8094 |  
2022-05-12 14:56:05.494  INFO 5981 --- [erver-EventLog9] org.mockserver.log.MockServerEventLog    : 9090 stopped for port: 9090 |  
]]></system-out>
  <system-err><![CDATA[]]></system-err>
</testsuite>
